In file included from Token.cpp:5:
Token.hpp:8: error: unterminated #ifndef
    8 | #ifndef TOKEN_HPP
      | 
In file included from Parser.hpp:9,
                 from Token.cpp:6:
Token.hpp:8: error: unterminated #ifndef
    8 | #ifndef TOKEN_HPP
      | 
In file included from /usr/include/c++/11/vector:67,
                 from Component.hpp:10,
                 from Parser.hpp:10,
                 from Token.cpp:6:
/usr/include/c++/11/bits/stl_vector.h: In constructor ‘TokenType::std::_Vector_base<_Tp, _Alloc>::_Vector_impl::_Vector_impl(TokenType::std::_Vector_base<_Tp, _Alloc>::_Vector_impl&&)’:
/usr/include/c++/11/bits/stl_vector.h:144:31: error: ‘move’ is not a member of ‘TokenType::std’; did you mean ‘std::move’?
  144 |         : _Tp_alloc_type(std::move(__x)), _Vector_impl_data(std::move(__x))
      |                               ^~~~
In file included from /usr/include/c++/11/list:60,
                 from Token.hpp:11,
                 from Token.cpp:5:
/usr/include/c++/11/bits/stl_algobase.h:644:5: note: ‘std::move’ declared here
  644 |     move(_II __first, _II __last, _OI __result)
      |     ^~~~
In file included from /usr/include/c++/11/vector:67,
                 from Component.hpp:10,
                 from Parser.hpp:10,
                 from Token.cpp:6:
/usr/include/c++/11/bits/stl_vector.h:144:66: error: ‘move’ is not a member of ‘TokenType::std’; did you mean ‘std::move’?
  144 |         : _Tp_alloc_type(std::move(__x)), _Vector_impl_data(std::move(__x))
      |                                                                  ^~~~
In file included from /usr/include/c++/11/list:60,
                 from Token.hpp:11,
                 from Token.cpp:5:
/usr/include/c++/11/bits/stl_algobase.h:644:5: note: ‘std::move’ declared here
  644 |     move(_II __first, _II __last, _OI __result)
      |     ^~~~
In file included from /usr/include/c++/11/vector:67,
                 from Component.hpp:10,
                 from Parser.hpp:10,
                 from Token.cpp:6:
/usr/include/c++/11/bits/stl_vector.h: In constructor ‘TokenType::std::_Vector_base<_Tp, _Alloc>::_Vector_impl::_Vector_impl(TokenType::std::_Vector_base<_Tp, _Alloc>::_Tp_alloc_type&&)’:
/usr/include/c++/11/bits/stl_vector.h:148:31: error: ‘move’ is not a member of ‘TokenType::std’; did you mean ‘std::move’?
  148 |         : _Tp_alloc_type(std::move(__a))
      |                               ^~~~
In file included from /usr/include/c++/11/list:60,
                 from Token.hpp:11,
                 from Token.cpp:5:
/usr/include/c++/11/bits/stl_algobase.h:644:5: note: ‘std::move’ declared here
  644 |     move(_II __first, _II __last, _OI __result)
      |     ^~~~
In file included from /usr/include/c++/11/vector:67,
                 from Component.hpp:10,
                 from Parser.hpp:10,
                 from Token.cpp:6:
/usr/include/c++/11/bits/stl_vector.h: In constructor ‘TokenType::std::_Vector_base<_Tp, _Alloc>::_Vector_impl::_Vector_impl(TokenType::std::_Vector_base<_Tp, _Alloc>::_Tp_alloc_type&&, TokenType::std::_Vector_base<_Tp, _Alloc>::_Vector_impl&&)’:
/usr/include/c++/11/bits/stl_vector.h:152:31: error: ‘move’ is not a member of ‘TokenType::std’; did you mean ‘std::move’?
  152 |         : _Tp_alloc_type(std::move(__a)), _Vector_impl_data(std::move(__rv))
      |                               ^~~~
In file included from /usr/include/c++/11/list:60,
                 from Token.hpp:11,
                 from Token.cpp:5:
/usr/include/c++/11/bits/stl_algobase.h:644:5: note: ‘std::move’ declared here
  644 |     move(_II __first, _II __last, _OI __result)
      |     ^~~~
In file included from /usr/include/c++/11/vector:67,
                 from Component.hpp:10,
                 from Parser.hpp:10,
                 from Token.cpp:6:
/usr/include/c++/11/bits/stl_vector.h:152:66: error: ‘move’ is not a member of ‘TokenType::std’; did you mean ‘std::move’?
  152 |         : _Tp_alloc_type(std::move(__a)), _Vector_impl_data(std::move(__rv))
      |                                                                  ^~~~
In file included from /usr/include/c++/11/list:60,
                 from Token.hpp:11,
                 from Token.cpp:5:
/usr/include/c++/11/bits/stl_algobase.h:644:5: note: ‘std::move’ declared here
  644 |     move(_II __first, _II __last, _OI __result)
      |     ^~~~
In file included from /usr/include/c++/11/vector:67,
                 from Component.hpp:10,
                 from Parser.hpp:10,
                 from Token.cpp:6:
/usr/include/c++/11/bits/stl_vector.h: In constructor ‘TokenType::std::_Vector_base<_Tp, _Alloc>::_Vector_base(TokenType::std::_Vector_base<_Tp, _Alloc>::_Tp_alloc_type&&)’:
/usr/include/c++/11/bits/stl_vector.h:313:22: error: ‘move’ is not a member of ‘TokenType::std’; did you mean ‘std::move’?
  313 |       : _M_impl(std::move(__a)) { }
      |                      ^~~~
In file included from /usr/include/c++/11/list:60,
                 from Token.hpp:11,
                 from Token.cpp:5:
/usr/include/c++/11/bits/stl_algobase.h:644:5: note: ‘std::move’ declared here
  644 |     move(_II __first, _II __last, _OI __result)
      |     ^~~~
In file included from /usr/include/c++/11/vector:67,
                 from Component.hpp:10,
                 from Parser.hpp:10,
                 from Token.cpp:6:
/usr/include/c++/11/bits/stl_vector.h: In constructor ‘TokenType::std::_Vector_base<_Tp, _Alloc>::_Vector_base(const allocator_type&, TokenType::std::_Vector_base<_Tp, _Alloc>&&)’:
/usr/include/c++/11/bits/stl_vector.h:329:43: error: ‘move’ is not a member of ‘TokenType::std’; did you mean ‘std::move’?
  329 |       : _M_impl(_Tp_alloc_type(__a), std::move(__x._M_impl))
      |                                           ^~~~
In file included from /usr/include/c++/11/list:60,
                 from Token.hpp:11,
                 from Token.cpp:5:
/usr/include/c++/11/bits/stl_algobase.h:644:5: note: ‘std::move’ declared here
  644 |     move(_II __first, _II __last, _OI __result)
      |     ^~~~
In file included from /usr/include/c++/11/vector:67,
                 from Component.hpp:10,
                 from Parser.hpp:10,
                 from Token.cpp:6:
/usr/include/c++/11/bits/stl_vector.h: At global scope:
/usr/include/c++/11/bits/stl_vector.h:388:49: error: ‘allocator’ in namespace ‘TokenType::std’ does not name a template type
  388 |   template<typename _Tp, typename _Alloc = std::allocator<_Tp> >
      |                                                 ^~~~~~~~~
/usr/include/c++/11/bits/stl_vector.h:388:58: error: expected ‘>’ before ‘<’ token
  388 |   template<typename _Tp, typename _Alloc = std::allocator<_Tp> >
      |                                                          ^
/usr/include/c++/11/bits/stl_vector.h:422:20: error: ‘reverse_iterator’ in namespace ‘TokenType::std’ does not name a template type
  422 |       typedef std::reverse_iterator<const_iterator>     const_reverse_iterator;
      |                    ^~~~~~~~~~~~~~~~
/usr/include/c++/11/bits/stl_vector.h:423:20: error: ‘reverse_iterator’ in namespace ‘TokenType::std’ does not name a template type
  423 |       typedef std::reverse_iterator<iterator>           reverse_iterator;
      |                    ^~~~~~~~~~~~~~~~
/usr/include/c++/11/bits/stl_vector.h:652:32: error: ‘_RequireInputIter’ in namespace ‘TokenType::std’ does not name a template type
  652 |                typename = std::_RequireInputIter<_InputIterator>>
      |                                ^~~~~~~~~~~~~~~~~
/usr/include/c++/11/bits/stl_vector.h:652:49: error: expected ‘>’ before ‘<’ token
  652 |                typename = std::_RequireInputIter<_InputIterator>>
      |                                                 ^
/usr/include/c++/11/bits/stl_vector.h:766:32: error: ‘_RequireInputIter’ in namespace ‘TokenType::std’ does not name a template type
  766 |                typename = std::_RequireInputIter<_InputIterator>>
      |                                ^~~~~~~~~~~~~~~~~
/usr/include/c++/11/bits/stl_vector.h:766:49: error: expected ‘>’ before ‘<’ token
  766 |                typename = std::_RequireInputIter<_InputIterator>>
      |                                                 ^
/usr/include/c++/11/bits/stl_vector.h:847:7: error: deduced class type ‘reverse_iterator’ in function return type
  847 |       rbegin() _GLIBCXX_NOEXCEPT
      |       ^~~~~~
In file included from /usr/include/c++/11/bits/stl_algobase.h:67,
                 from /usr/include/c++/11/list:60,
                 from Token.hpp:11,
                 from Token.cpp:5:
/usr/include/c++/11/bits/stl_iterator.h:127:11: note: ‘template<class _Iterator> class std::reverse_iterator’ declared here
  127 |     class reverse_iterator
      |           ^~~~~~~~~~~~~~~~
In file included from /usr/include/c++/11/vector:67,
                 from Component.hpp:10,
                 from Parser.hpp:10,
                 from Token.cpp:6:
/usr/include/c++/11/bits/stl_vector.h:855:7: error: ‘const_reverse_iterator’ does not name a type; did you mean ‘const_iterator’?
  855 |       const_reverse_iterator
      |       ^~~~~~~~~~~~~~~~~~~~~~
      |       const_iterator
/usr/include/c++/11/bits/stl_vector.h:865:7: error: deduced class type ‘reverse_iterator’ in function return type
  865 |       rend() _GLIBCXX_NOEXCEPT
      |       ^~~~
In file included from /usr/include/c++/11/bits/stl_algobase.h:67,
                 from /usr/include/c++/11/list:60,
                 from Token.hpp:11,
                 from Token.cpp:5:
/usr/include/c++/11/bits/stl_iterator.h:127:11: note: ‘template<class _Iterator> class std::reverse_iterator’ declared here
  127 |     class reverse_iterator
      |           ^~~~~~~~~~~~~~~~
In file included from /usr/include/c++/11/vector:67,
                 from Component.hpp:10,
                 from Parser.hpp:10,
                 from Token.cpp:6:
/usr/include/c++/11/bits/stl_vector.h:873:7: error: ‘const_reverse_iterator’ does not name a type; did you mean ‘const_iterator’?
  873 |       const_reverse_iterator
      |       ^~~~~~~~~~~~~~~~~~~~~~
      |       const_iterator
/usr/include/c++/11/bits/stl_vector.h:901:7: error: ‘const_reverse_iterator’ does not name a type; did you mean ‘const_iterator’?
  901 |       const_reverse_iterator
      |       ^~~~~~~~~~~~~~~~~~~~~~
      |       const_iterator
/usr/include/c++/11/bits/stl_vector.h:910:7: error: ‘const_reverse_iterator’ does not name a type; did you mean ‘const_iterator’?
  910 |       const_reverse_iterator
      |       ^~~~~~~~~~~~~~~~~~~~~~
      |       const_iterator
/usr/include/c++/11/bits/stl_vector.h:1377:32: error: ‘_RequireInputIter’ in namespace ‘TokenType::std’ does not name a template type
 1377 |                typename = std::_RequireInputIter<_InputIterator>>
      |                                ^~~~~~~~~~~~~~~~~
/usr/include/c++/11/bits/stl_vector.h:1377:49: error: expected ‘>’ before ‘<’ token
 1377 |                typename = std::_RequireInputIter<_InputIterator>>
      |                                                 ^
/usr/include/c++/11/bits/stl_vector.h:1559:29: error: ‘TokenType::std::input_iterator_tag’ has not been declared
 1559 |                             std::input_iterator_tag)
      |                             ^~~
/usr/include/c++/11/bits/stl_vector.h:1578:29: error: ‘TokenType::std::forward_iterator_tag’ has not been declared
 1578 |                             std::forward_iterator_tag)
      |                             ^~~
/usr/include/c++/11/bits/stl_vector.h:1577:9: error: ‘template<class _Tp, class _Alloc> template<class _ForwardIterator> void TokenType::std::vector<_Tp, _Alloc>::_M_range_initialize(_ForwardIterator, _ForwardIterator, int)’ cannot be overloaded with ‘template<class _Tp, class _Alloc> template<class _InputIterator> void TokenType::std::vector<_Tp, _Alloc>::_M_range_initialize(_InputIterator, _InputIterator, int)’
 1577 |         _M_range_initialize(_ForwardIterator __first, _ForwardIterator __last,
      |         ^~~~~~~~~~~~~~~~~~~
/usr/include/c++/11/bits/stl_vector.h:1558:9: note: previous declaration ‘template<class _Tp, class _Alloc> template<class _InputIterator> void TokenType::std::vector<_Tp, _Alloc>::_M_range_initialize(_InputIterator, _InputIterator, int)’
 1558 |         _M_range_initialize(_InputIterator __first, _InputIterator __last,
      |         ^~~~~~~~~~~~~~~~~~~
/usr/include/c++/11/bits/stl_vector.h:1634:23: error: ‘TokenType::std::input_iterator_tag’ has not been declared
 1634 |                       std::input_iterator_tag);
      |                       ^~~
/usr/include/c++/11/bits/stl_vector.h:1640:23: error: ‘TokenType::std::forward_iterator_tag’ has not been declared
 1640 |                       std::forward_iterator_tag);
      |                       ^~~
/usr/include/c++/11/bits/stl_vector.h:1639:9: error: ‘template<class _Tp, class _Alloc> template<class _ForwardIterator> void TokenType::std::vector<_Tp, _Alloc>::_M_assign_aux(_ForwardIterator, _ForwardIterator, int)’ cannot be overloaded with ‘template<class _Tp, class _Alloc> template<class _InputIterator> void TokenType::std::vector<_Tp, _Alloc>::_M_assign_aux(_InputIterator, _InputIterator, int)’
 1639 |         _M_assign_aux(_ForwardIterator __first, _ForwardIterator __last,
      |         ^~~~~~~~~~~~~
/usr/include/c++/11/bits/stl_vector.h:1633:9: note: previous declaration ‘template<class _Tp, class _Alloc> template<class _InputIterator> void TokenType::std::vector<_Tp, _Alloc>::_M_assign_aux(_InputIterator, _InputIterator, int)’
 1633 |         _M_assign_aux(_InputIterator __first, _InputIterator __last,
      |         ^~~~~~~~~~~~~
/usr/include/c++/11/bits/stl_vector.h:1673:48: error: ‘TokenType::std::input_iterator_tag’ has not been declared
 1673 |                         _InputIterator __last, std::input_iterator_tag);
      |                                                ^~~
/usr/include/c++/11/bits/stl_vector.h:1679:50: error: ‘TokenType::std::forward_iterator_tag’ has not been declared
 1679 |                         _ForwardIterator __last, std::forward_iterator_tag);
      |                                                  ^~~
/usr/include/c++/11/bits/stl_vector.h:1678:9: error: ‘template<class _Tp, class _Alloc> template<class _ForwardIterator> void TokenType::std::vector<_Tp, _Alloc>::_M_range_insert(TokenType::std::vector<_Tp, _Alloc>::iterator, _ForwardIterator, _ForwardIterator, int)’ cannot be overloaded with ‘template<class _Tp, class _Alloc> template<class _InputIterator> void TokenType::std::vector<_Tp, _Alloc>::_M_range_insert(TokenType::std::vector<_Tp, _Alloc>::iterator, _InputIterator, _InputIterator, int)’
 1678 |         _M_range_insert(iterator __pos, _ForwardIterator __first,
      |         ^~~~~~~~~~~~~~~
/usr/include/c++/11/bits/stl_vector.h:1672:9: note: previous declaration ‘template<class _Tp, class _Alloc> template<class _InputIterator> void TokenType::std::vector<_Tp, _Alloc>::_M_range_insert(TokenType::std::vector<_Tp, _Alloc>::iterator, _InputIterator, _InputIterator, int)’
 1672 |         _M_range_insert(iterator __pos, _InputIterator __first,
      |         ^~~~~~~~~~~~~~~
/usr/include/c++/11/bits/stl_vector.h:1849:23: error: ‘pointer_traits’ in namespace ‘TokenType::std’ does not name a template type
 1849 |         typename std::pointer_traits<_Ptr>::element_type*
      |                       ^~~~~~~~~~~~~~
/usr/include/c++/11/bits/stl_vector.h:1849:37: error: expected unqualified-id before ‘<’ token
 1849 |         typename std::pointer_traits<_Ptr>::element_type*
      |                                     ^
/usr/include/c++/11/bits/stl_vector.h:609:21: error: ‘declval’ is not a member of ‘TokenType::std’; did you mean ‘std::declval’?
  609 |         vector(std::declval<vector&&>(), std::declval<const allocator_type&>(),
      |                     ^~~~~~~
In file included from /usr/include/c++/11/bits/move.h:57,
                 from /usr/include/c++/11/bits/stl_pair.h:59,
                 from /usr/include/c++/11/bits/stl_algobase.h:64,
                 from /usr/include/c++/11/list:60,
                 from Token.hpp:11,
                 from Token.cpp:5:
/usr/include/c++/11/type_traits:2364:10: note: ‘std::declval’ declared here
 2364 |     auto declval() noexcept -> decltype(__declval<_Tp>(0))
      |          ^~~~~~~
In file included from /usr/include/c++/11/vector:67,
                 from Component.hpp:10,
                 from Parser.hpp:10,
                 from Token.cpp:6:
/usr/include/c++/11/bits/stl_vector.h:609:47: error: ‘declval’ is not a member of ‘TokenType::std’; did you mean ‘std::declval’?
  609 |         vector(std::declval<vector&&>(), std::declval<const allocator_type&>(),
      |                                               ^~~~~~~
In file included from /usr/include/c++/11/bits/move.h:57,
                 from /usr/include/c++/11/bits/stl_pair.h:59,
                 from /usr/include/c++/11/bits/stl_algobase.h:64,
                 from /usr/include/c++/11/list:60,
                 from Token.hpp:11,
                 from Token.cpp:5:
/usr/include/c++/11/type_traits:2364:10: note: ‘std::declval’ declared here
 2364 |     auto declval() noexcept -> decltype(__declval<_Tp>(0))
      |          ^~~~~~~
In file included from /usr/include/c++/11/vector:67,
                 from Component.hpp:10,
                 from Parser.hpp:10,
                 from Token.cpp:6:
/usr/include/c++/11/bits/stl_vector.h:610:21: error: ‘declval’ is not a member of ‘TokenType::std’; did you mean ‘std::declval’?
  610 |                std::declval<typename _Alloc_traits::is_always_equal>())) )
      |                     ^~~~~~~
In file included from /usr/include/c++/11/bits/move.h:57,
                 from /usr/include/c++/11/bits/stl_pair.h:59,
                 from /usr/include/c++/11/bits/stl_algobase.h:64,
                 from /usr/include/c++/11/list:60,
                 from Token.hpp:11,
                 from Token.cpp:5:
/usr/include/c++/11/type_traits:2364:10: note: ‘std::declval’ declared here
 2364 |     auto declval() noexcept -> decltype(__declval<_Tp>(0))
      |          ^~~~~~~
In file included from /usr/include/c++/11/vector:67,
                 from Component.hpp:10,
                 from Parser.hpp:10,
                 from Token.cpp:6:
/usr/include/c++/11/bits/stl_vector.h:609:15: error: expected primary-expression before ‘(’ token
  609 |         vector(std::declval<vector&&>(), std::declval<const allocator_type&>(),
      |               ^
/usr/include/c++/11/bits/stl_vector.h:609:21: error: ‘declval’ is not a member of ‘TokenType::std’; did you mean ‘std::declval’?
  609 |         vector(std::declval<vector&&>(), std::declval<const allocator_type&>(),
      |                     ^~~~~~~
In file included from /usr/include/c++/11/bits/move.h:57,
                 from /usr/include/c++/11/bits/stl_pair.h:59,
                 from /usr/include/c++/11/bits/stl_algobase.h:64,
                 from /usr/include/c++/11/list:60,
                 from Token.hpp:11,
                 from Token.cpp:5:
/usr/include/c++/11/type_traits:2364:10: note: ‘std::declval’ declared here
 2364 |     auto declval() noexcept -> decltype(__declval<_Tp>(0))
      |          ^~~~~~~
In file included from /usr/include/c++/11/vector:67,
                 from Component.hpp:10,
                 from Parser.hpp:10,
                 from Token.cpp:6:
/usr/include/c++/11/bits/stl_vector.h:609:35: error: expected primary-expression before ‘&&’ token
  609 |         vector(std::declval<vector&&>(), std::declval<const allocator_type&>(),
      |                                   ^~
/usr/include/c++/11/bits/stl_vector.h:609:37: error: expected primary-expression before ‘>’ token
  609 |         vector(std::declval<vector&&>(), std::declval<const allocator_type&>(),
      |                                     ^
/usr/include/c++/11/bits/stl_vector.h:609:39: error: expected primary-expression before ‘)’ token
  609 |         vector(std::declval<vector&&>(), std::declval<const allocator_type&>(),
      |                                       ^
/usr/include/c++/11/bits/stl_vector.h:609:47: error: ‘declval’ is not a member of ‘TokenType::std’; did you mean ‘std::declval’?
  609 |         vector(std::declval<vector&&>(), std::declval<const allocator_type&>(),
      |                                               ^~~~~~~
In file included from /usr/include/c++/11/bits/move.h:57,
                 from /usr/include/c++/11/bits/stl_pair.h:59,
                 from /usr/include/c++/11/bits/stl_algobase.h:64,
                 from /usr/include/c++/11/list:60,
                 from Token.hpp:11,
                 from Token.cpp:5:
/usr/include/c++/11/type_traits:2364:10: note: ‘std::declval’ declared here
 2364 |     auto declval() noexcept -> decltype(__declval<_Tp>(0))
      |          ^~~~~~~
In file included from /usr/include/c++/11/vector:67,
                 from Component.hpp:10,
                 from Parser.hpp:10,
                 from Token.cpp:6:
/usr/include/c++/11/bits/stl_vector.h:609:55: error: expected primary-expression before ‘const’
  609 |         vector(std::declval<vector&&>(), std::declval<const allocator_type&>(),
      |                                                       ^~~~~
/usr/include/c++/11/bits/stl_vector.h:610:21: error: ‘declval’ is not a member of ‘TokenType::std’; did you mean ‘std::declval’?
  610 |                std::declval<typename _Alloc_traits::is_always_equal>())) )
      |                     ^~~~~~~
In file included from /usr/include/c++/11/bits/move.h:57,
                 from /usr/include/c++/11/bits/stl_pair.h:59,
                 from /usr/include/c++/11/bits/stl_algobase.h:64,
                 from /usr/include/c++/11/list:60,
                 from Token.hpp:11,
                 from Token.cpp:5:
/usr/include/c++/11/type_traits:2364:10: note: ‘std::declval’ declared here
 2364 |     auto declval() noexcept -> decltype(__declval<_Tp>(0))
      |          ^~~~~~~
In file included from /usr/include/c++/11/vector:67,
                 from Component.hpp:10,
                 from Parser.hpp:10,
                 from Token.cpp:6:
/usr/include/c++/11/bits/stl_vector.h:610:68: error: expected ‘(’ before ‘>’ token
  610 |                std::declval<typename _Alloc_traits::is_always_equal>())) )
      |                                                                    ^
/usr/include/c++/11/bits/stl_vector.h:610:70: error: expected primary-expression before ‘)’ token
  610 |                std::declval<typename _Alloc_traits::is_always_equal>())) )
      |                                                                      ^
/usr/include/c++/11/bits/stl_vector.h: In static member function ‘static constexpr bool TokenType::std::vector<_Tp, _Alloc>::_S_nothrow_relocate(std::true_type)’:
/usr/include/c++/11/bits/stl_vector.h:433:30: error: ‘__relocate_a’ is not a member of ‘TokenType::std’; did you mean ‘std::__relocate_a’?
  433 |         return noexcept(std::__relocate_a(std::declval<pointer>(),
      |                              ^~~~~~~~~~~~
In file included from /usr/include/c++/11/memory:66,
                 from Token.hpp:12,
                 from Token.cpp:5:
/usr/include/c++/11/bits/stl_uninitialized.h:1040:5: note: ‘std::__relocate_a’ declared here
 1040 |     __relocate_a(_InputIterator __first, _InputIterator __last,
      |     ^~~~~~~~~~~~
In file included from /usr/include/c++/11/vector:67,
                 from Component.hpp:10,
                 from Parser.hpp:10,
                 from Token.cpp:6:
/usr/include/c++/11/bits/stl_vector.h:433:48: error: ‘declval’ is not a member of ‘TokenType::std’; did you mean ‘std::declval’?
  433 |         return noexcept(std::__relocate_a(std::declval<pointer>(),
      |                                                ^~~~~~~
In file included from /usr/include/c++/11/bits/move.h:57,
                 from /usr/include/c++/11/bits/stl_pair.h:59,
                 from /usr/include/c++/11/bits/stl_algobase.h:64,
                 from /usr/include/c++/11/list:60,
                 from Token.hpp:11,
                 from Token.cpp:5:
/usr/include/c++/11/type_traits:2364:10: note: ‘std::declval’ declared here
 2364 |     auto declval() noexcept -> decltype(__declval<_Tp>(0))
      |          ^~~~~~~
In file included from /usr/include/c++/11/vector:67,
                 from Component.hpp:10,
                 from Parser.hpp:10,
                 from Token.cpp:6:
/usr/include/c++/11/bits/stl_vector.h:433:63: error: expected primary-expression before ‘>’ token
  433 |         return noexcept(std::__relocate_a(std::declval<pointer>(),
      |                                                               ^
/usr/include/c++/11/bits/stl_vector.h:433:65: error: expected primary-expression before ‘)’ token
  433 |         return noexcept(std::__relocate_a(std::declval<pointer>(),
      |                                                                 ^
/usr/include/c++/11/bits/stl_vector.h:434:48: error: ‘declval’ is not a member of ‘TokenType::std’; did you mean ‘std::declval’?
  434 |                                           std::declval<pointer>(),
      |                                                ^~~~~~~
In file included from /usr/include/c++/11/bits/move.h:57,
                 from /usr/include/c++/11/bits/stl_pair.h:59,
                 from /usr/include/c++/11/bits/stl_algobase.h:64,
                 from /usr/include/c++/11/list:60,
                 from Token.hpp:11,
                 from Token.cpp:5:
/usr/include/c++/11/type_traits:2364:10: note: ‘std::declval’ declared here
 2364 |     auto declval() noexcept -> decltype(__declval<_Tp>(0))
      |          ^~~~~~~
In file included from /usr/include/c++/11/vector:67,
                 from Component.hpp:10,
                 from Parser.hpp:10,
                 from Token.cpp:6:
/usr/include/c++/11/bits/stl_vector.h:434:63: error: expected primary-expression before ‘>’ token
  434 |                                           std::declval<pointer>(),
      |                                                               ^
/usr/include/c++/11/bits/stl_vector.h:434:65: error: expected primary-expression before ‘)’ token
  434 |                                           std::declval<pointer>(),
      |                                                                 ^
/usr/include/c++/11/bits/stl_vector.h:435:48: error: ‘declval’ is not a member of ‘TokenType::std’; did you mean ‘std::declval’?
  435 |                                           std::declval<pointer>(),
      |                                                ^~~~~~~
In file included from /usr/include/c++/11/bits/move.h:57,
                 from /usr/include/c++/11/bits/stl_pair.h:59,
                 from /usr/include/c++/11/bits/stl_algobase.h:64,
                 from /usr/include/c++/11/list:60,
                 from Token.hpp:11,
                 from Token.cpp:5:
/usr/include/c++/11/type_traits:2364:10: note: ‘std::declval’ declared here
 2364 |     auto declval() noexcept -> decltype(__declval<_Tp>(0))
      |          ^~~~~~~
In file included from /usr/include/c++/11/vector:67,
                 from Component.hpp:10,
                 from Parser.hpp:10,
                 from Token.cpp:6:
/usr/include/c++/11/bits/stl_vector.h:435:63: error: expected primary-expression before ‘>’ token
  435 |                                           std::declval<pointer>(),
      |                                                               ^
/usr/include/c++/11/bits/stl_vector.h:435:65: error: expected primary-expression before ‘)’ token
  435 |                                           std::declval<pointer>(),
      |                                                                 ^
/usr/include/c++/11/bits/stl_vector.h:436:48: error: ‘declval’ is not a member of ‘TokenType::std’; did you mean ‘std::declval’?
  436 |                                           std::declval<_Tp_alloc_type&>()));
      |                                                ^~~~~~~
In file included from /usr/include/c++/11/bits/move.h:57,
                 from /usr/include/c++/11/bits/stl_pair.h:59,
                 from /usr/include/c++/11/bits/stl_algobase.h:64,
                 from /usr/include/c++/11/list:60,
                 from Token.hpp:11,
                 from Token.cpp:5:
/usr/include/c++/11/type_traits:2364:10: note: ‘std::declval’ declared here
 2364 |     auto declval() noexcept -> decltype(__declval<_Tp>(0))
      |          ^~~~~~~
In file included from /usr/include/c++/11/vector:67,
                 from Component.hpp:10,
                 from Parser.hpp:10,
                 from Token.cpp:6:
/usr/include/c++/11/bits/stl_vector.h:436:70: error: expected primary-expression before ‘&’ token
  436 |                                           std::declval<_Tp_alloc_type&>()));
      |                                                                      ^
/usr/include/c++/11/bits/stl_vector.h:436:71: error: expected primary-expression before ‘>’ token
  436 |                                           std::declval<_Tp_alloc_type&>()));
      |                                                                       ^
/usr/include/c++/11/bits/stl_vector.h:436:73: error: expected primary-expression before ‘)’ token
  436 |                                           std::declval<_Tp_alloc_type&>()));
      |                                                                         ^
/usr/include/c++/11/bits/stl_vector.h: In static member function ‘static TokenType::std::vector<_Tp, _Alloc>::pointer TokenType::std::vector<_Tp, _Alloc>::_S_do_relocate(TokenType::std::vector<_Tp, _Alloc>::pointer, TokenType::std::vector<_Tp, _Alloc>::pointer, TokenType::std::vector<_Tp, _Alloc>::pointer, TokenType::std::vector<_Tp, _Alloc>::_Tp_alloc_type&, std::true_type)’:
/usr/include/c++/11/bits/stl_vector.h:456:21: error: ‘__relocate_a’ is not a member of ‘TokenType::std’; did you mean ‘std::__relocate_a’?
  456 |         return std::__relocate_a(__first, __last, __result, __alloc);
      |                     ^~~~~~~~~~~~
In file included from /usr/include/c++/11/memory:66,
                 from Token.hpp:12,
                 from Token.cpp:5:
/usr/include/c++/11/bits/stl_uninitialized.h:1040:5: note: ‘std::__relocate_a’ declared here
 1040 |     __relocate_a(_InputIterator __first, _InputIterator __last,
      |     ^~~~~~~~~~~~
In file included from /usr/include/c++/11/vector:67,
                 from Component.hpp:10,
                 from Parser.hpp:10,
                 from Token.cpp:6:
/usr/include/c++/11/bits/stl_vector.h: In copy constructor ‘TokenType::std::vector<_Tp, _Alloc>::vector(const TokenType::std::vector<_Tp, _Alloc>&)’:
/usr/include/c++/11/bits/stl_vector.h:558:16: error: ‘__uninitialized_copy_a’ is not a member of ‘TokenType::std’; did you mean ‘std::__uninitialized_copy_a’?
  558 |           std::__uninitialized_copy_a(__x.begin(), __x.end(),
      |                ^~~~~~~~~~~~~~~~~~~~~~
In file included from /usr/include/c++/11/memory:66,
                 from Token.hpp:12,
                 from Token.cpp:5:
/usr/include/c++/11/bits/stl_uninitialized.h:331:5: note: ‘std::__uninitialized_copy_a’ declared here
  331 |     __uninitialized_copy_a(_InputIterator __first, _InputIterator __last,
      |     ^~~~~~~~~~~~~~~~~~~~~~
In file included from /usr/include/c++/11/vector:67,
                 from Component.hpp:10,
                 from Parser.hpp:10,
                 from Token.cpp:6:
/usr/include/c++/11/bits/stl_vector.h: In constructor ‘TokenType::std::vector<_Tp, _Alloc>::vector(const TokenType::std::vector<_Tp, _Alloc>&, const allocator_type&)’:
/usr/include/c++/11/bits/stl_vector.h:579:16: error: ‘__uninitialized_copy_a’ is not a member of ‘TokenType::std’; did you mean ‘std::__uninitialized_copy_a’?
  579 |           std::__uninitialized_copy_a(__x.begin(), __x.end(),
      |                ^~~~~~~~~~~~~~~~~~~~~~
In file included from /usr/include/c++/11/memory:66,
                 from Token.hpp:12,
                 from Token.cpp:5:
/usr/include/c++/11/bits/stl_uninitialized.h:331:5: note: ‘std::__uninitialized_copy_a’ declared here
  331 |     __uninitialized_copy_a(_InputIterator __first, _InputIterator __last,
      |     ^~~~~~~~~~~~~~~~~~~~~~
In file included from /usr/include/c++/11/vector:67,
                 from Component.hpp:10,
                 from Parser.hpp:10,
                 from Token.cpp:6:
/usr/include/c++/11/bits/stl_vector.h: In constructor ‘TokenType::std::vector<_Tp, _Alloc>::vector(TokenType::std::vector<_Tp, _Alloc>&&, const allocator_type&, std::true_type)’:
/usr/include/c++/11/bits/stl_vector.h:586:25: error: ‘move’ is not a member of ‘TokenType::std’; did you mean ‘std::move’?
  586 |       : _Base(__m, std::move(__rv))
      |                         ^~~~
In file included from /usr/include/c++/11/list:60,
                 from Token.hpp:11,
                 from Token.cpp:5:
/usr/include/c++/11/bits/stl_algobase.h:644:5: note: ‘std::move’ declared here
  644 |     move(_II __first, _II __last, _OI __result)
      |     ^~~~
In file included from /usr/include/c++/11/vector:67,
                 from Component.hpp:10,
                 from Parser.hpp:10,
                 from Token.cpp:6:
/usr/include/c++/11/bits/stl_vector.h: In constructor ‘TokenType::std::vector<_Tp, _Alloc>::vector(TokenType::std::vector<_Tp, _Alloc>&&, const allocator_type&, std::false_type)’:
/usr/include/c++/11/bits/stl_vector.h:598:20: error: ‘__uninitialized_move_a’ is not a member of ‘TokenType::std’; did you mean ‘std::__uninitialized_move_a’?
  598 |               std::__uninitialized_move_a(__rv.begin(), __rv.end(),
      |                    ^~~~~~~~~~~~~~~~~~~~~~
In file included from /usr/include/c++/11/memory:66,
                 from Token.hpp:12,
                 from Token.cpp:5:
/usr/include/c++/11/bits/stl_uninitialized.h:338:5: note: ‘std::__uninitialized_move_a’ declared here
  338 |     __uninitialized_move_a(_InputIterator __first, _InputIterator __last,
      |     ^~~~~~~~~~~~~~~~~~~~~~
In file included from /usr/include/c++/11/vector:67,
                 from Component.hpp:10,
                 from Parser.hpp:10,
                 from Token.cpp:6:
/usr/include/c++/11/bits/stl_vector.h: In constructor ‘TokenType::std::vector<_Tp, _Alloc>::vector(TokenType::std::vector<_Tp, _Alloc>&&, const allocator_type&)’:
/usr/include/c++/11/bits/stl_vector.h:611:21: error: ‘move’ is not a member of ‘TokenType::std’; did you mean ‘std::move’?
  611 |       : vector(std::move(__rv), __m, typename _Alloc_traits::is_always_equal{})
      |                     ^~~~
In file included from /usr/include/c++/11/list:60,
                 from Token.hpp:11,
                 from Token.cpp:5:
/usr/include/c++/11/bits/stl_algobase.h:644:5: note: ‘std::move’ declared here
  644 |     move(_II __first, _II __last, _OI __result)
      |     ^~~~
In file included from /usr/include/c++/11/vector:67,
                 from Component.hpp:10,
                 from Parser.hpp:10,
                 from Token.cpp:6:
/usr/include/c++/11/bits/stl_vector.h: In constructor ‘TokenType::std::vector<_Tp, _Alloc>::vector(_InputIterator, _InputIterator, const allocator_type&)’:
/usr/include/c++/11/bits/stl_vector.h:658:36: error: ‘__iterator_category’ is not a member of ‘TokenType::std’; did you mean ‘std::__iterator_category’?
  658 |                               std::__iterator_category(__first));
      |                                    ^~~~~~~~~~~~~~~~~~~
In file included from /usr/include/c++/11/bits/stl_algobase.h:65,
                 from /usr/include/c++/11/list:60,
                 from Token.hpp:11,
                 from Token.cpp:5:
/usr/include/c++/11/bits/stl_iterator_base_types.h:238:5: note: ‘std::__iterator_category’ declared here
  238 |     __iterator_category(const _Iter&)
      |     ^~~~~~~~~~~~~~~~~~~
In file included from /usr/include/c++/11/vector:67,
                 from Component.hpp:10,
                 from Parser.hpp:10,
                 from Token.cpp:6:
/usr/include/c++/11/bits/stl_vector.h: In destructor ‘TokenType::std::vector<_Tp, _Alloc>::~vector()’:
/usr/include/c++/11/bits/stl_vector.h:680:14: error: ‘_Destroy’ is not a member of ‘TokenType::std’; did you mean ‘std::_Destroy’?
  680 |         std::_Destroy(this->_M_impl._M_start, this->_M_impl._M_finish,
      |              ^~~~~~~~
In file included from /usr/include/c++/11/ext/alloc_traits.h:34,
                 from /usr/include/c++/11/bits/stl_list.h:60,
                 from /usr/include/c++/11/list:63,
                 from Token.hpp:11,
                 from Token.cpp:5:
/usr/include/c++/11/bits/alloc_traits.h:743:5: note: ‘std::_Destroy’ declared here
  743 |     _Destroy(_ForwardIterator __first, _ForwardIterator __last,
      |     ^~~~~~~~
In file included from /usr/include/c++/11/vector:67,
                 from Component.hpp:10,
                 from Parser.hpp:10,
                 from Token.cpp:6:
/usr/include/c++/11/bits/stl_vector.h: In member function ‘TokenType::std::vector<_Tp, _Alloc>& TokenType::std::vector<_Tp, _Alloc>::operator=(TokenType::std::vector<_Tp, _Alloc>&&)’:
/usr/include/c++/11/bits/stl_vector.h:714:29: error: ‘move’ is not a member of ‘TokenType::std’; did you mean ‘std::move’?
  714 |         _M_move_assign(std::move(__x), __bool_constant<__move_storage>());
      |                             ^~~~
In file included from /usr/include/c++/11/list:60,
                 from Token.hpp:11,
                 from Token.cpp:5:
/usr/include/c++/11/bits/stl_algobase.h:644:5: note: ‘std::move’ declared here
  644 |     move(_II __first, _II __last, _OI __result)
      |     ^~~~
In file included from /usr/include/c++/11/vector:67,
                 from Component.hpp:10,
                 from Parser.hpp:10,
                 from Token.cpp:6:
/usr/include/c++/11/bits/stl_vector.h: In member function ‘void TokenType::std::vector<_Tp, _Alloc>::push_back(TokenType::std::vector<_Tp, _Alloc>::value_type&&)’:
/usr/include/c++/11/bits/stl_vector.h:1204:27: error: ‘move’ is not a member of ‘TokenType::std’; did you mean ‘std::move’?
 1204 |       { emplace_back(std::move(__x)); }
      |                           ^~~~
In file included from /usr/include/c++/11/list:60,
                 from Token.hpp:11,
                 from Token.cpp:5:
/usr/include/c++/11/bits/stl_algobase.h:644:5: note: ‘std::move’ declared here
  644 |     move(_II __first, _II __last, _OI __result)
      |     ^~~~
In file included from /usr/include/c++/11/vector:67,
                 from Component.hpp:10,
                 from Parser.hpp:10,
                 from Token.cpp:6:
/usr/include/c++/11/bits/stl_vector.h: In member function ‘TokenType::std::vector<_Tp, _Alloc>::iterator TokenType::std::vector<_Tp, _Alloc>::emplace(TokenType::std::vector<_Tp, _Alloc>::const_iterator, _Args&& ...)’:
/usr/include/c++/11/bits/stl_vector.h:1249:50: error: ‘forward’ is not a member of ‘TokenType::std’; did you mean ‘std::forward’?
 1249 |         { return _M_emplace_aux(__position, std::forward<_Args>(__args)...); }
      |                                                  ^~~~~~~
In file included from /usr/include/c++/11/bits/stl_pair.h:59,
                 from /usr/include/c++/11/bits/stl_algobase.h:64,
                 from /usr/include/c++/11/list:60,
                 from Token.hpp:11,
                 from Token.cpp:5:
/usr/include/c++/11/bits/move.h:89:5: note: ‘std::forward’ declared here
   89 |     forward(typename std::remove_reference<_Tp>::type&& __t) noexcept
      |     ^~~~~~~
In file included from /usr/include/c++/11/vector:67,
                 from Component.hpp:10,
                 from Parser.hpp:10,
                 from Token.cpp:6:
/usr/include/c++/11/bits/stl_vector.h:1249:63: error: expected primary-expression before ‘>’ token
 1249 |         { return _M_emplace_aux(__position, std::forward<_Args>(__args)...); }
      |                                                               ^
/usr/include/c++/11/bits/stl_vector.h: In member function ‘TokenType::std::vector<_Tp, _Alloc>::iterator TokenType::std::vector<_Tp, _Alloc>::insert(TokenType::std::vector<_Tp, _Alloc>::const_iterator, TokenType::std::vector<_Tp, _Alloc>::value_type&&)’:
/usr/include/c++/11/bits/stl_vector.h:1294:48: error: ‘move’ is not a member of ‘TokenType::std’; did you mean ‘std::move’?
 1294 |       { return _M_insert_rval(__position, std::move(__x)); }
      |                                                ^~~~
In file included from /usr/include/c++/11/list:60,
                 from Token.hpp:11,
                 from Token.cpp:5:
/usr/include/c++/11/bits/stl_algobase.h:644:5: note: ‘std::move’ declared here
  644 |     move(_II __first, _II __last, _OI __result)
      |     ^~~~
In file included from /usr/include/c++/11/vector:67,
                 from Component.hpp:10,
                 from Parser.hpp:10,
                 from Token.cpp:6:
/usr/include/c++/11/bits/stl_vector.h: In member function ‘TokenType::std::vector<_Tp, _Alloc>::iterator TokenType::std::vector<_Tp, _Alloc>::insert(TokenType::std::vector<_Tp, _Alloc>::const_iterator, std::initializer_list<_Tp>)’:
/usr/include/c++/11/bits/stl_vector.h:1314:30: error: ‘random_access_iterator_tag’ is not a member of ‘TokenType::std’; did you mean ‘std::random_access_iterator_tag’?
 1314 |                         std::random_access_iterator_tag());
      |                              ^~~~~~~~~~~~~~~~~~~~~~~~~~
In file included from /usr/include/c++/11/bits/stl_algobase.h:65,
                 from /usr/include/c++/11/list:60,
                 from Token.hpp:11,
                 from Token.cpp:5:
/usr/include/c++/11/bits/stl_iterator_base_types.h:107:10: note: ‘std::random_access_iterator_tag’ declared here
  107 |   struct random_access_iterator_tag : public bidirectional_iterator_tag { };
      |          ^~~~~~~~~~~~~~~~~~~~~~~~~~
In file included from /usr/include/c++/11/vector:67,
                 from Component.hpp:10,
                 from Parser.hpp:10,
                 from Token.cpp:6:
/usr/include/c++/11/bits/stl_vector.h: In member function ‘TokenType::std::vector<_Tp, _Alloc>::pointer TokenType::std::vector<_Tp, _Alloc>::_M_allocate_and_copy(TokenType::std::vector<_Tp, _Alloc>::size_type, _ForwardIterator, _ForwardIterator)’:
/usr/include/c++/11/bits/stl_vector.h:1514:20: error: ‘__uninitialized_copy_a’ is not a member of ‘TokenType::std’; did you mean ‘std::__uninitialized_copy_a’?
 1514 |               std::__uninitialized_copy_a(__first, __last, __result,
      |                    ^~~~~~~~~~~~~~~~~~~~~~
In file included from /usr/include/c++/11/memory:66,
                 from Token.hpp:12,
                 from Token.cpp:5:
/usr/include/c++/11/bits/stl_uninitialized.h:331:5: note: ‘std::__uninitialized_copy_a’ declared here
  331 |     __uninitialized_copy_a(_InputIterator __first, _InputIterator __last,
      |     ^~~~~~~~~~~~~~~~~~~~~~
In file included from /usr/include/c++/11/vector:67,
                 from Component.hpp:10,
                 from Parser.hpp:10,
                 from Token.cpp:6:
/usr/include/c++/11/bits/stl_vector.h: In member function ‘void TokenType::std::vector<_Tp, _Alloc>::_M_range_initialize(_ForwardIterator, _ForwardIterator, int)’:
/usr/include/c++/11/bits/stl_vector.h:1580:38: error: ‘distance’ is not a member of ‘TokenType::std’; did you mean ‘std::distance’?
 1580 |           const size_type __n = std::distance(__first, __last);
      |                                      ^~~~~~~~
In file included from /usr/include/c++/11/bits/stl_algobase.h:66,
                 from /usr/include/c++/11/list:60,
                 from Token.hpp:11,
                 from Token.cpp:5:
/usr/include/c++/11/bits/stl_iterator_base_funcs.h:138:5: note: ‘std::distance’ declared here
  138 |     distance(_InputIterator __first, _InputIterator __last)
      |     ^~~~~~~~
In file included from /usr/include/c++/11/vector:67,
                 from Component.hpp:10,
                 from Parser.hpp:10,
                 from Token.cpp:6:
/usr/include/c++/11/bits/stl_vector.h:1585:18: error: ‘__uninitialized_copy_a’ is not a member of ‘TokenType::std’; did you mean ‘std::__uninitialized_copy_a’?
 1585 |             std::__uninitialized_copy_a(__first, __last,
      |                  ^~~~~~~~~~~~~~~~~~~~~~
In file included from /usr/include/c++/11/memory:66,
                 from Token.hpp:12,
                 from Token.cpp:5:
/usr/include/c++/11/bits/stl_uninitialized.h:331:5: note: ‘std::__uninitialized_copy_a’ declared here
  331 |     __uninitialized_copy_a(_InputIterator __first, _InputIterator __last,
      |     ^~~~~~~~~~~~~~~~~~~~~~
In file included from /usr/include/c++/11/vector:67,
                 from Component.hpp:10,
                 from Parser.hpp:10,
                 from Token.cpp:6:
/usr/include/c++/11/bits/stl_vector.h: In member function ‘void TokenType::std::vector<_Tp, _Alloc>::_M_fill_initialize(TokenType::std::vector<_Tp, _Alloc>::size_type, const value_type&)’:
/usr/include/c++/11/bits/stl_vector.h:1596:16: error: ‘__uninitialized_fill_n_a’ is not a member of ‘TokenType::std’; did you mean ‘std::__uninitialized_fill_n_a’?
 1596 |           std::__uninitialized_fill_n_a(this->_M_impl._M_start, __n, __value,
      |                ^~~~~~~~~~~~~~~~~~~~~~~~
In file included from /usr/include/c++/11/memory:66,
                 from Token.hpp:12,
                 from Token.cpp:5:
/usr/include/c++/11/bits/stl_uninitialized.h:408:5: note: ‘std::__uninitialized_fill_n_a’ declared here
  408 |     __uninitialized_fill_n_a(_ForwardIterator __first, _Size __n,
      |     ^~~~~~~~~~~~~~~~~~~~~~~~
In file included from /usr/include/c++/11/vector:67,
                 from Component.hpp:10,
                 from Parser.hpp:10,
                 from Token.cpp:6:
/usr/include/c++/11/bits/stl_vector.h: In member function ‘void TokenType::std::vector<_Tp, _Alloc>::_M_default_initialize(TokenType::std::vector<_Tp, _Alloc>::size_type)’:
/usr/include/c++/11/bits/stl_vector.h:1606:16: error: ‘__uninitialized_default_n_a’ is not a member of ‘TokenType::std’; did you mean ‘std::__uninitialized_default_n_a’?
 1606 |           std::__uninitialized_default_n_a(this->_M_impl._M_start, __n,
      |                ^~~~~~~~~~~~~~~~~~~~~~~~~~~
In file included from /usr/include/c++/11/memory:66,
                 from Token.hpp:12,
                 from Token.cpp:5:
/usr/include/c++/11/bits/stl_uninitialized.h:702:5: note: ‘std::__uninitialized_default_n_a’ declared here
  702 |     __uninitialized_default_n_a(_ForwardIterator __first, _Size __n,
      |     ^~~~~~~~~~~~~~~~~~~~~~~~~~~
In file included from /usr/include/c++/11/vector:67,
                 from Component.hpp:10,
                 from Parser.hpp:10,
                 from Token.cpp:6:
/usr/include/c++/11/bits/stl_vector.h: In member function ‘void TokenType::std::vector<_Tp, _Alloc>::_M_assign_dispatch(_InputIterator, _InputIterator, std::__false_type)’:
/usr/include/c++/11/bits/stl_vector.h:1628:47: error: ‘__iterator_category’ is not a member of ‘TokenType::std’; did you mean ‘std::__iterator_category’?
 1628 |         { _M_assign_aux(__first, __last, std::__iterator_category(__first)); }
      |                                               ^~~~~~~~~~~~~~~~~~~
In file included from /usr/include/c++/11/bits/stl_algobase.h:65,
                 from /usr/include/c++/11/list:60,
                 from Token.hpp:11,
                 from Token.cpp:5:
/usr/include/c++/11/bits/stl_iterator_base_types.h:238:5: note: ‘std::__iterator_category’ declared here
  238 |     __iterator_category(const _Iter&)
      |     ^~~~~~~~~~~~~~~~~~~
In file included from /usr/include/c++/11/vector:67,
                 from Component.hpp:10,
                 from Parser.hpp:10,
                 from Token.cpp:6:
/usr/include/c++/11/bits/stl_vector.h: In member function ‘void TokenType::std::vector<_Tp, _Alloc>::_M_insert_dispatch(TokenType::std::vector<_Tp, _Alloc>::iterator, _InputIterator, _InputIterator, std::__false_type)’:
/usr/include/c++/11/bits/stl_vector.h:1666:32: error: ‘__iterator_category’ is not a member of ‘TokenType::std’; did you mean ‘std::__iterator_category’?
 1666 |                           std::__iterator_category(__first));
      |                                ^~~~~~~~~~~~~~~~~~~
In file included from /usr/include/c++/11/bits/stl_algobase.h:65,
                 from /usr/include/c++/11/list:60,
                 from Token.hpp:11,
                 from Token.cpp:5:
/usr/include/c++/11/bits/stl_iterator_base_types.h:238:5: note: ‘std::__iterator_category’ declared here
  238 |     __iterator_category(const _Iter&)
      |     ^~~~~~~~~~~~~~~~~~~
In file included from /usr/include/c++/11/vector:67,
                 from Component.hpp:10,
                 from Parser.hpp:10,
                 from Token.cpp:6:
/usr/include/c++/11/bits/stl_vector.h: In constructor ‘TokenType::std::vector<_Tp, _Alloc>::_Temporary_value::_Temporary_value(TokenType::std::vector<_Tp, _Alloc>*, _Args&& ...)’:
/usr/include/c++/11/bits/stl_vector.h:1712:43: error: ‘forward’ is not a member of ‘TokenType::std’; did you mean ‘std::forward’?
 1712 |                                      std::forward<_Args>(__args)...);
      |                                           ^~~~~~~
In file included from /usr/include/c++/11/bits/stl_pair.h:59,
                 from /usr/include/c++/11/bits/stl_algobase.h:64,
                 from /usr/include/c++/11/list:60,
                 from Token.hpp:11,
                 from Token.cpp:5:
/usr/include/c++/11/bits/move.h:89:5: note: ‘std::forward’ declared here
   89 |     forward(typename std::remove_reference<_Tp>::type&& __t) noexcept
      |     ^~~~~~~
In file included from /usr/include/c++/11/vector:67,
                 from Component.hpp:10,
                 from Parser.hpp:10,
                 from Token.cpp:6:
/usr/include/c++/11/bits/stl_vector.h:1712:56: error: expected primary-expression before ‘>’ token
 1712 |                                      std::forward<_Args>(__args)...);
      |                                                        ^
/usr/include/c++/11/bits/stl_vector.h: In member function ‘TokenType::std::vector<_Tp, _Alloc>::iterator TokenType::std::vector<_Tp, _Alloc>::_M_emplace_aux(TokenType::std::vector<_Tp, _Alloc>::const_iterator, TokenType::std::vector<_Tp, _Alloc>::value_type&&)’:
/usr/include/c++/11/bits/stl_vector.h:1751:48: error: ‘move’ is not a member of ‘TokenType::std’; did you mean ‘std::move’?
 1751 |       { return _M_insert_rval(__position, std::move(__v)); }
      |                                                ^~~~
In file included from /usr/include/c++/11/list:60,
                 from Token.hpp:11,
                 from Token.cpp:5:
/usr/include/c++/11/bits/stl_algobase.h:644:5: note: ‘std::move’ declared here
  644 |     move(_II __first, _II __last, _OI __result)
      |     ^~~~
In file included from /usr/include/c++/11/vector:67,
                 from Component.hpp:10,
                 from Parser.hpp:10,
                 from Token.cpp:6:
/usr/include/c++/11/bits/stl_vector.h: In member function ‘TokenType::std::vector<_Tp, _Alloc>::size_type TokenType::std::vector<_Tp, _Alloc>::_M_check_len(TokenType::std::vector<_Tp, _Alloc>::size_type, const char*) const’:
/usr/include/c++/11/bits/stl_vector.h:1761:48: error: ‘max’ is not a member of ‘TokenType::std’; did you mean ‘std::max’?
 1761 |         const size_type __len = size() + (std::max)(size(), __n);
      |                                                ^~~
In file included from /usr/include/c++/11/list:60,
                 from Token.hpp:11,
                 from Token.cpp:5:
/usr/include/c++/11/bits/stl_algobase.h:300:5: note: ‘std::max’ declared here
  300 |     max(const _Tp& __a, const _Tp& __b, _Compare __comp)
      |     ^~~
In file included from /usr/include/c++/11/vector:67,
                 from Component.hpp:10,
                 from Parser.hpp:10,
                 from Token.cpp:6:
/usr/include/c++/11/bits/stl_vector.h: In static member function ‘static TokenType::std::vector<_Tp, _Alloc>::size_type TokenType::std::vector<_Tp, _Alloc>::_S_max_size(const _Tp_alloc_type&)’:
/usr/include/c++/11/bits/stl_vector.h:1784:22: error: ‘min’ is not a member of ‘TokenType::std’; did you mean ‘std::min’?
 1784 |         return (std::min)(__diffmax, __allocmax);
      |                      ^~~
In file included from /usr/include/c++/11/list:60,
                 from Token.hpp:11,
                 from Token.cpp:5:
/usr/include/c++/11/bits/stl_algobase.h:278:5: note: ‘std::min’ declared here
  278 |     min(const _Tp& __a, const _Tp& __b, _Compare __comp)
      |     ^~~
In file included from /usr/include/c++/11/vector:67,
                 from Component.hpp:10,
                 from Parser.hpp:10,
                 from Token.cpp:6:
/usr/include/c++/11/bits/stl_vector.h: In member function ‘void TokenType::std::vector<_Tp, _Alloc>::_M_erase_at_end(TokenType::std::vector<_Tp, _Alloc>::pointer)’:
/usr/include/c++/11/bits/stl_vector.h:1796:18: error: ‘_Destroy’ is not a member of ‘TokenType::std’; did you mean ‘std::_Destroy’?
 1796 |             std::_Destroy(__pos, this->_M_impl._M_finish,
      |                  ^~~~~~~~
In file included from /usr/include/c++/11/ext/alloc_traits.h:34,
                 from /usr/include/c++/11/bits/stl_list.h:60,
                 from /usr/include/c++/11/list:63,
                 from Token.hpp:11,
                 from Token.cpp:5:
/usr/include/c++/11/bits/alloc_traits.h:743:5: note: ‘std::_Destroy’ declared here
  743 |     _Destroy(_ForwardIterator __first, _ForwardIterator __last,
      |     ^~~~~~~~
In file included from /usr/include/c++/11/vector:67,
                 from Component.hpp:10,
                 from Parser.hpp:10,
                 from Token.cpp:6:
/usr/include/c++/11/bits/stl_vector.h: In member function ‘void TokenType::std::vector<_Tp, _Alloc>::_M_move_assign(TokenType::std::vector<_Tp, _Alloc>&&, std::true_type)’:
/usr/include/c++/11/bits/stl_vector.h:1820:14: error: ‘__alloc_on_move’ is not a member of ‘TokenType::std’; did you mean ‘std::__alloc_on_move’?
 1820 |         std::__alloc_on_move(_M_get_Tp_allocator(), __x._M_get_Tp_allocator());
      |              ^~~~~~~~~~~~~~~
In file included from /usr/include/c++/11/ext/alloc_traits.h:34,
                 from /usr/include/c++/11/bits/stl_list.h:60,
                 from /usr/include/c++/11/list:63,
                 from Token.hpp:11,
                 from Token.cpp:5:
/usr/include/c++/11/bits/alloc_traits.h:608:5: note: ‘std::__alloc_on_move’ declared here
  608 |     __alloc_on_move(_Alloc& __one, _Alloc& __two)
      |     ^~~~~~~~~~~~~~~
In file included from /usr/include/c++/11/vector:67,
                 from Component.hpp:10,
                 from Parser.hpp:10,
                 from Token.cpp:6:
/usr/include/c++/11/bits/stl_vector.h: In member function ‘void TokenType::std::vector<_Tp, _Alloc>::_M_move_assign(TokenType::std::vector<_Tp, _Alloc>&&, std::false_type)’:
/usr/include/c++/11/bits/stl_vector.h:1829:31: error: ‘move’ is not a member of ‘TokenType::std’; did you mean ‘std::move’?
 1829 |           _M_move_assign(std::move(__x), true_type());
      |                               ^~~~
In file included from /usr/include/c++/11/list:60,
                 from Token.hpp:11,
                 from Token.cpp:5:
/usr/include/c++/11/bits/stl_algobase.h:644:5: note: ‘std::move’ declared here
  644 |     move(_II __first, _II __last, _OI __result)
      |     ^~~~
In file included from /usr/include/c++/11/vector:67,
                 from Component.hpp:10,
                 from Parser.hpp:10,
                 from Token.cpp:6:
/usr/include/c++/11/bits/stl_vector.h:1834:38: error: ‘make_move_iterator’ is not a member of ‘TokenType::std’; did you mean ‘std::make_move_iterator’?
 1834 |             this->_M_assign_aux(std::make_move_iterator(__x.begin()),
      |                                      ^~~~~~~~~~~~~~~~~~
In file included from /usr/include/c++/11/bits/stl_algobase.h:67,
                 from /usr/include/c++/11/list:60,
                 from Token.hpp:11,
                 from Token.cpp:5:
/usr/include/c++/11/bits/stl_iterator.h:1652:5: note: ‘std::make_move_iterator’ declared here
 1652 |     make_move_iterator(_Iterator __i)
      |     ^~~~~~~~~~~~~~~~~~
In file included from /usr/include/c++/11/vector:67,
                 from Component.hpp:10,
                 from Parser.hpp:10,
                 from Token.cpp:6:
/usr/include/c++/11/bits/stl_vector.h:1835:38: error: ‘make_move_iterator’ is not a member of ‘TokenType::std’; did you mean ‘std::make_move_iterator’?
 1835 |                                 std::make_move_iterator(__x.end()),
      |                                      ^~~~~~~~~~~~~~~~~~
In file included from /usr/include/c++/11/bits/stl_algobase.h:67,
                 from /usr/include/c++/11/list:60,
                 from Token.hpp:11,
                 from Token.cpp:5:
/usr/include/c++/11/bits/stl_iterator.h:1652:5: note: ‘std::make_move_iterator’ declared here
 1652 |     make_move_iterator(_Iterator __i)
      |     ^~~~~~~~~~~~~~~~~~
In file included from /usr/include/c++/11/vector:67,
                 from Component.hpp:10,
                 from Parser.hpp:10,
                 from Token.cpp:6:
/usr/include/c++/11/bits/stl_vector.h:1836:38: error: ‘random_access_iterator_tag’ is not a member of ‘TokenType::std’; did you mean ‘std::random_access_iterator_tag’?
 1836 |                                 std::random_access_iterator_tag());
      |                                      ^~~~~~~~~~~~~~~~~~~~~~~~~~
In file included from /usr/include/c++/11/bits/stl_algobase.h:65,
                 from /usr/include/c++/11/list:60,
                 from Token.hpp:11,
                 from Token.cpp:5:
/usr/include/c++/11/bits/stl_iterator_base_types.h:107:10: note: ‘std::random_access_iterator_tag’ declared here
  107 |   struct random_access_iterator_tag : public bidirectional_iterator_tag { };
      |          ^~~~~~~~~~~~~~~~~~~~~~~~~~
In file included from /usr/include/c++/11/vector:67,
                 from Component.hpp:10,
                 from Parser.hpp:10,
                 from Token.cpp:6:
/usr/include/c++/11/bits/stl_vector.h: In function ‘bool TokenType::std::operator==(const TokenType::std::vector<_Tp, _Alloc>&, const TokenType::std::vector<_Tp, _Alloc>&)’:
/usr/include/c++/11/bits/stl_vector.h:1894:23: error: ‘equal’ is not a member of ‘TokenType::std’; did you mean ‘std::equal’?
 1894 |               && std::equal(__x.begin(), __x.end(), __y.begin())); }
      |                       ^~~~~
In file included from /usr/include/c++/11/list:60,
                 from Token.hpp:11,
                 from Token.cpp:5:
/usr/include/c++/11/bits/stl_algobase.h:1700:5: note: ‘std::equal’ declared here
 1700 |     equal(_IIter1 __first1, _IIter1 __last1,
      |     ^~~~~
In file included from /usr/include/c++/11/vector:67,
                 from Component.hpp:10,
                 from Parser.hpp:10,
                 from Token.cpp:6:
/usr/include/c++/11/bits/stl_vector.h: In function ‘bool TokenType::std::operator<(const TokenType::std::vector<_Tp, _Alloc>&, const TokenType::std::vector<_Tp, _Alloc>&)’:
/usr/include/c++/11/bits/stl_vector.h:1931:19: error: ‘lexicographical_compare’ is not a member of ‘TokenType::std’; did you mean ‘std::lexicographical_compare’?
 1931 |     { return std::lexicographical_compare(__x.begin(), __x.end(),
      |                   ^~~~~~~~~~~~~~~~~~~~~~~
In file included from /usr/include/c++/11/list:60,
                 from Token.hpp:11,
                 from Token.cpp:5:
/usr/include/c++/11/bits/stl_algobase.h:1767:5: note: ‘std::lexicographical_compare’ declared here
 1767 |     lexicographical_compare(_II1 __first1, _II1 __last1,
      |     ^~~~~~~~~~~~~~~~~~~~~~~
In file included from /usr/include/c++/11/vector:67,
                 from Component.hpp:10,
                 from Parser.hpp:10,
                 from Token.cpp:6:
/usr/include/c++/11/bits/stl_vector.h: At global scope:
/usr/include/c++/11/bits/stl_vector.h:1977:40: error: expected template-name before ‘<’ token
 1977 |       : std::is_nothrow_move_assignable<_GLIBCXX_STD_C::vector<_Tp, _Alloc>>
      |                                        ^
/usr/include/c++/11/bits/stl_vector.h:1977:40: error: expected ‘{’ before ‘<’ token
In file included from /usr/include/c++/11/vector:68,
                 from Component.hpp:10,
                 from Parser.hpp:10,
                 from Token.cpp:6:
/usr/include/c++/11/bits/stl_bvector.h:143:25: error: expected template-name before ‘<’ token
  143 |   : public std::iterator<std::random_access_iterator_tag, bool>
      |                         ^
/usr/include/c++/11/bits/stl_bvector.h:143:25: error: expected ‘{’ before ‘<’ token
/usr/include/c++/11/bits/stl_bvector.h:143:25: error: expected unqualified-id before ‘<’ token
/usr/include/c++/11/bits/stl_bvector.h:231:33: error: invalid use of incomplete type ‘struct TokenType::std::_Bit_iterator_base’
  231 |   struct _Bit_iterator : public _Bit_iterator_base
      |                                 ^~~~~~~~~~~~~~~~~~
/usr/include/c++/11/bits/stl_bvector.h:142:10: note: forward declaration of ‘struct TokenType::std::_Bit_iterator_base’
  142 |   struct _Bit_iterator_base
      |          ^~~~~~~~~~~~~~~~~~
/usr/include/c++/11/bits/stl_bvector.h:285:16: error: ‘difference_type’ has not been declared
  285 |     operator+=(difference_type __i)
      |                ^~~~~~~~~~~~~~~
/usr/include/c++/11/bits/stl_bvector.h:292:16: error: ‘difference_type’ has not been declared
  292 |     operator-=(difference_type __i)
      |                ^~~~~~~~~~~~~~~
/usr/include/c++/11/bits/stl_bvector.h:299:16: error: ‘difference_type’ has not been declared
  299 |     operator[](difference_type __i) const
      |                ^~~~~~~~~~~~~~~
/usr/include/c++/11/bits/stl_bvector.h:303:36: error: ‘difference_type’ has not been declared
  303 |     operator+(const iterator& __x, difference_type __n)
      |                                    ^~~~~~~~~~~~~~~
/usr/include/c++/11/bits/stl_bvector.h:311:15: error: ‘difference_type’ has not been declared
  311 |     operator+(difference_type __n, const iterator& __x)
      |               ^~~~~~~~~~~~~~~
/usr/include/c++/11/bits/stl_bvector.h:315:36: error: ‘difference_type’ has not been declared
  315 |     operator-(const iterator& __x, difference_type __n)
      |                                    ^~~~~~~~~~~~~~~
/usr/include/c++/11/bits/stl_bvector.h: In constructor ‘TokenType::std::_Bit_iterator::_Bit_iterator()’:
/usr/include/c++/11/bits/stl_bvector.h:241:23: error: type ‘TokenType::std::_Bit_iterator_base’ is not a direct base of ‘TokenType::std::_Bit_iterator’
  241 |     _Bit_iterator() : _Bit_iterator_base(0, 0) { }
      |                       ^~~~~~~~~~~~~~~~~~
/usr/include/c++/11/bits/stl_bvector.h: In constructor ‘TokenType::std::_Bit_iterator::_Bit_iterator(TokenType::std::_Bit_type*, unsigned int)’:
/usr/include/c++/11/bits/stl_bvector.h:244:7: error: type ‘TokenType::std::_Bit_iterator_base’ is not a direct base of ‘TokenType::std::_Bit_iterator’
  244 |     : _Bit_iterator_base(__x, __y) { }
      |       ^~~~~~~~~~~~~~~~~~
/usr/include/c++/11/bits/stl_bvector.h: In member function ‘TokenType::std::_Bit_iterator::reference TokenType::std::_Bit_iterator::operator*() const’:
/usr/include/c++/11/bits/stl_bvector.h:252:24: error: ‘_M_p’ was not declared in this scope
  252 |     { return reference(_M_p, 1UL << _M_offset); }
      |                        ^~~~
/usr/include/c++/11/bits/stl_bvector.h:252:37: error: ‘_M_offset’ was not declared in this scope; did you mean ‘__off_t’?
  252 |     { return reference(_M_p, 1UL << _M_offset); }
      |                                     ^~~~~~~~~
      |                                     __off_t
/usr/include/c++/11/bits/stl_bvector.h: In member function ‘TokenType::std::_Bit_iterator::iterator& TokenType::std::_Bit_iterator::operator++()’:
/usr/include/c++/11/bits/stl_bvector.h:257:7: error: ‘_M_bump_up’ was not declared in this scope
  257 |       _M_bump_up();
      |       ^~~~~~~~~~
/usr/include/c++/11/bits/stl_bvector.h: In member function ‘TokenType::std::_Bit_iterator::iterator TokenType::std::_Bit_iterator::operator++(int)’:
/usr/include/c++/11/bits/stl_bvector.h:265:7: error: ‘_M_bump_up’ was not declared in this scope
  265 |       _M_bump_up();
      |       ^~~~~~~~~~
/usr/include/c++/11/bits/stl_bvector.h: In member function ‘TokenType::std::_Bit_iterator::iterator& TokenType::std::_Bit_iterator::operator--()’:
/usr/include/c++/11/bits/stl_bvector.h:272:7: error: ‘_M_bump_down’ was not declared in this scope
  272 |       _M_bump_down();
      |       ^~~~~~~~~~~~
/usr/include/c++/11/bits/stl_bvector.h: In member function ‘TokenType::std::_Bit_iterator::iterator TokenType::std::_Bit_iterator::operator--(int)’:
/usr/include/c++/11/bits/stl_bvector.h:280:7: error: ‘_M_bump_down’ was not declared in this scope
  280 |       _M_bump_down();
      |       ^~~~~~~~~~~~
/usr/include/c++/11/bits/stl_bvector.h: In member function ‘TokenType::std::_Bit_iterator::iterator& TokenType::std::_Bit_iterator::operator+=(int)’:
/usr/include/c++/11/bits/stl_bvector.h:287:7: error: ‘_M_incr’ was not declared in this scope
  287 |       _M_incr(__i);
      |       ^~~~~~~
/usr/include/c++/11/bits/stl_bvector.h: At global scope:
/usr/include/c++/11/bits/stl_bvector.h:323:39: error: invalid use of incomplete type ‘struct TokenType::std::_Bit_iterator_base’
  323 |   struct _Bit_const_iterator : public _Bit_iterator_base
      |                                       ^~~~~~~~~~~~~~~~~~
/usr/include/c++/11/bits/stl_bvector.h:142:10: note: forward declaration of ‘struct TokenType::std::_Bit_iterator_base’
  142 |   struct _Bit_iterator_base
      |          ^~~~~~~~~~~~~~~~~~
/usr/include/c++/11/bits/stl_bvector.h:381:16: error: ‘difference_type’ has not been declared
  381 |     operator+=(difference_type __i)
      |                ^~~~~~~~~~~~~~~
/usr/include/c++/11/bits/stl_bvector.h:388:16: error: ‘difference_type’ has not been declared
  388 |     operator-=(difference_type __i)
      |                ^~~~~~~~~~~~~~~
/usr/include/c++/11/bits/stl_bvector.h:395:16: error: ‘difference_type’ has not been declared
  395 |     operator[](difference_type __i) const
      |                ^~~~~~~~~~~~~~~
/usr/include/c++/11/bits/stl_bvector.h:399:42: error: ‘difference_type’ has not been declared
  399 |     operator+(const const_iterator& __x, difference_type __n)
      |                                          ^~~~~~~~~~~~~~~
/usr/include/c++/11/bits/stl_bvector.h:407:42: error: ‘difference_type’ has not been declared
  407 |     operator-(const const_iterator& __x, difference_type __n)
      |                                          ^~~~~~~~~~~~~~~
/usr/include/c++/11/bits/stl_bvector.h:415:15: error: ‘difference_type’ has not been declared
  415 |     operator+(difference_type __n, const const_iterator& __x)
      |               ^~~~~~~~~~~~~~~
/usr/include/c++/11/bits/stl_bvector.h: In constructor ‘TokenType::std::_Bit_const_iterator::_Bit_const_iterator()’:
/usr/include/c++/11/bits/stl_bvector.h:334:29: error: type ‘TokenType::std::_Bit_iterator_base’ is not a direct base of ‘TokenType::std::_Bit_const_iterator’
  334 |     _Bit_const_iterator() : _Bit_iterator_base(0, 0) { }
      |                             ^~~~~~~~~~~~~~~~~~
/usr/include/c++/11/bits/stl_bvector.h: In constructor ‘TokenType::std::_Bit_const_iterator::_Bit_const_iterator(TokenType::std::_Bit_type*, unsigned int)’:
/usr/include/c++/11/bits/stl_bvector.h:337:7: error: type ‘TokenType::std::_Bit_iterator_base’ is not a direct base of ‘TokenType::std::_Bit_const_iterator’
  337 |     : _Bit_iterator_base(__x, __y) { }
      |       ^~~~~~~~~~~~~~~~~~
/usr/include/c++/11/bits/stl_bvector.h: In constructor ‘TokenType::std::_Bit_const_iterator::_Bit_const_iterator(const TokenType::std::_Bit_iterator&)’:
/usr/include/c++/11/bits/stl_bvector.h:340:7: error: type ‘TokenType::std::_Bit_iterator_base’ is not a direct base of ‘TokenType::std::_Bit_const_iterator’
  340 |     : _Bit_iterator_base(__x._M_p, __x._M_offset) { }
      |       ^~~~~~~~~~~~~~~~~~
/usr/include/c++/11/bits/stl_bvector.h:340:30: error: ‘const struct TokenType::std::_Bit_iterator’ has no member named ‘_M_p’
  340 |     : _Bit_iterator_base(__x._M_p, __x._M_offset) { }
      |                              ^~~~
/usr/include/c++/11/bits/stl_bvector.h:340:40: error: ‘const struct TokenType::std::_Bit_iterator’ has no member named ‘_M_offset’
  340 |     : _Bit_iterator_base(__x._M_p, __x._M_offset) { }
      |                                        ^~~~~~~~~
/usr/include/c++/11/bits/stl_bvector.h: In member function ‘TokenType::std::_Bit_iterator TokenType::std::_Bit_const_iterator::_M_const_cast() const’:
/usr/include/c++/11/bits/stl_bvector.h:344:28: error: ‘_M_p’ was not declared in this scope
  344 |     { return _Bit_iterator(_M_p, _M_offset); }
      |                            ^~~~
/usr/include/c++/11/bits/stl_bvector.h:344:34: error: ‘_M_offset’ was not declared in this scope; did you mean ‘__off_t’?
  344 |     { return _Bit_iterator(_M_p, _M_offset); }
      |                                  ^~~~~~~~~
      |                                  __off_t
/usr/include/c++/11/bits/stl_bvector.h: In member function ‘TokenType::std::_Bit_const_iterator::const_reference TokenType::std::_Bit_const_iterator::operator*() const’:
/usr/include/c++/11/bits/stl_bvector.h:348:29: error: ‘_M_p’ was not declared in this scope
  348 |     { return _Bit_reference(_M_p, 1UL << _M_offset); }
      |                             ^~~~
/usr/include/c++/11/bits/stl_bvector.h:348:42: error: ‘_M_offset’ was not declared in this scope; did you mean ‘__off_t’?
  348 |     { return _Bit_reference(_M_p, 1UL << _M_offset); }
      |                                          ^~~~~~~~~
      |                                          __off_t
/usr/include/c++/11/bits/stl_bvector.h: In member function ‘TokenType::std::_Bit_const_iterator::const_iterator& TokenType::std::_Bit_const_iterator::operator++()’:
/usr/include/c++/11/bits/stl_bvector.h:353:7: error: ‘_M_bump_up’ was not declared in this scope
  353 |       _M_bump_up();
      |       ^~~~~~~~~~
/usr/include/c++/11/bits/stl_bvector.h: In member function ‘TokenType::std::_Bit_const_iterator::const_iterator TokenType::std::_Bit_const_iterator::operator++(int)’:
/usr/include/c++/11/bits/stl_bvector.h:361:7: error: ‘_M_bump_up’ was not declared in this scope
  361 |       _M_bump_up();
      |       ^~~~~~~~~~
/usr/include/c++/11/bits/stl_bvector.h: In member function ‘TokenType::std::_Bit_const_iterator::const_iterator& TokenType::std::_Bit_const_iterator::operator--()’:
/usr/include/c++/11/bits/stl_bvector.h:368:7: error: ‘_M_bump_down’ was not declared in this scope
  368 |       _M_bump_down();
      |       ^~~~~~~~~~~~
/usr/include/c++/11/bits/stl_bvector.h: In member function ‘TokenType::std::_Bit_const_iterator::const_iterator TokenType::std::_Bit_const_iterator::operator--(int)’:
/usr/include/c++/11/bits/stl_bvector.h:376:7: error: ‘_M_bump_down’ was not declared in this scope
  376 |       _M_bump_down();
      |       ^~~~~~~~~~~~
/usr/include/c++/11/bits/stl_bvector.h: In member function ‘TokenType::std::_Bit_const_iterator::const_iterator& TokenType::std::_Bit_const_iterator::operator+=(int)’:
/usr/include/c++/11/bits/stl_bvector.h:383:7: error: ‘_M_incr’ was not declared in this scope
  383 |       _M_incr(__i);
      |       ^~~~~~~
/usr/include/c++/11/bits/stl_bvector.h: In constructor ‘TokenType::std::_Bvector_base<_Alloc>::_Bvector_impl::_Bvector_impl(TokenType::std::_Bvector_base<_Alloc>::_Bvector_impl&&)’:
/usr/include/c++/11/bits/stl_bvector.h:493:32: error: ‘move’ is not a member of ‘TokenType::std’; did you mean ‘std::move’?
  493 |         : _Bit_alloc_type(std::move(__x)), _Bvector_impl_data(std::move(__x))
      |                                ^~~~
In file included from /usr/include/c++/11/list:60,
                 from Token.hpp:11,
                 from Token.cpp:5:
/usr/include/c++/11/bits/stl_algobase.h:644:5: note: ‘std::move’ declared here
  644 |     move(_II __first, _II __last, _OI __result)
      |     ^~~~
In file included from /usr/include/c++/11/vector:68,
                 from Component.hpp:10,
                 from Parser.hpp:10,
                 from Token.cpp:6:
/usr/include/c++/11/bits/stl_bvector.h:493:68: error: ‘move’ is not a member of ‘TokenType::std’; did you mean ‘std::move’?
  493 |         : _Bit_alloc_type(std::move(__x)), _Bvector_impl_data(std::move(__x))
      |                                                                    ^~~~
In file included from /usr/include/c++/11/list:60,
                 from Token.hpp:11,
                 from Token.cpp:5:
/usr/include/c++/11/bits/stl_algobase.h:644:5: note: ‘std::move’ declared here
  644 |     move(_II __first, _II __last, _OI __result)
      |     ^~~~
In file included from /usr/include/c++/11/vector:68,
                 from Component.hpp:10,
                 from Parser.hpp:10,
                 from Token.cpp:6:
/usr/include/c++/11/bits/stl_bvector.h: In constructor ‘TokenType::std::_Bvector_base<_Alloc>::_Bvector_impl::_Bvector_impl(TokenType::std::_Bvector_base<_Alloc>::_Bit_alloc_type&&, TokenType::std::_Bvector_base<_Alloc>::_Bvector_impl&&)’:
/usr/include/c++/11/bits/stl_bvector.h:497:32: error: ‘move’ is not a member of ‘TokenType::std’; did you mean ‘std::move’?
  497 |         : _Bit_alloc_type(std::move(__a)), _Bvector_impl_data(std::move(__x))
      |                                ^~~~
In file included from /usr/include/c++/11/list:60,
                 from Token.hpp:11,
                 from Token.cpp:5:
/usr/include/c++/11/bits/stl_algobase.h:644:5: note: ‘std::move’ declared here
  644 |     move(_II __first, _II __last, _OI __result)
      |     ^~~~
In file included from /usr/include/c++/11/vector:68,
                 from Component.hpp:10,
                 from Parser.hpp:10,
                 from Token.cpp:6:
/usr/include/c++/11/bits/stl_bvector.h:497:68: error: ‘move’ is not a member of ‘TokenType::std’; did you mean ‘std::move’?
  497 |         : _Bit_alloc_type(std::move(__a)), _Bvector_impl_data(std::move(__x))
      |                                                                    ^~~~
In file included from /usr/include/c++/11/list:60,
                 from Token.hpp:11,
                 from Token.cpp:5:
/usr/include/c++/11/bits/stl_algobase.h:644:5: note: ‘std::move’ declared here
  644 |     move(_II __first, _II __last, _OI __result)
      |     ^~~~
In file included from /usr/include/c++/11/vector:68,
                 from Component.hpp:10,
                 from Parser.hpp:10,
                 from Token.cpp:6:
/usr/include/c++/11/bits/stl_bvector.h: In member function ‘TokenType::std::_Bit_type* TokenType::std::_Bvector_base<_Alloc>::_Bvector_impl::_M_end_addr() const’:
/usr/include/c++/11/bits/stl_bvector.h:505:25: error: ‘__addressof’ is not a member of ‘TokenType::std’; did you mean ‘std::__addressof’?
  505 |             return std::__addressof(this->_M_end_of_storage[-1]) + 1;
      |                         ^~~~~~~~~~~
In file included from /usr/include/c++/11/bits/stl_pair.h:59,
                 from /usr/include/c++/11/bits/stl_algobase.h:64,
                 from /usr/include/c++/11/list:60,
                 from Token.hpp:11,
                 from Token.cpp:5:
/usr/include/c++/11/bits/move.h:49:5: note: ‘std::__addressof’ declared here
   49 |     __addressof(_Tp& __r) _GLIBCXX_NOEXCEPT
      |     ^~~~~~~~~~~
In file included from /usr/include/c++/11/vector:68,
                 from Component.hpp:10,
                 from Parser.hpp:10,
                 from Token.cpp:6:
/usr/include/c++/11/bits/stl_bvector.h: In constructor ‘TokenType::std::_Bvector_base<_Alloc>::_Bvector_base(TokenType::std::_Bvector_base<_Alloc>&&, const allocator_type&)’:
/usr/include/c++/11/bits/stl_bvector.h:538:44: error: ‘move’ is not a member of ‘TokenType::std’; did you mean ‘std::move’?
  538 |       : _M_impl(_Bit_alloc_type(__a), std::move(__x._M_impl))
      |                                            ^~~~
In file included from /usr/include/c++/11/list:60,
                 from Token.hpp:11,
                 from Token.cpp:5:
/usr/include/c++/11/bits/stl_algobase.h:644:5: note: ‘std::move’ declared here
  644 |     move(_II __first, _II __last, _OI __result)
      |     ^~~~
In file included from /usr/include/c++/11/vector:68,
                 from Component.hpp:10,
                 from Parser.hpp:10,
                 from Token.cpp:6:
/usr/include/c++/11/bits/stl_bvector.h: In member function ‘void TokenType::std::_Bvector_base<_Alloc>::_M_move_data(TokenType::std::_Bvector_base<_Alloc>&&)’:
/usr/include/c++/11/bits/stl_bvector.h:568:35: error: ‘move’ is not a member of ‘TokenType::std’; did you mean ‘std::move’?
  568 |       { _M_impl._M_move_data(std::move(__x._M_impl)); }
      |                                   ^~~~
In file included from /usr/include/c++/11/list:60,
                 from Token.hpp:11,
                 from Token.cpp:5:
/usr/include/c++/11/bits/stl_algobase.h:644:5: note: ‘std::move’ declared here
  644 |     move(_II __first, _II __last, _OI __result)
      |     ^~~~
In file included from /usr/include/c++/11/vector:68,
                 from Component.hpp:10,
                 from Parser.hpp:10,
                 from Token.cpp:6:
/usr/include/c++/11/bits/stl_bvector.h: At global scope:
/usr/include/c++/11/bits/stl_bvector.h:603:26: error: ‘hash’ is not a class template
  603 |       friend struct std::hash<vector>;
      |                          ^~~~
/usr/include/c++/11/bits/stl_bvector.h:603:26: error: ‘hash’ in namespace ‘TokenType::std’ does not name a type
/usr/include/c++/11/bits/stl_bvector.h:603:7: error: friend declaration does not name a class or function
  603 |       friend struct std::hash<vector>;
      |       ^~~~~~
/usr/include/c++/11/bits/stl_bvector.h:616:20: error: ‘reverse_iterator’ in namespace ‘TokenType::std’ does not name a template type
  616 |       typedef std::reverse_iterator<const_iterator>     const_reverse_iterator;
      |                    ^~~~~~~~~~~~~~~~
/usr/include/c++/11/bits/stl_bvector.h:617:20: error: ‘reverse_iterator’ in namespace ‘TokenType::std’ does not name a template type
  617 |       typedef std::reverse_iterator<iterator>           reverse_iterator;
      |                    ^~~~~~~~~~~~~~~~
/usr/include/c++/11/bits/stl_bvector.h:713:32: error: ‘_RequireInputIter’ in namespace ‘TokenType::std’ does not name a template type
  713 |                typename = std::_RequireInputIter<_InputIterator>>
      |                                ^~~~~~~~~~~~~~~~~
/usr/include/c++/11/bits/stl_bvector.h:713:49: error: expected ‘>’ before ‘<’ token
  713 |                typename = std::_RequireInputIter<_InputIterator>>
      |                                                 ^
/usr/include/c++/11/bits/stl_bvector.h:809:32: error: ‘_RequireInputIter’ in namespace ‘TokenType::std’ does not name a template type
  809 |                typename = std::_RequireInputIter<_InputIterator>>
      |                                ^~~~~~~~~~~~~~~~~
/usr/include/c++/11/bits/stl_bvector.h:809:49: error: expected ‘>’ before ‘<’ token
  809 |                typename = std::_RequireInputIter<_InputIterator>>
      |                                                 ^
/usr/include/c++/11/bits/stl_bvector.h:847:7: error: deduced class type ‘reverse_iterator’ in function return type
  847 |       rbegin() _GLIBCXX_NOEXCEPT
      |       ^~~~~~
In file included from /usr/include/c++/11/bits/stl_algobase.h:67,
                 from /usr/include/c++/11/list:60,
                 from Token.hpp:11,
                 from Token.cpp:5:
/usr/include/c++/11/bits/stl_iterator.h:127:11: note: ‘template<class _Iterator> class std::reverse_iterator’ declared here
  127 |     class reverse_iterator
      |           ^~~~~~~~~~~~~~~~
In file included from /usr/include/c++/11/vector:68,
                 from Component.hpp:10,
                 from Parser.hpp:10,
                 from Token.cpp:6:
/usr/include/c++/11/bits/stl_bvector.h:850:7: error: ‘const_reverse_iterator’ does not name a type; did you mean ‘const_iterator’?
  850 |       const_reverse_iterator
      |       ^~~~~~~~~~~~~~~~~~~~~~
      |       const_iterator
/usr/include/c++/11/bits/stl_bvector.h:855:7: error: deduced class type ‘reverse_iterator’ in function return type
  855 |       rend() _GLIBCXX_NOEXCEPT
      |       ^~~~
In file included from /usr/include/c++/11/bits/stl_algobase.h:67,
                 from /usr/include/c++/11/list:60,
                 from Token.hpp:11,
                 from Token.cpp:5:
/usr/include/c++/11/bits/stl_iterator.h:127:11: note: ‘template<class _Iterator> class std::reverse_iterator’ declared here
  127 |     class reverse_iterator
      |           ^~~~~~~~~~~~~~~~
In file included from /usr/include/c++/11/vector:68,
                 from Component.hpp:10,
                 from Parser.hpp:10,
                 from Token.cpp:6:
/usr/include/c++/11/bits/stl_bvector.h:858:7: error: ‘const_reverse_iterator’ does not name a type; did you mean ‘const_iterator’?
  858 |       const_reverse_iterator
      |       ^~~~~~~~~~~~~~~~~~~~~~
      |       const_iterator
/usr/include/c++/11/bits/stl_bvector.h:871:7: error: ‘const_reverse_iterator’ does not name a type; did you mean ‘const_iterator’?
  871 |       const_reverse_iterator
      |       ^~~~~~~~~~~~~~~~~~~~~~
      |       const_iterator
/usr/include/c++/11/bits/stl_bvector.h:875:7: error: ‘const_reverse_iterator’ does not name a type; did you mean ‘const_iterator’?
  875 |       const_reverse_iterator
      |       ^~~~~~~~~~~~~~~~~~~~~~
      |       const_iterator
/usr/include/c++/11/bits/stl_bvector.h:1014:32: error: ‘_RequireInputIter’ in namespace ‘TokenType::std’ does not name a template type
 1014 |                typename = std::_RequireInputIter<_InputIterator>>
      |                                ^~~~~~~~~~~~~~~~~
/usr/include/c++/11/bits/stl_bvector.h:1014:49: error: expected ‘>’ before ‘<’ token
 1014 |                typename = std::_RequireInputIter<_InputIterator>>
      |                                                 ^
/usr/include/c++/11/bits/stl_bvector.h:1188:29: error: ‘TokenType::std::input_iterator_tag’ has not been declared
 1188 |                             std::input_iterator_tag)
      |                             ^~~
/usr/include/c++/11/bits/stl_bvector.h:1197:29: error: ‘TokenType::std::forward_iterator_tag’ has not been declared
 1197 |                             std::forward_iterator_tag)
      |                             ^~~
/usr/include/c++/11/bits/stl_bvector.h:1196:9: error: ‘template<class _Alloc> template<class _ForwardIterator> void TokenType::std::vector<bool, _Alloc>::_M_initialize_range(_ForwardIterator, _ForwardIterator, int)’ cannot be overloaded with ‘template<class _Alloc> template<class _InputIterator> void TokenType::std::vector<bool, _Alloc>::_M_initialize_range(_InputIterator, _InputIterator, int)’
 1196 |         _M_initialize_range(_ForwardIterator __first, _ForwardIterator __last,
      |         ^~~~~~~~~~~~~~~~~~~
/usr/include/c++/11/bits/stl_bvector.h:1187:9: note: previous declaration ‘template<class _Alloc> template<class _InputIterator> void TokenType::std::vector<bool, _Alloc>::_M_initialize_range(_InputIterator, _InputIterator, int)’
 1187 |         _M_initialize_range(_InputIterator __first, _InputIterator __last,
      |         ^~~~~~~~~~~~~~~~~~~
/usr/include/c++/11/bits/stl_bvector.h:1237:23: error: ‘TokenType::std::input_iterator_tag’ has not been declared
 1237 |                       std::input_iterator_tag)
      |                       ^~~
/usr/include/c++/11/bits/stl_bvector.h:1251:23: error: ‘TokenType::std::forward_iterator_tag’ has not been declared
 1251 |                       std::forward_iterator_tag)
      |                       ^~~
/usr/include/c++/11/bits/stl_bvector.h:1250:9: error: ‘template<class _Alloc> template<class _ForwardIterator> void TokenType::std::vector<bool, _Alloc>::_M_assign_aux(_ForwardIterator, _ForwardIterator, int)’ cannot be overloaded with ‘template<class _Alloc> template<class _InputIterator> void TokenType::std::vector<bool, _Alloc>::_M_assign_aux(_InputIterator, _InputIterator, int)’
 1250 |         _M_assign_aux(_ForwardIterator __first, _ForwardIterator __last,
      |         ^~~~~~~~~~~~~
/usr/include/c++/11/bits/stl_bvector.h:1236:9: note: previous declaration ‘template<class _Alloc> template<class _InputIterator> void TokenType::std::vector<bool, _Alloc>::_M_assign_aux(_InputIterator, _InputIterator, int)’
 1236 |         _M_assign_aux(_InputIterator __first, _InputIterator __last,
      |         ^~~~~~~~~~~~~
/usr/include/c++/11/bits/stl_bvector.h:1289:48: error: ‘TokenType::std::input_iterator_tag’ has not been declared
 1289 |                         _InputIterator __last, std::input_iterator_tag)
      |                                                ^~~
/usr/include/c++/11/bits/stl_bvector.h:1301:50: error: ‘TokenType::std::forward_iterator_tag’ has not been declared
 1301 |                         _ForwardIterator __last, std::forward_iterator_tag);
      |                                                  ^~~
/usr/include/c++/11/bits/stl_bvector.h:1300:9: error: ‘template<class _Alloc> template<class _ForwardIterator> void TokenType::std::vector<bool, _Alloc>::_M_insert_range(TokenType::std::vector<bool, _Alloc>::iterator, _ForwardIterator, _ForwardIterator, int)’ cannot be overloaded with ‘template<class _Alloc> template<class _InputIterator> void TokenType::std::vector<bool, _Alloc>::_M_insert_range(TokenType::std::vector<bool, _Alloc>::iterator, _InputIterator, _InputIterator, int)’
 1300 |         _M_insert_range(iterator __position, _ForwardIterator __first,
      |         ^~~~~~~~~~~~~~~
/usr/include/c++/11/bits/stl_bvector.h:1288:9: note: previous declaration ‘template<class _Alloc> template<class _InputIterator> void TokenType::std::vector<bool, _Alloc>::_M_insert_range(TokenType::std::vector<bool, _Alloc>::iterator, _InputIterator, _InputIterator, int)’
 1288 |         _M_insert_range(iterator __pos, _InputIterator __first,
      |         ^~~~~~~~~~~~~~~
/usr/include/c++/11/bits/stl_bvector.h: In constructor ‘TokenType::std::vector<bool, _Alloc>::vector(TokenType::std::vector<bool, _Alloc>&&, const allocator_type&, std::true_type)’:
/usr/include/c++/11/bits/stl_bvector.h:672:20: error: ‘move’ is not a member of ‘TokenType::std’; did you mean ‘std::move’?
  672 |       : _Base(std::move(__x), __a)
      |                    ^~~~
In file included from /usr/include/c++/11/list:60,
                 from Token.hpp:11,
                 from Token.cpp:5:
/usr/include/c++/11/bits/stl_algobase.h:644:5: note: ‘std::move’ declared here
  644 |     move(_II __first, _II __last, _OI __result)
      |     ^~~~
In file included from /usr/include/c++/11/vector:68,
                 from Component.hpp:10,
                 from Parser.hpp:10,
                 from Token.cpp:6:
/usr/include/c++/11/bits/stl_bvector.h: In constructor ‘TokenType::std::vector<bool, _Alloc>::vector(TokenType::std::vector<bool, _Alloc>&&, const allocator_type&, std::false_type)’:
/usr/include/c++/11/bits/stl_bvector.h:679:35: error: ‘move’ is not a member of ‘TokenType::std’; did you mean ‘std::move’?
  679 |           this->_M_move_data(std::move(__x));
      |                                   ^~~~
In file included from /usr/include/c++/11/list:60,
                 from Token.hpp:11,
                 from Token.cpp:5:
/usr/include/c++/11/bits/stl_algobase.h:644:5: note: ‘std::move’ declared here
  644 |     move(_II __first, _II __last, _OI __result)
      |     ^~~~
In file included from /usr/include/c++/11/vector:68,
                 from Component.hpp:10,
                 from Parser.hpp:10,
                 from Token.cpp:6:
/usr/include/c++/11/bits/stl_bvector.h: In constructor ‘TokenType::std::vector<bool, _Alloc>::vector(TokenType::std::vector<bool, _Alloc>&&, const allocator_type&)’:
/usr/include/c++/11/bits/stl_bvector.h:691:21: error: ‘move’ is not a member of ‘TokenType::std’; did you mean ‘std::move’?
  691 |       : vector(std::move(__x), __a,
      |                     ^~~~
In file included from /usr/include/c++/11/list:60,
                 from Token.hpp:11,
                 from Token.cpp:5:
/usr/include/c++/11/bits/stl_algobase.h:644:5: note: ‘std::move’ declared here
  644 |     move(_II __first, _II __last, _OI __result)
      |     ^~~~
In file included from /usr/include/c++/11/vector:68,
                 from Component.hpp:10,
                 from Parser.hpp:10,
                 from Token.cpp:6:
/usr/include/c++/11/bits/stl_bvector.h: In constructor ‘TokenType::std::vector<bool, _Alloc>::vector(_InputIterator, _InputIterator, const allocator_type&)’:
/usr/include/c++/11/bits/stl_bvector.h:719:36: error: ‘__iterator_category’ is not a member of ‘TokenType::std’; did you mean ‘std::__iterator_category’?
  719 |                               std::__iterator_category(__first));
      |                                    ^~~~~~~~~~~~~~~~~~~
In file included from /usr/include/c++/11/bits/stl_algobase.h:65,
                 from /usr/include/c++/11/list:60,
                 from Token.hpp:11,
                 from Token.cpp:5:
/usr/include/c++/11/bits/stl_iterator_base_types.h:238:5: note: ‘std::__iterator_category’ declared here
  238 |     __iterator_category(const _Iter&)
      |     ^~~~~~~~~~~~~~~~~~~
In file included from /usr/include/c++/11/vector:68,
                 from Component.hpp:10,
                 from Parser.hpp:10,
                 from Token.cpp:6:
/usr/include/c++/11/bits/stl_bvector.h: In member function ‘TokenType::std::vector<bool, _Alloc>& TokenType::std::vector<bool, _Alloc>::operator=(const TokenType::std::vector<bool, _Alloc>&)’:
/usr/include/c++/11/bits/stl_bvector.h:746:22: error: ‘__alloc_on_copy’ is not a member of ‘TokenType::std’; did you mean ‘std::__alloc_on_copy’?
  746 |                 std::__alloc_on_copy(_M_get_Bit_allocator(),
      |                      ^~~~~~~~~~~~~~~
In file included from /usr/include/c++/11/ext/alloc_traits.h:34,
                 from /usr/include/c++/11/bits/stl_list.h:60,
                 from /usr/include/c++/11/list:63,
                 from Token.hpp:11,
                 from Token.cpp:5:
/usr/include/c++/11/bits/alloc_traits.h:590:5: note: ‘std::__alloc_on_copy’ declared here
  590 |     __alloc_on_copy(const _Alloc& __a)
      |     ^~~~~~~~~~~~~~~
In file included from /usr/include/c++/11/vector:68,
                 from Component.hpp:10,
                 from Parser.hpp:10,
                 from Token.cpp:6:
/usr/include/c++/11/bits/stl_bvector.h:751:20: error: ‘__alloc_on_copy’ is not a member of ‘TokenType::std’; did you mean ‘std::__alloc_on_copy’?
  751 |               std::__alloc_on_copy(_M_get_Bit_allocator(),
      |                    ^~~~~~~~~~~~~~~
In file included from /usr/include/c++/11/ext/alloc_traits.h:34,
                 from /usr/include/c++/11/bits/stl_list.h:60,
                 from /usr/include/c++/11/list:63,
                 from Token.hpp:11,
                 from Token.cpp:5:
/usr/include/c++/11/bits/alloc_traits.h:590:5: note: ‘std::__alloc_on_copy’ declared here
  590 |     __alloc_on_copy(const _Alloc& __a)
      |     ^~~~~~~~~~~~~~~
In file included from /usr/include/c++/11/vector:68,
                 from Component.hpp:10,
                 from Parser.hpp:10,
                 from Token.cpp:6:
/usr/include/c++/11/bits/stl_bvector.h: In member function ‘TokenType::std::vector<bool, _Alloc>& TokenType::std::vector<bool, _Alloc>::operator=(TokenType::std::vector<bool, _Alloc>&&)’:
/usr/include/c++/11/bits/stl_bvector.h:773:37: error: ‘move’ is not a member of ‘TokenType::std’; did you mean ‘std::move’?
  773 |             this->_M_move_data(std::move(__x));
      |                                     ^~~~
In file included from /usr/include/c++/11/list:60,
                 from Token.hpp:11,
                 from Token.cpp:5:
/usr/include/c++/11/bits/stl_algobase.h:644:5: note: ‘std::move’ declared here
  644 |     move(_II __first, _II __last, _OI __result)
      |     ^~~~
In file included from /usr/include/c++/11/vector:68,
                 from Component.hpp:10,
                 from Parser.hpp:10,
                 from Token.cpp:6:
/usr/include/c++/11/bits/stl_bvector.h:774:18: error: ‘__alloc_on_move’ is not a member of ‘TokenType::std’; did you mean ‘std::__alloc_on_move’?
  774 |             std::__alloc_on_move(_M_get_Bit_allocator(),
      |                  ^~~~~~~~~~~~~~~
In file included from /usr/include/c++/11/ext/alloc_traits.h:34,
                 from /usr/include/c++/11/bits/stl_list.h:60,
                 from /usr/include/c++/11/list:63,
                 from Token.hpp:11,
                 from Token.cpp:5:
/usr/include/c++/11/bits/alloc_traits.h:608:5: note: ‘std::__alloc_on_move’ declared here
  608 |     __alloc_on_move(_Alloc& __one, _Alloc& __two)
      |     ^~~~~~~~~~~~~~~
In file included from /usr/include/c++/11/vector:68,
                 from Component.hpp:10,
                 from Parser.hpp:10,
                 from Token.cpp:6:
/usr/include/c++/11/bits/stl_bvector.h: In member function ‘void TokenType::std::vector<bool, _Alloc>::assign(_InputIterator, _InputIterator)’:
/usr/include/c++/11/bits/stl_bvector.h:812:47: error: ‘__iterator_category’ is not a member of ‘TokenType::std’; did you mean ‘std::__iterator_category’?
  812 |         { _M_assign_aux(__first, __last, std::__iterator_category(__first)); }
      |                                               ^~~~~~~~~~~~~~~~~~~
In file included from /usr/include/c++/11/bits/stl_algobase.h:65,
                 from /usr/include/c++/11/list:60,
                 from Token.hpp:11,
                 from Token.cpp:5:
/usr/include/c++/11/bits/stl_iterator_base_types.h:238:5: note: ‘std::__iterator_category’ declared here
  238 |     __iterator_category(const _Iter&)
      |     ^~~~~~~~~~~~~~~~~~~
In file included from /usr/include/c++/11/vector:68,
                 from Component.hpp:10,
                 from Parser.hpp:10,
                 from Token.cpp:6:
/usr/include/c++/11/bits/stl_bvector.h: In member function ‘TokenType::std::vector<bool, _Alloc>::iterator TokenType::std::vector<bool, _Alloc>::insert(TokenType::std::vector<bool, _Alloc>::const_iterator, _InputIterator, _InputIterator)’:
/usr/include/c++/11/bits/stl_bvector.h:1022:32: error: ‘__iterator_category’ is not a member of ‘TokenType::std’; did you mean ‘std::__iterator_category’?
 1022 |                           std::__iterator_category(__first));
      |                                ^~~~~~~~~~~~~~~~~~~
In file included from /usr/include/c++/11/bits/stl_algobase.h:65,
                 from /usr/include/c++/11/list:60,
                 from Token.hpp:11,
                 from Token.cpp:5:
/usr/include/c++/11/bits/stl_iterator_base_types.h:238:5: note: ‘std::__iterator_category’ declared here
  238 |     __iterator_category(const _Iter&)
      |     ^~~~~~~~~~~~~~~~~~~
In file included from /usr/include/c++/11/vector:68,
                 from Component.hpp:10,
                 from Parser.hpp:10,
                 from Token.cpp:6:
/usr/include/c++/11/bits/stl_bvector.h: In member function ‘TokenType::std::vector<bool, _Alloc>::iterator TokenType::std::vector<bool, _Alloc>::_M_copy_aligned(TokenType::std::vector<bool, _Alloc>::const_iterator, TokenType::std::vector<bool, _Alloc>::const_iterator, TokenType::std::vector<bool, _Alloc>::iterator)’:
/usr/include/c++/11/bits/stl_bvector.h:1131:31: error: ‘copy’ is not a member of ‘TokenType::std’; did you mean ‘std::copy’?
 1131 |         _Bit_type* __q = std::copy(__first._M_p, __last._M_p, __result._M_p);
      |                               ^~~~
In file included from /usr/include/c++/11/list:60,
                 from Token.hpp:11,
                 from Token.cpp:5:
/usr/include/c++/11/bits/stl_algobase.h:611:5: note: ‘std::copy’ declared here
  611 |     copy(_II __first, _II __last, _OI __result)
      |     ^~~~
In file included from /usr/include/c++/11/vector:68,
                 from Component.hpp:10,
                 from Parser.hpp:10,
                 from Token.cpp:6:
/usr/include/c++/11/bits/stl_bvector.h:1131:44: error: ‘TokenType::std::vector<bool, _Alloc>::const_iterator’ has no member named ‘_M_p’
 1131 |         _Bit_type* __q = std::copy(__first._M_p, __last._M_p, __result._M_p);
      |                                            ^~~~
/usr/include/c++/11/bits/stl_bvector.h:1131:57: error: ‘TokenType::std::vector<bool, _Alloc>::const_iterator’ has no member named ‘_M_p’
 1131 |         _Bit_type* __q = std::copy(__first._M_p, __last._M_p, __result._M_p);
      |                                                         ^~~~
/usr/include/c++/11/bits/stl_bvector.h:1131:72: error: ‘TokenType::std::vector<bool, _Alloc>::iterator’ has no member named ‘_M_p’
 1131 |         _Bit_type* __q = std::copy(__first._M_p, __last._M_p, __result._M_p);
      |                                                                        ^~~~
/usr/include/c++/11/bits/stl_bvector.h:1132:21: error: ‘copy’ is not a member of ‘TokenType::std’; did you mean ‘std::copy’?
 1132 |         return std::copy(const_iterator(__last._M_p, 0), __last,
      |                     ^~~~
In file included from /usr/include/c++/11/list:60,
                 from Token.hpp:11,
                 from Token.cpp:5:
/usr/include/c++/11/bits/stl_algobase.h:611:5: note: ‘std::copy’ declared here
  611 |     copy(_II __first, _II __last, _OI __result)
      |     ^~~~
In file included from /usr/include/c++/11/vector:68,
                 from Component.hpp:10,
                 from Parser.hpp:10,
                 from Token.cpp:6:
/usr/include/c++/11/bits/stl_bvector.h:1132:48: error: ‘TokenType::std::vector<bool, _Alloc>::const_iterator’ has no member named ‘_M_p’
 1132 |         return std::copy(const_iterator(__last._M_p, 0), __last,
      |                                                ^~~~
/usr/include/c++/11/bits/stl_bvector.h: In member function ‘void TokenType::std::vector<bool, _Alloc>::_M_initialize(TokenType::std::vector<bool, _Alloc>::size_type)’:
/usr/include/c++/11/bits/stl_bvector.h:1143:46: error: ‘__addressof’ is not a member of ‘TokenType::std’; did you mean ‘std::__addressof’?
 1143 |             iterator __start = iterator(std::__addressof(*__q), 0);
      |                                              ^~~~~~~~~~~
In file included from /usr/include/c++/11/bits/stl_pair.h:59,
                 from /usr/include/c++/11/bits/stl_algobase.h:64,
                 from /usr/include/c++/11/list:60,
                 from Token.hpp:11,
                 from Token.cpp:5:
/usr/include/c++/11/bits/move.h:49:5: note: ‘std::__addressof’ declared here
   49 |     __addressof(_Tp& __r) _GLIBCXX_NOEXCEPT
      |     ^~~~~~~~~~~
In file included from /usr/include/c++/11/vector:68,
                 from Component.hpp:10,
                 from Parser.hpp:10,
                 from Token.cpp:6:
/usr/include/c++/11/bits/stl_bvector.h: In member function ‘void TokenType::std::vector<bool, _Alloc>::_M_initialize_range(_ForwardIterator, _ForwardIterator, int)’:
/usr/include/c++/11/bits/stl_bvector.h:1199:38: error: ‘distance’ is not a member of ‘TokenType::std’; did you mean ‘std::distance’?
 1199 |           const size_type __n = std::distance(__first, __last);
      |                                      ^~~~~~~~
In file included from /usr/include/c++/11/bits/stl_algobase.h:66,
                 from /usr/include/c++/11/list:60,
                 from Token.hpp:11,
                 from Token.cpp:5:
/usr/include/c++/11/bits/stl_iterator_base_funcs.h:138:5: note: ‘std::distance’ declared here
  138 |     distance(_InputIterator __first, _InputIterator __last)
      |     ^~~~~~~~
In file included from /usr/include/c++/11/vector:68,
                 from Component.hpp:10,
                 from Parser.hpp:10,
                 from Token.cpp:6:
/usr/include/c++/11/bits/stl_bvector.h:1201:16: error: ‘copy’ is not a member of ‘TokenType::std’; did you mean ‘std::copy’?
 1201 |           std::copy(__first, __last, begin());
      |                ^~~~
In file included from /usr/include/c++/11/list:60,
                 from Token.hpp:11,
                 from Token.cpp:5:
/usr/include/c++/11/bits/stl_algobase.h:611:5: note: ‘std::copy’ declared here
  611 |     copy(_II __first, _II __last, _OI __result)
      |     ^~~~
In file included from /usr/include/c++/11/vector:68,
                 from Component.hpp:10,
                 from Parser.hpp:10,
                 from Token.cpp:6:
/usr/include/c++/11/bits/stl_bvector.h: In member function ‘void TokenType::std::vector<bool, _Alloc>::_M_assign_aux(_ForwardIterator, _ForwardIterator, int)’:
/usr/include/c++/11/bits/stl_bvector.h:1253:40: error: ‘distance’ is not a member of ‘TokenType::std’; did you mean ‘std::distance’?
 1253 |           const size_type __len = std::distance(__first, __last);
      |                                        ^~~~~~~~
In file included from /usr/include/c++/11/bits/stl_algobase.h:66,
                 from /usr/include/c++/11/list:60,
                 from Token.hpp:11,
                 from Token.cpp:5:
/usr/include/c++/11/bits/stl_iterator_base_funcs.h:138:5: note: ‘std::distance’ declared here
  138 |     distance(_InputIterator __first, _InputIterator __last)
      |     ^~~~~~~~
In file included from /usr/include/c++/11/vector:68,
                 from Component.hpp:10,
                 from Parser.hpp:10,
                 from Token.cpp:6:
/usr/include/c++/11/bits/stl_bvector.h:1255:34: error: ‘copy’ is not a member of ‘TokenType::std’; did you mean ‘std::copy’?
 1255 |             _M_erase_at_end(std::copy(__first, __last, begin()));
      |                                  ^~~~
In file included from /usr/include/c++/11/list:60,
                 from Token.hpp:11,
                 from Token.cpp:5:
/usr/include/c++/11/bits/stl_algobase.h:611:5: note: ‘std::copy’ declared here
  611 |     copy(_II __first, _II __last, _OI __result)
      |     ^~~~
In file included from /usr/include/c++/11/vector:68,
                 from Component.hpp:10,
                 from Parser.hpp:10,
                 from Token.cpp:6:
/usr/include/c++/11/bits/stl_bvector.h:1259:20: error: ‘advance’ is not a member of ‘TokenType::std’; did you mean ‘std::advance’?
 1259 |               std::advance(__mid, size());
      |                    ^~~~~~~
In file included from /usr/include/c++/11/bits/stl_algobase.h:66,
                 from /usr/include/c++/11/list:60,
                 from Token.hpp:11,
                 from Token.cpp:5:
/usr/include/c++/11/bits/stl_iterator_base_funcs.h:202:5: note: ‘std::advance’ declared here
  202 |     advance(_InputIterator& __i, _Distance __n)
      |     ^~~~~~~
In file included from /usr/include/c++/11/vector:68,
                 from Component.hpp:10,
                 from Parser.hpp:10,
                 from Token.cpp:6:
/usr/include/c++/11/bits/stl_bvector.h:1260:20: error: ‘copy’ is not a member of ‘TokenType::std’; did you mean ‘std::copy’?
 1260 |               std::copy(__first, __mid, begin());
      |                    ^~~~
In file included from /usr/include/c++/11/list:60,
                 from Token.hpp:11,
                 from Token.cpp:5:
/usr/include/c++/11/bits/stl_algobase.h:611:5: note: ‘std::copy’ declared here
  611 |     copy(_II __first, _II __last, _OI __result)
      |     ^~~~
In file included from /usr/include/c++/11/vector:68,
                 from Component.hpp:10,
                 from Parser.hpp:10,
                 from Token.cpp:6:
/usr/include/c++/11/bits/stl_bvector.h: In member function ‘TokenType::std::vector<bool, _Alloc>::size_type TokenType::std::vector<bool, _Alloc>::_M_check_len(TokenType::std::vector<bool, _Alloc>::size_type, const char*) const’:
/usr/include/c++/11/bits/stl_bvector.h:1312:47: error: ‘max’ is not a member of ‘TokenType::std’; did you mean ‘std::max’?
 1312 |         const size_type __len = size() + std::max(size(), __n);
      |                                               ^~~
In file included from /usr/include/c++/11/list:60,
                 from Token.hpp:11,
                 from Token.cpp:5:
/usr/include/c++/11/bits/stl_algobase.h:300:5: note: ‘std::max’ declared here
  300 |     max(const _Tp& __a, const _Tp& __b, _Compare __comp)
      |     ^~~
In file included from /usr/include/c++/11/vector:68,
                 from Component.hpp:10,
                 from Parser.hpp:10,
                 from Token.cpp:6:
/usr/include/c++/11/bits/stl_bvector.h: In function ‘void TokenType::std::__fill_a1(TokenType::std::_Bit_iterator, TokenType::std::_Bit_iterator, const bool&)’:
/usr/include/c++/11/bits/stl_bvector.h:1351:17: error: ‘struct TokenType::std::_Bit_iterator’ has no member named ‘_M_p’
 1351 |     if (__first._M_p != __last._M_p)
      |                 ^~~~
/usr/include/c++/11/bits/stl_bvector.h:1351:32: error: ‘struct TokenType::std::_Bit_iterator’ has no member named ‘_M_p’
 1351 |     if (__first._M_p != __last._M_p)
      |                                ^~~~
/usr/include/c++/11/bits/stl_bvector.h:1353:40: error: ‘struct TokenType::std::_Bit_iterator’ has no member named ‘_M_p’
 1353 |         _Bit_type* __first_p = __first._M_p;
      |                                        ^~~~
/usr/include/c++/11/bits/stl_bvector.h:1354:21: error: ‘struct TokenType::std::_Bit_iterator’ has no member named ‘_M_offset’
 1354 |         if (__first._M_offset != 0)
      |                     ^~~~~~~~~
/usr/include/c++/11/bits/stl_bvector.h:1355:47: error: ‘struct TokenType::std::_Bit_iterator’ has no member named ‘_M_offset’
 1355 |           __fill_bvector(__first_p++, __first._M_offset, _S_word_bit, __x);
      |                                               ^~~~~~~~~
/usr/include/c++/11/bits/stl_bvector.h:1358:34: error: ‘struct TokenType::std::_Bit_iterator’ has no member named ‘_M_p’
 1358 |                          (__last._M_p - __first_p) * sizeof(_Bit_type));
      |                                  ^~~~
/usr/include/c++/11/bits/stl_bvector.h:1360:20: error: ‘struct TokenType::std::_Bit_iterator’ has no member named ‘_M_offset’
 1360 |         if (__last._M_offset != 0)
      |                    ^~~~~~~~~
/usr/include/c++/11/bits/stl_bvector.h:1361:33: error: ‘struct TokenType::std::_Bit_iterator’ has no member named ‘_M_p’
 1361 |           __fill_bvector(__last._M_p, 0, __last._M_offset, __x);
      |                                 ^~~~
/usr/include/c++/11/bits/stl_bvector.h:1361:49: error: ‘struct TokenType::std::_Bit_iterator’ has no member named ‘_M_offset’
 1361 |           __fill_bvector(__last._M_p, 0, __last._M_offset, __x);
      |                                                 ^~~~~~~~~
/usr/include/c++/11/bits/stl_bvector.h:1363:22: error: ‘struct TokenType::std::_Bit_iterator’ has no member named ‘_M_offset’
 1363 |     else if (__first._M_offset != __last._M_offset)
      |                      ^~~~~~~~~
/usr/include/c++/11/bits/stl_bvector.h:1363:42: error: ‘struct TokenType::std::_Bit_iterator’ has no member named ‘_M_offset’
 1363 |     else if (__first._M_offset != __last._M_offset)
      |                                          ^~~~~~~~~
/usr/include/c++/11/bits/stl_bvector.h:1364:30: error: ‘struct TokenType::std::_Bit_iterator’ has no member named ‘_M_p’
 1364 |       __fill_bvector(__first._M_p, __first._M_offset, __last._M_offset, __x);
      |                              ^~~~
/usr/include/c++/11/bits/stl_bvector.h:1364:44: error: ‘struct TokenType::std::_Bit_iterator’ has no member named ‘_M_offset’
 1364 |       __fill_bvector(__first._M_p, __first._M_offset, __last._M_offset, __x);
      |                                            ^~~~~~~~~
/usr/include/c++/11/bits/stl_bvector.h:1364:62: error: ‘struct TokenType::std::_Bit_iterator’ has no member named ‘_M_offset’
 1364 |       __fill_bvector(__first._M_p, __first._M_offset, __last._M_offset, __x);
      |                                                              ^~~~~~~~~
/usr/include/c++/11/bits/stl_bvector.h: At global scope:
/usr/include/c++/11/bits/stl_bvector.h:1371:12: error: specialization of ‘template<class _Tp> struct std::hash’ in different namespace [-fpermissive]
 1371 |     struct hash<_GLIBCXX_STD_C::vector<bool, _Alloc>>
      |            ^~~~~~~~~~~~~~~~~~~~~~~~~~~~~~~~~~~~~~~~~~
In file included from /usr/include/c++/11/bits/unique_ptr.h:39,
                 from /usr/include/c++/11/memory:76,
                 from Token.hpp:12,
                 from Token.cpp:5:
/usr/include/c++/11/bits/functional_hash.h:59:12: note:   from definition of ‘template<class _Tp> struct std::hash’
   59 |     struct hash;
      |            ^~~~
In file included from /usr/include/c++/11/vector:68,
                 from Component.hpp:10,
                 from Parser.hpp:10,
                 from Token.cpp:6:
/usr/include/c++/11/bits/stl_bvector.h:1372:50: error: ‘vector’ is not a member of ‘std’
 1372 |     : public __hash_base<size_t, _GLIBCXX_STD_C::vector<bool, _Alloc>>
      |                                                  ^~~~~~
/usr/include/c++/11/bits/stl_bvector.h:1:1: note: ‘std::vector’ is defined in header ‘<vector>’; did you forget to ‘#include <vector>’?
  +++ |+#include <vector>
    1 | // vector<bool> specialization -*- C++ -*-
/usr/include/c++/11/bits/stl_bvector.h:1372:69: error: template argument 2 is invalid
 1372 |     : public __hash_base<size_t, _GLIBCXX_STD_C::vector<bool, _Alloc>>
      |                                                                     ^~
/usr/include/c++/11/bits/stl_bvector.h:1375:40: error: ‘vector’ in namespace ‘std’ does not name a template type
 1375 |       operator()(const _GLIBCXX_STD_C::vector<bool, _Alloc>&) const noexcept;
      |                                        ^~~~~~
In file included from /usr/include/c++/11/bits/stl_algobase.h:59,
                 from /usr/include/c++/11/list:60,
                 from Token.hpp:11,
                 from Token.cpp:5:
/usr/include/c++/11/bits/stl_bvector.h:1375:24: note: ‘std::vector’ is defined in header ‘<vector>’; did you forget to ‘#include <vector>’?
 1375 |       operator()(const _GLIBCXX_STD_C::vector<bool, _Alloc>&) const noexcept;
      |                        ^~~~~~~~~~~~~~
In file included from /usr/include/c++/11/vector:68,
                 from Component.hpp:10,
                 from Parser.hpp:10,
                 from Token.cpp:6:
/usr/include/c++/11/bits/stl_bvector.h:1375:46: error: expected ‘,’ or ‘...’ before ‘<’ token
 1375 |       operator()(const _GLIBCXX_STD_C::vector<bool, _Alloc>&) const noexcept;
      |                                              ^
In file included from /usr/include/c++/11/bits/stl_algobase.h:67,
                 from /usr/include/c++/11/list:60,
                 from Token.hpp:11,
                 from Token.cpp:5:
/usr/include/c++/11/bits/vector.tcc: In member function ‘void TokenType::std::vector<_Tp, _Alloc>::reserve(TokenType::std::vector<_Tp, _Alloc>::size_type)’:
/usr/include/c++/11/bits/vector.tcc:86:17: error: ‘__make_move_if_noexcept_iterator’ is not a member of ‘TokenType::std’; did you mean ‘std::__make_move_if_noexcept_iterator’?
   86 |                 _GLIBCXX_MAKE_MOVE_IF_NOEXCEPT_ITERATOR(this->_M_impl._M_start),
      |                 ^~~~~~~~~~~~~~~~~~~~~~~~~~~~~~~~~~~~~~~
/usr/include/c++/11/bits/stl_iterator.h:1669:5: note: ‘std::__make_move_if_noexcept_iterator’ declared here
 1669 |     __make_move_if_noexcept_iterator(_Tp* __i)
      |     ^~~~~~~~~~~~~~~~~~~~~~~~~~~~~~~~
/usr/include/c++/11/bits/vector.tcc:87:17: error: ‘__make_move_if_noexcept_iterator’ is not a member of ‘TokenType::std’; did you mean ‘std::__make_move_if_noexcept_iterator’?
   87 |                 _GLIBCXX_MAKE_MOVE_IF_NOEXCEPT_ITERATOR(this->_M_impl._M_finish));
      |                 ^~~~~~~~~~~~~~~~~~~~~~~~~~~~~~~~~~~~~~~
/usr/include/c++/11/bits/stl_iterator.h:1669:5: note: ‘std::__make_move_if_noexcept_iterator’ declared here
 1669 |     __make_move_if_noexcept_iterator(_Tp* __i)
      |     ^~~~~~~~~~~~~~~~~~~~~~~~~~~~~~~~
In file included from /usr/include/c++/11/vector:72,
                 from Component.hpp:10,
                 from Parser.hpp:10,
                 from Token.cpp:6:
/usr/include/c++/11/bits/vector.tcc:88:20: error: ‘_Destroy’ is not a member of ‘TokenType::std’; did you mean ‘std::_Destroy’?
   88 |               std::_Destroy(this->_M_impl._M_start, this->_M_impl._M_finish,
      |                    ^~~~~~~~
In file included from /usr/include/c++/11/ext/alloc_traits.h:34,
                 from /usr/include/c++/11/bits/stl_list.h:60,
                 from /usr/include/c++/11/list:63,
                 from Token.hpp:11,
                 from Token.cpp:5:
/usr/include/c++/11/bits/alloc_traits.h:743:5: note: ‘std::_Destroy’ declared here
  743 |     _Destroy(_ForwardIterator __first, _ForwardIterator __last,
      |     ^~~~~~~~
In file included from /usr/include/c++/11/vector:72,
                 from Component.hpp:10,
                 from Parser.hpp:10,
                 from Token.cpp:6:
/usr/include/c++/11/bits/vector.tcc: In member function ‘TokenType::std::vector<_Tp, _Alloc>::reference TokenType::std::vector<_Tp, _Alloc>::emplace_back(_Args&& ...)’:
/usr/include/c++/11/bits/vector.tcc:116:43: error: ‘forward’ is not a member of ‘TokenType::std’; did you mean ‘std::forward’?
  116 |                                      std::forward<_Args>(__args)...);
      |                                           ^~~~~~~
In file included from /usr/include/c++/11/bits/stl_pair.h:59,
                 from /usr/include/c++/11/bits/stl_algobase.h:64,
                 from /usr/include/c++/11/list:60,
                 from Token.hpp:11,
                 from Token.cpp:5:
/usr/include/c++/11/bits/move.h:89:5: note: ‘std::forward’ declared here
   89 |     forward(typename std::remove_reference<_Tp>::type&& __t) noexcept
      |     ^~~~~~~
In file included from /usr/include/c++/11/vector:72,
                 from Component.hpp:10,
                 from Parser.hpp:10,
                 from Token.cpp:6:
/usr/include/c++/11/bits/vector.tcc:116:56: error: expected primary-expression before ‘>’ token
  116 |                                      std::forward<_Args>(__args)...);
      |                                                        ^
/usr/include/c++/11/bits/vector.tcc:121:41: error: ‘forward’ is not a member of ‘TokenType::std’; did you mean ‘std::forward’?
  121 |           _M_realloc_insert(end(), std::forward<_Args>(__args)...);
      |                                         ^~~~~~~
In file included from /usr/include/c++/11/bits/stl_pair.h:59,
                 from /usr/include/c++/11/bits/stl_algobase.h:64,
                 from /usr/include/c++/11/list:60,
                 from Token.hpp:11,
                 from Token.cpp:5:
/usr/include/c++/11/bits/move.h:89:5: note: ‘std::forward’ declared here
   89 |     forward(typename std::remove_reference<_Tp>::type&& __t) noexcept
      |     ^~~~~~~
In file included from /usr/include/c++/11/vector:72,
                 from Component.hpp:10,
                 from Parser.hpp:10,
                 from Token.cpp:6:
/usr/include/c++/11/bits/vector.tcc:121:54: error: expected primary-expression before ‘>’ token
  121 |           _M_realloc_insert(end(), std::forward<_Args>(__args)...);
      |                                                      ^
/usr/include/c++/11/bits/vector.tcc: In member function ‘TokenType::std::vector<_Tp, _Alloc>::iterator TokenType::std::vector<_Tp, _Alloc>::insert(TokenType::std::vector<_Tp, _Alloc>::const_iterator, const value_type&)’:
/usr/include/c++/11/bits/vector.tcc:154:39: error: ‘move’ is not a member of ‘TokenType::std’; did you mean ‘std::move’?
  154 |             _M_insert_aux(__pos, std::move(__x_copy._M_val()));
      |                                       ^~~~
In file included from /usr/include/c++/11/list:60,
                 from Token.hpp:11,
                 from Token.cpp:5:
/usr/include/c++/11/bits/stl_algobase.h:644:5: note: ‘std::move’ declared here
  644 |     move(_II __first, _II __last, _OI __result)
      |     ^~~~
/usr/include/c++/11/bits/vector.tcc: In member function ‘TokenType::std::vector<_Tp, _Alloc>::iterator TokenType::std::vector<_Tp, _Alloc>::_M_erase(TokenType::std::vector<_Tp, _Alloc>::iterator)’:
/usr/include/c++/11/bits/vector.tcc:175:9: error: ‘move’ is not a member of ‘TokenType::std’; did you mean ‘std::move’?
  175 |         _GLIBCXX_MOVE3(__position + 1, end(), __position);
      |         ^~~~~~~~~~~~~~
/usr/include/c++/11/bits/stl_algobase.h:644:5: note: ‘std::move’ declared here
  644 |     move(_II __first, _II __last, _OI __result)
      |     ^~~~
/usr/include/c++/11/bits/vector.tcc: In member function ‘TokenType::std::vector<_Tp, _Alloc>::iterator TokenType::std::vector<_Tp, _Alloc>::_M_erase(TokenType::std::vector<_Tp, _Alloc>::iterator, TokenType::std::vector<_Tp, _Alloc>::iterator)’:
/usr/include/c++/11/bits/vector.tcc:190:13: error: ‘move’ is not a member of ‘TokenType::std’; did you mean ‘std::move’?
  190 |             _GLIBCXX_MOVE3(__last, end(), __first);
      |             ^~~~~~~~~~~~~~
/usr/include/c++/11/bits/stl_algobase.h:644:5: note: ‘std::move’ declared here
  644 |     move(_II __first, _II __last, _OI __result)
      |     ^~~~
In file included from /usr/include/c++/11/vector:72,
                 from Component.hpp:10,
                 from Parser.hpp:10,
                 from Token.cpp:6:
/usr/include/c++/11/bits/vector.tcc: In member function ‘TokenType::std::vector<_Tp, _Alloc>& TokenType::std::vector<_Tp, _Alloc>::operator=(const TokenType::std::vector<_Tp, _Alloc>&)’:
/usr/include/c++/11/bits/vector.tcc:219:20: error: ‘__alloc_on_copy’ is not a member of ‘TokenType::std’; did you mean ‘std::__alloc_on_copy’?
  219 |               std::__alloc_on_copy(_M_get_Tp_allocator(),
      |                    ^~~~~~~~~~~~~~~
In file included from /usr/include/c++/11/ext/alloc_traits.h:34,
                 from /usr/include/c++/11/bits/stl_list.h:60,
                 from /usr/include/c++/11/list:63,
                 from Token.hpp:11,
                 from Token.cpp:5:
/usr/include/c++/11/bits/alloc_traits.h:590:5: note: ‘std::__alloc_on_copy’ declared here
  590 |     __alloc_on_copy(const _Alloc& __a)
      |     ^~~~~~~~~~~~~~~
In file included from /usr/include/c++/11/vector:72,
                 from Component.hpp:10,
                 from Parser.hpp:10,
                 from Token.cpp:6:
/usr/include/c++/11/bits/vector.tcc:228:20: error: ‘_Destroy’ is not a member of ‘TokenType::std’; did you mean ‘std::_Destroy’?
  228 |               std::_Destroy(this->_M_impl._M_start, this->_M_impl._M_finish,
      |                    ^~~~~~~~
In file included from /usr/include/c++/11/ext/alloc_traits.h:34,
                 from /usr/include/c++/11/bits/stl_list.h:60,
                 from /usr/include/c++/11/list:63,
                 from Token.hpp:11,
                 from Token.cpp:5:
/usr/include/c++/11/bits/alloc_traits.h:743:5: note: ‘std::_Destroy’ declared here
  743 |     _Destroy(_ForwardIterator __first, _ForwardIterator __last,
      |     ^~~~~~~~
In file included from /usr/include/c++/11/vector:72,
                 from Component.hpp:10,
                 from Parser.hpp:10,
                 from Token.cpp:6:
/usr/include/c++/11/bits/vector.tcc:238:20: error: ‘_Destroy’ is not a member of ‘TokenType::std’; did you mean ‘std::_Destroy’?
  238 |               std::_Destroy(std::copy(__x.begin(), __x.end(), begin()),
      |                    ^~~~~~~~
In file included from /usr/include/c++/11/ext/alloc_traits.h:34,
                 from /usr/include/c++/11/bits/stl_list.h:60,
                 from /usr/include/c++/11/list:63,
                 from Token.hpp:11,
                 from Token.cpp:5:
/usr/include/c++/11/bits/alloc_traits.h:743:5: note: ‘std::_Destroy’ declared here
  743 |     _Destroy(_ForwardIterator __first, _ForwardIterator __last,
      |     ^~~~~~~~
In file included from /usr/include/c++/11/vector:72,
                 from Component.hpp:10,
                 from Parser.hpp:10,
                 from Token.cpp:6:
/usr/include/c++/11/bits/vector.tcc:238:34: error: ‘copy’ is not a member of ‘TokenType::std’; did you mean ‘std::copy’?
  238 |               std::_Destroy(std::copy(__x.begin(), __x.end(), begin()),
      |                                  ^~~~
In file included from /usr/include/c++/11/list:60,
                 from Token.hpp:11,
                 from Token.cpp:5:
/usr/include/c++/11/bits/stl_algobase.h:611:5: note: ‘std::copy’ declared here
  611 |     copy(_II __first, _II __last, _OI __result)
      |     ^~~~
In file included from /usr/include/c++/11/vector:72,
                 from Component.hpp:10,
                 from Parser.hpp:10,
                 from Token.cpp:6:
/usr/include/c++/11/bits/vector.tcc:243:20: error: ‘copy’ is not a member of ‘TokenType::std’; did you mean ‘std::copy’?
  243 |               std::copy(__x._M_impl._M_start, __x._M_impl._M_start + size(),
      |                    ^~~~
In file included from /usr/include/c++/11/list:60,
                 from Token.hpp:11,
                 from Token.cpp:5:
/usr/include/c++/11/bits/stl_algobase.h:611:5: note: ‘std::copy’ declared here
  611 |     copy(_II __first, _II __last, _OI __result)
      |     ^~~~
In file included from /usr/include/c++/11/vector:72,
                 from Component.hpp:10,
                 from Parser.hpp:10,
                 from Token.cpp:6:
/usr/include/c++/11/bits/vector.tcc:245:20: error: ‘__uninitialized_copy_a’ is not a member of ‘TokenType::std’; did you mean ‘std::__uninitialized_copy_a’?
  245 |               std::__uninitialized_copy_a(__x._M_impl._M_start + size(),
      |                    ^~~~~~~~~~~~~~~~~~~~~~
In file included from /usr/include/c++/11/memory:66,
                 from Token.hpp:12,
                 from Token.cpp:5:
/usr/include/c++/11/bits/stl_uninitialized.h:331:5: note: ‘std::__uninitialized_copy_a’ declared here
  331 |     __uninitialized_copy_a(_InputIterator __first, _InputIterator __last,
      |     ^~~~~~~~~~~~~~~~~~~~~~
In file included from /usr/include/c++/11/vector:72,
                 from Component.hpp:10,
                 from Parser.hpp:10,
                 from Token.cpp:6:
/usr/include/c++/11/bits/vector.tcc: In member function ‘void TokenType::std::vector<_Tp, _Alloc>::_M_fill_assign(size_t, const value_type&)’:
/usr/include/c++/11/bits/vector.tcc:267:16: error: ‘fill’ is not a member of ‘TokenType::std’; did you mean ‘std::fill’?
  267 |           std::fill(begin(), end(), __val);
      |                ^~~~
In file included from /usr/include/c++/11/list:60,
                 from Token.hpp:11,
                 from Token.cpp:5:
/usr/include/c++/11/bits/stl_algobase.h:992:5: note: ‘std::fill’ declared here
  992 |     fill(_ForwardIterator __first, _ForwardIterator __last, const _Tp& __value)
      |     ^~~~
In file included from /usr/include/c++/11/vector:72,
                 from Component.hpp:10,
                 from Parser.hpp:10,
                 from Token.cpp:6:
/usr/include/c++/11/bits/vector.tcc:271:18: error: ‘__uninitialized_fill_n_a’ is not a member of ‘TokenType::std’; did you mean ‘std::__uninitialized_fill_n_a’?
  271 |             std::__uninitialized_fill_n_a(this->_M_impl._M_finish,
      |                  ^~~~~~~~~~~~~~~~~~~~~~~~
In file included from /usr/include/c++/11/memory:66,
                 from Token.hpp:12,
                 from Token.cpp:5:
/usr/include/c++/11/bits/stl_uninitialized.h:408:5: note: ‘std::__uninitialized_fill_n_a’ declared here
  408 |     __uninitialized_fill_n_a(_ForwardIterator __first, _Size __n,
      |     ^~~~~~~~~~~~~~~~~~~~~~~~
In file included from /usr/include/c++/11/vector:72,
                 from Component.hpp:10,
                 from Parser.hpp:10,
                 from Token.cpp:6:
/usr/include/c++/11/bits/vector.tcc:276:30: error: ‘fill_n’ is not a member of ‘TokenType::std’; did you mean ‘std::fill_n’?
  276 |         _M_erase_at_end(std::fill_n(this->_M_impl._M_start, __n, __val));
      |                              ^~~~~~
In file included from /usr/include/c++/11/list:60,
                 from Token.hpp:11,
                 from Token.cpp:5:
/usr/include/c++/11/bits/stl_algobase.h:1144:5: note: ‘std::fill_n’ declared here
 1144 |     fill_n(_OI __first, _Size __n, const _Tp& __value)
      |     ^~~~~~
In file included from /usr/include/c++/11/vector:72,
                 from Component.hpp:10,
                 from Parser.hpp:10,
                 from Token.cpp:6:
/usr/include/c++/11/bits/vector.tcc: At global scope:
/usr/include/c++/11/bits/vector.tcc:284:21: error: ‘TokenType::std::input_iterator_tag’ has not been declared
  284 |                     std::input_iterator_tag)
      |                     ^~~
/usr/include/c++/11/bits/vector.tcc: In member function ‘void TokenType::std::vector<_Tp, _Alloc>::_M_assign_aux(_InputIterator, _InputIterator, int)’:
/usr/include/c++/11/bits/vector.tcc:294:32: error: ‘__iterator_category’ is not a member of ‘TokenType::std’; did you mean ‘std::__iterator_category’?
  294 |                           std::__iterator_category(__first));
      |                                ^~~~~~~~~~~~~~~~~~~
In file included from /usr/include/c++/11/bits/stl_algobase.h:65,
                 from /usr/include/c++/11/list:60,
                 from Token.hpp:11,
                 from Token.cpp:5:
/usr/include/c++/11/bits/stl_iterator_base_types.h:238:5: note: ‘std::__iterator_category’ declared here
  238 |     __iterator_category(const _Iter&)
      |     ^~~~~~~~~~~~~~~~~~~
In file included from /usr/include/c++/11/vector:72,
                 from Component.hpp:10,
                 from Parser.hpp:10,
                 from Token.cpp:6:
/usr/include/c++/11/bits/vector.tcc: At global scope:
/usr/include/c++/11/bits/vector.tcc:302:21: error: ‘TokenType::std::forward_iterator_tag’ has not been declared
  302 |                     std::forward_iterator_tag)
      |                     ^~~
/usr/include/c++/11/bits/vector.tcc:300:7: error: redefinition of ‘void TokenType::std::vector<_Tp, _Alloc>::_M_assign_aux(_ForwardIterator, _ForwardIterator, int)’
  300 |       vector<_Tp, _Alloc>::
      |       ^~~~~~~~~~~~~~~~~~~
/usr/include/c++/11/bits/vector.tcc:282:7: note: ‘void TokenType::std::vector<_Tp, _Alloc>::_M_assign_aux(_InputIterator, _InputIterator, int)’ previously declared here
  282 |       vector<_Tp, _Alloc>::
      |       ^~~~~~~~~~~~~~~~~~~
/usr/include/c++/11/bits/vector.tcc: In member function ‘TokenType::std::vector<_Tp, _Alloc>::iterator TokenType::std::vector<_Tp, _Alloc>::_M_insert_rval(TokenType::std::vector<_Tp, _Alloc>::const_iterator, TokenType::std::vector<_Tp, _Alloc>::value_type&&)’:
/usr/include/c++/11/bits/vector.tcc:349:43: error: ‘move’ is not a member of ‘TokenType::std’; did you mean ‘std::move’?
  349 |                                      std::move(__v));
      |                                           ^~~~
In file included from /usr/include/c++/11/list:60,
                 from Token.hpp:11,
                 from Token.cpp:5:
/usr/include/c++/11/bits/stl_algobase.h:644:5: note: ‘std::move’ declared here
  644 |     move(_II __first, _II __last, _OI __result)
      |     ^~~~
In file included from /usr/include/c++/11/vector:72,
                 from Component.hpp:10,
                 from Parser.hpp:10,
                 from Token.cpp:6:
/usr/include/c++/11/bits/vector.tcc:354:45: error: ‘move’ is not a member of ‘TokenType::std’; did you mean ‘std::move’?
  354 |           _M_insert_aux(begin() + __n, std::move(__v));
      |                                             ^~~~
In file included from /usr/include/c++/11/list:60,
                 from Token.hpp:11,
                 from Token.cpp:5:
/usr/include/c++/11/bits/stl_algobase.h:644:5: note: ‘std::move’ declared here
  644 |     move(_II __first, _II __last, _OI __result)
      |     ^~~~
In file included from /usr/include/c++/11/vector:72,
                 from Component.hpp:10,
                 from Parser.hpp:10,
                 from Token.cpp:6:
/usr/include/c++/11/bits/vector.tcc:356:47: error: ‘move’ is not a member of ‘TokenType::std’; did you mean ‘std::move’?
  356 |         _M_realloc_insert(begin() + __n, std::move(__v));
      |                                               ^~~~
In file included from /usr/include/c++/11/list:60,
                 from Token.hpp:11,
                 from Token.cpp:5:
/usr/include/c++/11/bits/stl_algobase.h:644:5: note: ‘std::move’ declared here
  644 |     move(_II __first, _II __last, _OI __result)
      |     ^~~~
In file included from /usr/include/c++/11/vector:72,
                 from Component.hpp:10,
                 from Parser.hpp:10,
                 from Token.cpp:6:
/usr/include/c++/11/bits/vector.tcc: In member function ‘TokenType::std::vector<_Tp, _Alloc>::iterator TokenType::std::vector<_Tp, _Alloc>::_M_emplace_aux(TokenType::std::vector<_Tp, _Alloc>::const_iterator, _Args&& ...)’:
/usr/include/c++/11/bits/vector.tcc:374:45: error: ‘forward’ is not a member of ‘TokenType::std’; did you mean ‘std::forward’?
  374 |                                        std::forward<_Args>(__args)...);
      |                                             ^~~~~~~
In file included from /usr/include/c++/11/bits/stl_pair.h:59,
                 from /usr/include/c++/11/bits/stl_algobase.h:64,
                 from /usr/include/c++/11/list:60,
                 from Token.hpp:11,
                 from Token.cpp:5:
/usr/include/c++/11/bits/move.h:89:5: note: ‘std::forward’ declared here
   89 |     forward(typename std::remove_reference<_Tp>::type&& __t) noexcept
      |     ^~~~~~~
In file included from /usr/include/c++/11/vector:72,
                 from Component.hpp:10,
                 from Parser.hpp:10,
                 from Token.cpp:6:
/usr/include/c++/11/bits/vector.tcc:374:58: error: expected primary-expression before ‘>’ token
  374 |                                        std::forward<_Args>(__args)...);
      |                                                          ^
/usr/include/c++/11/bits/vector.tcc:383:49: error: ‘forward’ is not a member of ‘TokenType::std’; did you mean ‘std::forward’?
  383 |               _Temporary_value __tmp(this, std::forward<_Args>(__args)...);
      |                                                 ^~~~~~~
In file included from /usr/include/c++/11/bits/stl_pair.h:59,
                 from /usr/include/c++/11/bits/stl_algobase.h:64,
                 from /usr/include/c++/11/list:60,
                 from Token.hpp:11,
                 from Token.cpp:5:
/usr/include/c++/11/bits/move.h:89:5: note: ‘std::forward’ declared here
   89 |     forward(typename std::remove_reference<_Tp>::type&& __t) noexcept
      |     ^~~~~~~
In file included from /usr/include/c++/11/vector:72,
                 from Component.hpp:10,
                 from Parser.hpp:10,
                 from Token.cpp:6:
/usr/include/c++/11/bits/vector.tcc:383:62: error: expected primary-expression before ‘>’ token
  383 |               _Temporary_value __tmp(this, std::forward<_Args>(__args)...);
      |                                                              ^
/usr/include/c++/11/bits/vector.tcc:384:49: error: ‘move’ is not a member of ‘TokenType::std’; did you mean ‘std::move’?
  384 |               _M_insert_aux(begin() + __n, std::move(__tmp._M_val()));
      |                                                 ^~~~
In file included from /usr/include/c++/11/list:60,
                 from Token.hpp:11,
                 from Token.cpp:5:
/usr/include/c++/11/bits/stl_algobase.h:644:5: note: ‘std::move’ declared here
  644 |     move(_II __first, _II __last, _OI __result)
      |     ^~~~
In file included from /usr/include/c++/11/vector:72,
                 from Component.hpp:10,
                 from Parser.hpp:10,
                 from Token.cpp:6:
/usr/include/c++/11/bits/vector.tcc:387:49: error: ‘forward’ is not a member of ‘TokenType::std’; did you mean ‘std::forward’?
  387 |           _M_realloc_insert(begin() + __n, std::forward<_Args>(__args)...);
      |                                                 ^~~~~~~
In file included from /usr/include/c++/11/bits/stl_pair.h:59,
                 from /usr/include/c++/11/bits/stl_algobase.h:64,
                 from /usr/include/c++/11/list:60,
                 from Token.hpp:11,
                 from Token.cpp:5:
/usr/include/c++/11/bits/move.h:89:5: note: ‘std::forward’ declared here
   89 |     forward(typename std::remove_reference<_Tp>::type&& __t) noexcept
      |     ^~~~~~~
In file included from /usr/include/c++/11/vector:72,
                 from Component.hpp:10,
                 from Parser.hpp:10,
                 from Token.cpp:6:
/usr/include/c++/11/bits/vector.tcc:387:62: error: expected primary-expression before ‘>’ token
  387 |           _M_realloc_insert(begin() + __n, std::forward<_Args>(__args)...);
      |                                                              ^
In file included from /usr/include/c++/11/bits/stl_pair.h:59,
                 from /usr/include/c++/11/bits/stl_algobase.h:64,
                 from /usr/include/c++/11/list:60,
                 from Token.hpp:11,
                 from Token.cpp:5:
/usr/include/c++/11/bits/vector.tcc: In member function ‘void TokenType::std::vector<_Tp, _Alloc>::_M_insert_aux(TokenType::std::vector<_Tp, _Alloc>::iterator, _Arg&&)’:
/usr/include/c++/11/bits/vector.tcc:406:32: error: ‘move’ is not a member of ‘TokenType::std’; did you mean ‘std::move’?
  406 |                                _GLIBCXX_MOVE(*(this->_M_impl._M_finish - 1)));
      |                                ^~~~~~~~~~~~~
In file included from /usr/include/c++/11/list:60,
                 from Token.hpp:11,
                 from Token.cpp:5:
/usr/include/c++/11/bits/stl_algobase.h:644:5: note: ‘std::move’ declared here
  644 |     move(_II __first, _II __last, _OI __result)
      |     ^~~~
/usr/include/c++/11/bits/vector.tcc:412:7: error: ‘move_backward’ is not a member of ‘TokenType::std’; did you mean ‘std::move_backward’?
  412 |       _GLIBCXX_MOVE_BACKWARD3(__position.base(),
      |       ^~~~~~~~~~~~~~~~~~~~~~~
/usr/include/c++/11/bits/stl_algobase.h:884:5: note: ‘std::move_backward’ declared here
  884 |     move_backward(_BI1 __first, _BI1 __last, _BI2 __result)
      |     ^~~~~~~~~~~~~
In file included from /usr/include/c++/11/vector:72,
                 from Component.hpp:10,
                 from Parser.hpp:10,
                 from Token.cpp:6:
/usr/include/c++/11/bits/vector.tcc:418:26: error: ‘forward’ is not a member of ‘TokenType::std’; did you mean ‘std::forward’?
  418 |       *__position = std::forward<_Arg>(__arg);
      |                          ^~~~~~~
In file included from /usr/include/c++/11/bits/stl_pair.h:59,
                 from /usr/include/c++/11/bits/stl_algobase.h:64,
                 from /usr/include/c++/11/list:60,
                 from Token.hpp:11,
                 from Token.cpp:5:
/usr/include/c++/11/bits/move.h:89:5: note: ‘std::forward’ declared here
   89 |     forward(typename std::remove_reference<_Tp>::type&& __t) noexcept
      |     ^~~~~~~
In file included from /usr/include/c++/11/vector:72,
                 from Component.hpp:10,
                 from Parser.hpp:10,
                 from Token.cpp:6:
/usr/include/c++/11/bits/vector.tcc:418:38: error: expected primary-expression before ‘>’ token
  418 |       *__position = std::forward<_Arg>(__arg);
      |                                      ^
/usr/include/c++/11/bits/vector.tcc: In member function ‘void TokenType::std::vector<_Tp, _Alloc>::_M_realloc_insert(TokenType::std::vector<_Tp, _Alloc>::iterator, _Args&& ...)’:
/usr/include/c++/11/bits/vector.tcc:452:41: error: ‘forward’ is not a member of ‘TokenType::std’; did you mean ‘std::forward’?
  452 |                                    std::forward<_Args>(__args)...);
      |                                         ^~~~~~~
In file included from /usr/include/c++/11/bits/stl_pair.h:59,
                 from /usr/include/c++/11/bits/stl_algobase.h:64,
                 from /usr/include/c++/11/list:60,
                 from Token.hpp:11,
                 from Token.cpp:5:
/usr/include/c++/11/bits/move.h:89:5: note: ‘std::forward’ declared here
   89 |     forward(typename std::remove_reference<_Tp>::type&& __t) noexcept
      |     ^~~~~~~
In file included from /usr/include/c++/11/vector:72,
                 from Component.hpp:10,
                 from Parser.hpp:10,
                 from Token.cpp:6:
/usr/include/c++/11/bits/vector.tcc:452:54: error: expected primary-expression before ‘>’ token
  452 |                                    std::forward<_Args>(__args)...);
      |                                                      ^
/usr/include/c++/11/bits/vector.tcc:473:24: error: ‘__uninitialized_move_if_noexcept_a’ is not a member of ‘TokenType::std’; did you mean ‘std::__uninitialized_move_if_noexcept_a’?
  473 |                 = std::__uninitialized_move_if_noexcept_a
      |                        ^~~~~~~~~~~~~~~~~~~~~~~~~~~~~~~~~~
In file included from /usr/include/c++/11/memory:66,
                 from Token.hpp:12,
                 from Token.cpp:5:
/usr/include/c++/11/bits/stl_uninitialized.h:349:5: note: ‘std::__uninitialized_move_if_noexcept_a’ declared here
  349 |     __uninitialized_move_if_noexcept_a(_InputIterator __first,
      |     ^~~~~~~~~~~~~~~~~~~~~~~~~~~~~~~~~~
In file included from /usr/include/c++/11/vector:72,
                 from Component.hpp:10,
                 from Parser.hpp:10,
                 from Token.cpp:6:
/usr/include/c++/11/bits/vector.tcc:480:24: error: ‘__uninitialized_move_if_noexcept_a’ is not a member of ‘TokenType::std’; did you mean ‘std::__uninitialized_move_if_noexcept_a’?
  480 |                 = std::__uninitialized_move_if_noexcept_a
      |                        ^~~~~~~~~~~~~~~~~~~~~~~~~~~~~~~~~~
In file included from /usr/include/c++/11/memory:66,
                 from Token.hpp:12,
                 from Token.cpp:5:
/usr/include/c++/11/bits/stl_uninitialized.h:349:5: note: ‘std::__uninitialized_move_if_noexcept_a’ declared here
  349 |     __uninitialized_move_if_noexcept_a(_InputIterator __first,
      |     ^~~~~~~~~~~~~~~~~~~~~~~~~~~~~~~~~~
In file included from /usr/include/c++/11/vector:72,
                 from Component.hpp:10,
                 from Parser.hpp:10,
                 from Token.cpp:6:
/usr/include/c++/11/bits/vector.tcc:491:18: error: ‘_Destroy’ is not a member of ‘TokenType::std’; did you mean ‘std::_Destroy’?
  491 |             std::_Destroy(__new_start, __new_finish, _M_get_Tp_allocator());
      |                  ^~~~~~~~
In file included from /usr/include/c++/11/ext/alloc_traits.h:34,
                 from /usr/include/c++/11/bits/stl_list.h:60,
                 from /usr/include/c++/11/list:63,
                 from Token.hpp:11,
                 from Token.cpp:5:
/usr/include/c++/11/bits/alloc_traits.h:743:5: note: ‘std::_Destroy’ declared here
  743 |     _Destroy(_ForwardIterator __first, _ForwardIterator __last,
      |     ^~~~~~~~
In file included from /usr/include/c++/11/vector:72,
                 from Component.hpp:10,
                 from Parser.hpp:10,
                 from Token.cpp:6:
/usr/include/c++/11/bits/vector.tcc:498:14: error: ‘_Destroy’ is not a member of ‘TokenType::std’; did you mean ‘std::_Destroy’?
  498 |         std::_Destroy(__old_start, __old_finish, _M_get_Tp_allocator());
      |              ^~~~~~~~
In file included from /usr/include/c++/11/ext/alloc_traits.h:34,
                 from /usr/include/c++/11/bits/stl_list.h:60,
                 from /usr/include/c++/11/list:63,
                 from Token.hpp:11,
                 from Token.cpp:5:
/usr/include/c++/11/bits/alloc_traits.h:743:5: note: ‘std::_Destroy’ declared here
  743 |     _Destroy(_ForwardIterator __first, _ForwardIterator __last,
      |     ^~~~~~~~
In file included from /usr/include/c++/11/vector:72,
                 from Component.hpp:10,
                 from Parser.hpp:10,
                 from Token.cpp:6:
/usr/include/c++/11/bits/vector.tcc: In member function ‘void TokenType::std::vector<_Tp, _Alloc>::_M_fill_insert(TokenType::std::vector<_Tp, _Alloc>::iterator, TokenType::std::vector<_Tp, _Alloc>::size_type, const value_type&)’:
/usr/include/c++/11/bits/vector.tcc:528:24: error: ‘__uninitialized_move_a’ is not a member of ‘TokenType::std’; did you mean ‘std::__uninitialized_move_a’?
  528 |                   std::__uninitialized_move_a(this->_M_impl._M_finish - __n,
      |                        ^~~~~~~~~~~~~~~~~~~~~~
In file included from /usr/include/c++/11/memory:66,
                 from Token.hpp:12,
                 from Token.cpp:5:
/usr/include/c++/11/bits/stl_uninitialized.h:338:5: note: ‘std::__uninitialized_move_a’ declared here
  338 |     __uninitialized_move_a(_InputIterator __first, _InputIterator __last,
      |     ^~~~~~~~~~~~~~~~~~~~~~
In file included from /usr/include/c++/11/list:60,
                 from Token.hpp:11,
                 from Token.cpp:5:
/usr/include/c++/11/bits/vector.tcc:534:19: error: ‘move_backward’ is not a member of ‘TokenType::std’; did you mean ‘std::move_backward’?
  534 |                   _GLIBCXX_MOVE_BACKWARD3(__position.base(),
      |                   ^~~~~~~~~~~~~~~~~~~~~~~
/usr/include/c++/11/bits/stl_algobase.h:884:5: note: ‘std::move_backward’ declared here
  884 |     move_backward(_BI1 __first, _BI1 __last, _BI2 __result)
      |     ^~~~~~~~~~~~~
In file included from /usr/include/c++/11/vector:72,
                 from Component.hpp:10,
                 from Parser.hpp:10,
                 from Token.cpp:6:
/usr/include/c++/11/bits/vector.tcc:536:24: error: ‘fill’ is not a member of ‘TokenType::std’; did you mean ‘std::fill’?
  536 |                   std::fill(__position.base(), __position.base() + __n,
      |                        ^~~~
In file included from /usr/include/c++/11/list:60,
                 from Token.hpp:11,
                 from Token.cpp:5:
/usr/include/c++/11/bits/stl_algobase.h:992:5: note: ‘std::fill’ declared here
  992 |     fill(_ForwardIterator __first, _ForwardIterator __last, const _Tp& __value)
      |     ^~~~
In file included from /usr/include/c++/11/vector:72,
                 from Component.hpp:10,
                 from Parser.hpp:10,
                 from Token.cpp:6:
/usr/include/c++/11/bits/vector.tcc:543:26: error: ‘__uninitialized_fill_n_a’ is not a member of ‘TokenType::std’; did you mean ‘std::__uninitialized_fill_n_a’?
  543 |                     std::__uninitialized_fill_n_a(this->_M_impl._M_finish,
      |                          ^~~~~~~~~~~~~~~~~~~~~~~~
In file included from /usr/include/c++/11/memory:66,
                 from Token.hpp:12,
                 from Token.cpp:5:
/usr/include/c++/11/bits/stl_uninitialized.h:408:5: note: ‘std::__uninitialized_fill_n_a’ declared here
  408 |     __uninitialized_fill_n_a(_ForwardIterator __first, _Size __n,
      |     ^~~~~~~~~~~~~~~~~~~~~~~~
In file included from /usr/include/c++/11/vector:72,
                 from Component.hpp:10,
                 from Parser.hpp:10,
                 from Token.cpp:6:
/usr/include/c++/11/bits/vector.tcc:548:24: error: ‘__uninitialized_move_a’ is not a member of ‘TokenType::std’; did you mean ‘std::__uninitialized_move_a’?
  548 |                   std::__uninitialized_move_a(__position.base(), __old_finish,
      |                        ^~~~~~~~~~~~~~~~~~~~~~
In file included from /usr/include/c++/11/memory:66,
                 from Token.hpp:12,
                 from Token.cpp:5:
/usr/include/c++/11/bits/stl_uninitialized.h:338:5: note: ‘std::__uninitialized_move_a’ declared here
  338 |     __uninitialized_move_a(_InputIterator __first, _InputIterator __last,
      |     ^~~~~~~~~~~~~~~~~~~~~~
In file included from /usr/include/c++/11/vector:72,
                 from Component.hpp:10,
                 from Parser.hpp:10,
                 from Token.cpp:6:
/usr/include/c++/11/bits/vector.tcc:553:24: error: ‘fill’ is not a member of ‘TokenType::std’; did you mean ‘std::fill’?
  553 |                   std::fill(__position.base(), __old_finish, __x_copy);
      |                        ^~~~
In file included from /usr/include/c++/11/list:60,
                 from Token.hpp:11,
                 from Token.cpp:5:
/usr/include/c++/11/bits/stl_algobase.h:992:5: note: ‘std::fill’ declared here
  992 |     fill(_ForwardIterator __first, _ForwardIterator __last, const _Tp& __value)
      |     ^~~~
In file included from /usr/include/c++/11/vector:72,
                 from Component.hpp:10,
                 from Parser.hpp:10,
                 from Token.cpp:6:
/usr/include/c++/11/bits/vector.tcc:566:24: error: ‘__uninitialized_fill_n_a’ is not a member of ‘TokenType::std’; did you mean ‘std::__uninitialized_fill_n_a’?
  566 |                   std::__uninitialized_fill_n_a(__new_start + __elems_before,
      |                        ^~~~~~~~~~~~~~~~~~~~~~~~
In file included from /usr/include/c++/11/memory:66,
                 from Token.hpp:12,
                 from Token.cpp:5:
/usr/include/c++/11/bits/stl_uninitialized.h:408:5: note: ‘std::__uninitialized_fill_n_a’ declared here
  408 |     __uninitialized_fill_n_a(_ForwardIterator __first, _Size __n,
      |     ^~~~~~~~~~~~~~~~~~~~~~~~
In file included from /usr/include/c++/11/vector:72,
                 from Component.hpp:10,
                 from Parser.hpp:10,
                 from Token.cpp:6:
/usr/include/c++/11/bits/vector.tcc:572:28: error: ‘__uninitialized_move_if_noexcept_a’ is not a member of ‘TokenType::std’; did you mean ‘std::__uninitialized_move_if_noexcept_a’?
  572 |                     = std::__uninitialized_move_if_noexcept_a
      |                            ^~~~~~~~~~~~~~~~~~~~~~~~~~~~~~~~~~
In file included from /usr/include/c++/11/memory:66,
                 from Token.hpp:12,
                 from Token.cpp:5:
/usr/include/c++/11/bits/stl_uninitialized.h:349:5: note: ‘std::__uninitialized_move_if_noexcept_a’ declared here
  349 |     __uninitialized_move_if_noexcept_a(_InputIterator __first,
      |     ^~~~~~~~~~~~~~~~~~~~~~~~~~~~~~~~~~
In file included from /usr/include/c++/11/vector:72,
                 from Component.hpp:10,
                 from Parser.hpp:10,
                 from Token.cpp:6:
/usr/include/c++/11/bits/vector.tcc:579:28: error: ‘__uninitialized_move_if_noexcept_a’ is not a member of ‘TokenType::std’; did you mean ‘std::__uninitialized_move_if_noexcept_a’?
  579 |                     = std::__uninitialized_move_if_noexcept_a
      |                            ^~~~~~~~~~~~~~~~~~~~~~~~~~~~~~~~~~
In file included from /usr/include/c++/11/memory:66,
                 from Token.hpp:12,
                 from Token.cpp:5:
/usr/include/c++/11/bits/stl_uninitialized.h:349:5: note: ‘std::__uninitialized_move_if_noexcept_a’ declared here
  349 |     __uninitialized_move_if_noexcept_a(_InputIterator __first,
      |     ^~~~~~~~~~~~~~~~~~~~~~~~~~~~~~~~~~
In file included from /usr/include/c++/11/vector:72,
                 from Component.hpp:10,
                 from Parser.hpp:10,
                 from Token.cpp:6:
/usr/include/c++/11/bits/vector.tcc:586:26: error: ‘_Destroy’ is not a member of ‘TokenType::std’; did you mean ‘std::_Destroy’?
  586 |                     std::_Destroy(__new_start + __elems_before,
      |                          ^~~~~~~~
In file included from /usr/include/c++/11/ext/alloc_traits.h:34,
                 from /usr/include/c++/11/bits/stl_list.h:60,
                 from /usr/include/c++/11/list:63,
                 from Token.hpp:11,
                 from Token.cpp:5:
/usr/include/c++/11/bits/alloc_traits.h:743:5: note: ‘std::_Destroy’ declared here
  743 |     _Destroy(_ForwardIterator __first, _ForwardIterator __last,
      |     ^~~~~~~~
In file included from /usr/include/c++/11/vector:72,
                 from Component.hpp:10,
                 from Parser.hpp:10,
                 from Token.cpp:6:
/usr/include/c++/11/bits/vector.tcc:590:26: error: ‘_Destroy’ is not a member of ‘TokenType::std’; did you mean ‘std::_Destroy’?
  590 |                     std::_Destroy(__new_start, __new_finish,
      |                          ^~~~~~~~
In file included from /usr/include/c++/11/ext/alloc_traits.h:34,
                 from /usr/include/c++/11/bits/stl_list.h:60,
                 from /usr/include/c++/11/list:63,
                 from Token.hpp:11,
                 from Token.cpp:5:
/usr/include/c++/11/bits/alloc_traits.h:743:5: note: ‘std::_Destroy’ declared here
  743 |     _Destroy(_ForwardIterator __first, _ForwardIterator __last,
      |     ^~~~~~~~
In file included from /usr/include/c++/11/vector:72,
                 from Component.hpp:10,
                 from Parser.hpp:10,
                 from Token.cpp:6:
/usr/include/c++/11/bits/vector.tcc:595:20: error: ‘_Destroy’ is not a member of ‘TokenType::std’; did you mean ‘std::_Destroy’?
  595 |               std::_Destroy(this->_M_impl._M_start, this->_M_impl._M_finish,
      |                    ^~~~~~~~
In file included from /usr/include/c++/11/ext/alloc_traits.h:34,
                 from /usr/include/c++/11/bits/stl_list.h:60,
                 from /usr/include/c++/11/list:63,
                 from Token.hpp:11,
                 from Token.cpp:5:
/usr/include/c++/11/bits/alloc_traits.h:743:5: note: ‘std::_Destroy’ declared here
  743 |     _Destroy(_ForwardIterator __first, _ForwardIterator __last,
      |     ^~~~~~~~
In file included from /usr/include/c++/11/vector:72,
                 from Component.hpp:10,
                 from Parser.hpp:10,
                 from Token.cpp:6:
/usr/include/c++/11/bits/vector.tcc: In member function ‘void TokenType::std::vector<_Tp, _Alloc>::_M_default_append(TokenType::std::vector<_Tp, _Alloc>::size_type)’:
/usr/include/c++/11/bits/vector.tcc:627:22: error: ‘__uninitialized_default_n_a’ is not a member of ‘TokenType::std’; did you mean ‘std::__uninitialized_default_n_a’?
  627 |                 std::__uninitialized_default_n_a(this->_M_impl._M_finish,
      |                      ^~~~~~~~~~~~~~~~~~~~~~~~~~~
In file included from /usr/include/c++/11/memory:66,
                 from Token.hpp:12,
                 from Token.cpp:5:
/usr/include/c++/11/bits/stl_uninitialized.h:702:5: note: ‘std::__uninitialized_default_n_a’ declared here
  702 |     __uninitialized_default_n_a(_ForwardIterator __first, _Size __n,
      |     ^~~~~~~~~~~~~~~~~~~~~~~~~~~
In file included from /usr/include/c++/11/vector:72,
                 from Component.hpp:10,
                 from Parser.hpp:10,
                 from Token.cpp:6:
/usr/include/c++/11/bits/vector.tcc:640:28: error: ‘__uninitialized_default_n_a’ is not a member of ‘TokenType::std’; did you mean ‘std::__uninitialized_default_n_a’?
  640 |                       std::__uninitialized_default_n_a(__new_start + __size,
      |                            ^~~~~~~~~~~~~~~~~~~~~~~~~~~
In file included from /usr/include/c++/11/memory:66,
                 from Token.hpp:12,
                 from Token.cpp:5:
/usr/include/c++/11/bits/stl_uninitialized.h:702:5: note: ‘std::__uninitialized_default_n_a’ declared here
  702 |     __uninitialized_default_n_a(_ForwardIterator __first, _Size __n,
      |     ^~~~~~~~~~~~~~~~~~~~~~~~~~~
In file included from /usr/include/c++/11/vector:72,
                 from Component.hpp:10,
                 from Parser.hpp:10,
                 from Token.cpp:6:
/usr/include/c++/11/bits/vector.tcc:656:28: error: ‘__uninitialized_default_n_a’ is not a member of ‘TokenType::std’; did you mean ‘std::__uninitialized_default_n_a’?
  656 |                       std::__uninitialized_default_n_a(__new_start + __size,
      |                            ^~~~~~~~~~~~~~~~~~~~~~~~~~~
In file included from /usr/include/c++/11/memory:66,
                 from Token.hpp:12,
                 from Token.cpp:5:
/usr/include/c++/11/bits/stl_uninitialized.h:702:5: note: ‘std::__uninitialized_default_n_a’ declared here
  702 |     __uninitialized_default_n_a(_ForwardIterator __first, _Size __n,
      |     ^~~~~~~~~~~~~~~~~~~~~~~~~~~
In file included from /usr/include/c++/11/vector:72,
                 from Component.hpp:10,
                 from Parser.hpp:10,
                 from Token.cpp:6:
/usr/include/c++/11/bits/vector.tcc:659:28: error: ‘__uninitialized_move_if_noexcept_a’ is not a member of ‘TokenType::std’; did you mean ‘std::__uninitialized_move_if_noexcept_a’?
  659 |                       std::__uninitialized_move_if_noexcept_a(
      |                            ^~~~~~~~~~~~~~~~~~~~~~~~~~~~~~~~~~
In file included from /usr/include/c++/11/memory:66,
                 from Token.hpp:12,
                 from Token.cpp:5:
/usr/include/c++/11/bits/stl_uninitialized.h:349:5: note: ‘std::__uninitialized_move_if_noexcept_a’ declared here
  349 |     __uninitialized_move_if_noexcept_a(_InputIterator __first,
      |     ^~~~~~~~~~~~~~~~~~~~~~~~~~~~~~~~~~
In file included from /usr/include/c++/11/vector:72,
                 from Component.hpp:10,
                 from Parser.hpp:10,
                 from Token.cpp:6:
/usr/include/c++/11/bits/vector.tcc:666:30: error: ‘_Destroy’ is not a member of ‘TokenType::std’; did you mean ‘std::_Destroy’?
  666 |                         std::_Destroy(__destroy_from, __destroy_from + __n,
      |                              ^~~~~~~~
In file included from /usr/include/c++/11/ext/alloc_traits.h:34,
                 from /usr/include/c++/11/bits/stl_list.h:60,
                 from /usr/include/c++/11/list:63,
                 from Token.hpp:11,
                 from Token.cpp:5:
/usr/include/c++/11/bits/alloc_traits.h:743:5: note: ‘std::_Destroy’ declared here
  743 |     _Destroy(_ForwardIterator __first, _ForwardIterator __last,
      |     ^~~~~~~~
In file included from /usr/include/c++/11/vector:72,
                 from Component.hpp:10,
                 from Parser.hpp:10,
                 from Token.cpp:6:
/usr/include/c++/11/bits/vector.tcc:671:24: error: ‘_Destroy’ is not a member of ‘TokenType::std’; did you mean ‘std::_Destroy’?
  671 |                   std::_Destroy(this->_M_impl._M_start, this->_M_impl._M_finish,
      |                        ^~~~~~~~
In file included from /usr/include/c++/11/ext/alloc_traits.h:34,
                 from /usr/include/c++/11/bits/stl_list.h:60,
                 from /usr/include/c++/11/list:63,
                 from Token.hpp:11,
                 from Token.cpp:5:
/usr/include/c++/11/bits/alloc_traits.h:743:5: note: ‘std::_Destroy’ declared here
  743 |     _Destroy(_ForwardIterator __first, _ForwardIterator __last,
      |     ^~~~~~~~
In file included from /usr/include/c++/11/vector:72,
                 from Component.hpp:10,
                 from Parser.hpp:10,
                 from Token.cpp:6:
/usr/include/c++/11/bits/vector.tcc: In member function ‘bool TokenType::std::vector<_Tp, _Alloc>::_M_shrink_to_fit()’:
/usr/include/c++/11/bits/vector.tcc:693:19: error: ‘__shrink_to_fit_aux’ is not a member of ‘TokenType::std’; did you mean ‘std::__shrink_to_fit_aux’?
  693 |       return std::__shrink_to_fit_aux<vector>::_S_do_it(*this);
      |                   ^~~~~~~~~~~~~~~~~~~
In file included from /usr/include/c++/11/list:61,
                 from Token.hpp:11,
                 from Token.cpp:5:
/usr/include/c++/11/bits/allocator.h:318:12: note: ‘std::__shrink_to_fit_aux’ declared here
  318 |     struct __shrink_to_fit_aux
      |            ^~~~~~~~~~~~~~~~~~~
In file included from /usr/include/c++/11/vector:72,
                 from Component.hpp:10,
                 from Parser.hpp:10,
                 from Token.cpp:6:
/usr/include/c++/11/bits/vector.tcc:693:45: error: expected primary-expression before ‘>’ token
  693 |       return std::__shrink_to_fit_aux<vector>::_S_do_it(*this);
      |                                             ^
/usr/include/c++/11/bits/vector.tcc:693:48: error: ‘::_S_do_it’ has not been declared; did you mean ‘_S_word_bit’?
  693 |       return std::__shrink_to_fit_aux<vector>::_S_do_it(*this);
      |                                                ^~~~~~~~
      |                                                _S_word_bit
/usr/include/c++/11/bits/vector.tcc: At global scope:
/usr/include/c++/11/bits/vector.tcc:702:46: error: ‘TokenType::std::input_iterator_tag’ has not been declared
  702 |                       _InputIterator __last, std::input_iterator_tag)
      |                                              ^~~
In file included from /usr/include/c++/11/bits/stl_algobase.h:67,
                 from /usr/include/c++/11/list:60,
                 from Token.hpp:11,
                 from Token.cpp:5:
/usr/include/c++/11/bits/vector.tcc: In member function ‘void TokenType::std::vector<_Tp, _Alloc>::_M_range_insert(TokenType::std::vector<_Tp, _Alloc>::iterator, _InputIterator, _InputIterator, int)’:
/usr/include/c++/11/bits/vector.tcc:713:20: error: ‘make_move_iterator’ is not a member of ‘TokenType::std’; did you mean ‘std::make_move_iterator’?
  713 |                    _GLIBCXX_MAKE_MOVE_ITERATOR(__tmp.begin()),
      |                    ^~~~~~~~~~~~~~~~~~~~~~~~~~~
/usr/include/c++/11/bits/stl_iterator.h:1652:5: note: ‘std::make_move_iterator’ declared here
 1652 |     make_move_iterator(_Iterator __i)
      |     ^~~~~~~~~~~~~~~~~~
/usr/include/c++/11/bits/vector.tcc:714:20: error: ‘make_move_iterator’ is not a member of ‘TokenType::std’; did you mean ‘std::make_move_iterator’?
  714 |                    _GLIBCXX_MAKE_MOVE_ITERATOR(__tmp.end()));
      |                    ^~~~~~~~~~~~~~~~~~~~~~~~~~~
/usr/include/c++/11/bits/stl_iterator.h:1652:5: note: ‘std::make_move_iterator’ declared here
 1652 |     make_move_iterator(_Iterator __i)
      |     ^~~~~~~~~~~~~~~~~~
In file included from /usr/include/c++/11/vector:72,
                 from Component.hpp:10,
                 from Parser.hpp:10,
                 from Token.cpp:6:
/usr/include/c++/11/bits/vector.tcc: At global scope:
/usr/include/c++/11/bits/vector.tcc:723:48: error: ‘TokenType::std::forward_iterator_tag’ has not been declared
  723 |                       _ForwardIterator __last, std::forward_iterator_tag)
      |                                                ^~~
/usr/include/c++/11/bits/vector.tcc:721:7: error: redefinition of ‘void TokenType::std::vector<_Tp, _Alloc>::_M_range_insert(TokenType::std::vector<_Tp, _Alloc>::iterator, _ForwardIterator, _ForwardIterator, int)’
  721 |       vector<_Tp, _Alloc>::
      |       ^~~~~~~~~~~~~~~~~~~
/usr/include/c++/11/bits/vector.tcc:700:7: note: ‘void TokenType::std::vector<_Tp, _Alloc>::_M_range_insert(TokenType::std::vector<_Tp, _Alloc>::iterator, _InputIterator, _InputIterator, int)’ previously declared here
  700 |       vector<_Tp, _Alloc>::
      |       ^~~~~~~~~~~~~~~~~~~
/usr/include/c++/11/bits/vector.tcc: In member function ‘void TokenType::std::vector<bool, _Alloc>::_M_reallocate(TokenType::std::vector<bool, _Alloc>::size_type)’:
/usr/include/c++/11/bits/vector.tcc:814:29: error: ‘__addressof’ is not a member of ‘TokenType::std’; did you mean ‘std::__addressof’?
  814 |       iterator __start(std::__addressof(*__q), 0);
      |                             ^~~~~~~~~~~
In file included from /usr/include/c++/11/bits/stl_pair.h:59,
                 from /usr/include/c++/11/bits/stl_algobase.h:64,
                 from /usr/include/c++/11/list:60,
                 from Token.hpp:11,
                 from Token.cpp:5:
/usr/include/c++/11/bits/move.h:49:5: note: ‘std::__addressof’ declared here
   49 |     __addressof(_Tp& __r) _GLIBCXX_NOEXCEPT
      |     ^~~~~~~~~~~
In file included from /usr/include/c++/11/vector:72,
                 from Component.hpp:10,
                 from Parser.hpp:10,
                 from Token.cpp:6:
/usr/include/c++/11/bits/vector.tcc: In member function ‘void TokenType::std::vector<bool, _Alloc>::_M_fill_insert(TokenType::std::vector<bool, _Alloc>::iterator, TokenType::std::vector<bool, _Alloc>::size_type, bool)’:
/usr/include/c++/11/bits/vector.tcc:831:16: error: ‘copy_backward’ is not a member of ‘TokenType::std’; did you mean ‘std::copy_backward’?
  831 |           std::copy_backward(__position, end(),
      |                ^~~~~~~~~~~~~
In file included from /usr/include/c++/11/list:60,
                 from Token.hpp:11,
                 from Token.cpp:5:
/usr/include/c++/11/bits/stl_algobase.h:848:5: note: ‘std::copy_backward’ declared here
  848 |     copy_backward(_BI1 __first, _BI1 __last, _BI2 __result)
      |     ^~~~~~~~~~~~~
In file included from /usr/include/c++/11/vector:72,
                 from Component.hpp:10,
                 from Parser.hpp:10,
                 from Token.cpp:6:
/usr/include/c++/11/bits/vector.tcc:833:16: error: ‘fill’ is not a member of ‘TokenType::std’; did you mean ‘std::fill’?
  833 |           std::fill(__position, __position + difference_type(__n), __x);
      |                ^~~~
In file included from /usr/include/c++/11/list:60,
                 from Token.hpp:11,
                 from Token.cpp:5:
/usr/include/c++/11/bits/stl_algobase.h:992:5: note: ‘std::fill’ declared here
  992 |     fill(_ForwardIterator __first, _ForwardIterator __last, const _Tp& __value)
      |     ^~~~
In file included from /usr/include/c++/11/vector:72,
                 from Component.hpp:10,
                 from Parser.hpp:10,
                 from Token.cpp:6:
/usr/include/c++/11/bits/vector.tcc:841:33: error: ‘__addressof’ is not a member of ‘TokenType::std’; did you mean ‘std::__addressof’?
  841 |           iterator __start(std::__addressof(*__q), 0);
      |                                 ^~~~~~~~~~~
In file included from /usr/include/c++/11/bits/stl_pair.h:59,
                 from /usr/include/c++/11/bits/stl_algobase.h:64,
                 from /usr/include/c++/11/list:60,
                 from Token.hpp:11,
                 from Token.cpp:5:
/usr/include/c++/11/bits/move.h:49:5: note: ‘std::__addressof’ declared here
   49 |     __addressof(_Tp& __r) _GLIBCXX_NOEXCEPT
      |     ^~~~~~~~~~~
In file included from /usr/include/c++/11/vector:72,
                 from Component.hpp:10,
                 from Parser.hpp:10,
                 from Token.cpp:6:
/usr/include/c++/11/bits/vector.tcc:843:16: error: ‘fill’ is not a member of ‘TokenType::std’; did you mean ‘std::fill’?
  843 |           std::fill(__i, __i + difference_type(__n), __x);
      |                ^~~~
In file included from /usr/include/c++/11/list:60,
                 from Token.hpp:11,
                 from Token.cpp:5:
/usr/include/c++/11/bits/stl_algobase.h:992:5: note: ‘std::fill’ declared here
  992 |     fill(_ForwardIterator __first, _ForwardIterator __last, const _Tp& __value)
      |     ^~~~
In file included from /usr/include/c++/11/vector:72,
                 from Component.hpp:10,
                 from Parser.hpp:10,
                 from Token.cpp:6:
/usr/include/c++/11/bits/vector.tcc:844:36: error: ‘copy’ is not a member of ‘TokenType::std’; did you mean ‘std::copy’?
  844 |           iterator __finish = std::copy(__position, end(),
      |                                    ^~~~
In file included from /usr/include/c++/11/list:60,
                 from Token.hpp:11,
                 from Token.cpp:5:
/usr/include/c++/11/bits/stl_algobase.h:611:5: note: ‘std::copy’ declared here
  611 |     copy(_II __first, _II __last, _OI __result)
      |     ^~~~
In file included from /usr/include/c++/11/vector:72,
                 from Component.hpp:10,
                 from Parser.hpp:10,
                 from Token.cpp:6:
/usr/include/c++/11/bits/vector.tcc: At global scope:
/usr/include/c++/11/bits/vector.tcc:858:48: error: ‘TokenType::std::forward_iterator_tag’ has not been declared
  858 |                       _ForwardIterator __last, std::forward_iterator_tag)
      |                                                ^~~
/usr/include/c++/11/bits/vector.tcc:856:7: error: redefinition of ‘void TokenType::std::vector<bool, _Alloc>::_M_insert_range(TokenType::std::vector<bool, _Alloc>::iterator, _ForwardIterator, _ForwardIterator, int)’
  856 |       vector<bool, _Alloc>::
      |       ^~~~~~~~~~~~~~~~~~~~
In file included from /usr/include/c++/11/vector:68,
                 from Component.hpp:10,
                 from Parser.hpp:10,
                 from Token.cpp:6:
/usr/include/c++/11/bits/stl_bvector.h:1288:9: note: ‘void TokenType::std::vector<bool, _Alloc>::_M_insert_range(TokenType::std::vector<bool, _Alloc>::iterator, _InputIterator, _InputIterator, int)’ previously declared here
 1288 |         _M_insert_range(iterator __pos, _InputIterator __first,
      |         ^~~~~~~~~~~~~~~
In file included from /usr/include/c++/11/vector:72,
                 from Component.hpp:10,
                 from Parser.hpp:10,
                 from Token.cpp:6:
/usr/include/c++/11/bits/vector.tcc: In member function ‘void TokenType::std::vector<bool, _Alloc>::_M_insert_aux(TokenType::std::vector<bool, _Alloc>::iterator, bool)’:
/usr/include/c++/11/bits/vector.tcc:895:16: error: ‘copy_backward’ is not a member of ‘TokenType::std’; did you mean ‘std::copy_backward’?
  895 |           std::copy_backward(__position, this->_M_impl._M_finish,
      |                ^~~~~~~~~~~~~
In file included from /usr/include/c++/11/list:60,
                 from Token.hpp:11,
                 from Token.cpp:5:
/usr/include/c++/11/bits/stl_algobase.h:848:5: note: ‘std::copy_backward’ declared here
  848 |     copy_backward(_BI1 __first, _BI1 __last, _BI2 __result)
      |     ^~~~~~~~~~~~~
In file included from /usr/include/c++/11/vector:72,
                 from Component.hpp:10,
                 from Parser.hpp:10,
                 from Token.cpp:6:
/usr/include/c++/11/bits/vector.tcc:905:33: error: ‘__addressof’ is not a member of ‘TokenType::std’; did you mean ‘std::__addressof’?
  905 |           iterator __start(std::__addressof(*__q), 0);
      |                                 ^~~~~~~~~~~
In file included from /usr/include/c++/11/bits/stl_pair.h:59,
                 from /usr/include/c++/11/bits/stl_algobase.h:64,
                 from /usr/include/c++/11/list:60,
                 from Token.hpp:11,
                 from Token.cpp:5:
/usr/include/c++/11/bits/move.h:49:5: note: ‘std::__addressof’ declared here
   49 |     __addressof(_Tp& __r) _GLIBCXX_NOEXCEPT
      |     ^~~~~~~~~~~
In file included from /usr/include/c++/11/vector:72,
                 from Component.hpp:10,
                 from Parser.hpp:10,
                 from Token.cpp:6:
/usr/include/c++/11/bits/vector.tcc:908:36: error: ‘copy’ is not a member of ‘TokenType::std’; did you mean ‘std::copy’?
  908 |           iterator __finish = std::copy(__position, end(), __i);
      |                                    ^~~~
In file included from /usr/include/c++/11/list:60,
                 from Token.hpp:11,
                 from Token.cpp:5:
/usr/include/c++/11/bits/stl_algobase.h:611:5: note: ‘std::copy’ declared here
  611 |     copy(_II __first, _II __last, _OI __result)
      |     ^~~~
In file included from /usr/include/c++/11/vector:72,
                 from Component.hpp:10,
                 from Parser.hpp:10,
                 from Token.cpp:6:
/usr/include/c++/11/bits/vector.tcc: In member function ‘TokenType::std::vector<bool, _Alloc>::iterator TokenType::std::vector<bool, _Alloc>::_M_erase(TokenType::std::vector<bool, _Alloc>::iterator)’:
/usr/include/c++/11/bits/vector.tcc:922:14: error: ‘copy’ is not a member of ‘TokenType::std’; did you mean ‘std::copy’?
  922 |         std::copy(__position + 1, end(), __position);
      |              ^~~~
In file included from /usr/include/c++/11/list:60,
                 from Token.hpp:11,
                 from Token.cpp:5:
/usr/include/c++/11/bits/stl_algobase.h:611:5: note: ‘std::copy’ declared here
  611 |     copy(_II __first, _II __last, _OI __result)
      |     ^~~~
In file included from /usr/include/c++/11/vector:72,
                 from Component.hpp:10,
                 from Parser.hpp:10,
                 from Token.cpp:6:
/usr/include/c++/11/bits/vector.tcc: In member function ‘TokenType::std::vector<bool, _Alloc>::iterator TokenType::std::vector<bool, _Alloc>::_M_erase(TokenType::std::vector<bool, _Alloc>::iterator, TokenType::std::vector<bool, _Alloc>::iterator)’:
/usr/include/c++/11/bits/vector.tcc:932:19: error: no match for ‘operator!=’ (operand types are ‘TokenType::std::vector<bool, _Alloc>::iterator’ and ‘TokenType::std::vector<bool, _Alloc>::iterator’)
  932 |       if (__first != __last)
      |           ~~~~~~~ ^~ ~~~~~~
      |           |          |
      |           |          TokenType::std::vector<bool, _Alloc>::iterator
      |           TokenType::std::vector<bool, _Alloc>::iterator
In file included from /usr/include/c++/11/vector:67,
                 from Component.hpp:10,
                 from Parser.hpp:10,
                 from Token.cpp:6:
/usr/include/c++/11/bits/stl_vector.h:1937:5: note: candidate: ‘template<class _Tp, class _Alloc> bool TokenType::std::operator!=(const TokenType::std::vector<_Tp, _Alloc>&, const TokenType::std::vector<_Tp, _Alloc>&)’
 1937 |     operator!=(const vector<_Tp, _Alloc>& __x, const vector<_Tp, _Alloc>& __y)
      |     ^~~~~~~~
/usr/include/c++/11/bits/stl_vector.h:1937:5: note:   template argument deduction/substitution failed:
In file included from /usr/include/c++/11/vector:72,
                 from Component.hpp:10,
                 from Parser.hpp:10,
                 from Token.cpp:6:
/usr/include/c++/11/bits/vector.tcc:932:22: note:   ‘TokenType::std::vector<bool, _Alloc>::iterator’ is not derived from ‘const TokenType::std::vector<_Tp, _Alloc>’
  932 |       if (__first != __last)
      |                      ^~~~~~
/usr/include/c++/11/bits/vector.tcc:933:30: error: ‘copy’ is not a member of ‘TokenType::std’; did you mean ‘std::copy’?
  933 |         _M_erase_at_end(std::copy(__last, end(), __first));
      |                              ^~~~
In file included from /usr/include/c++/11/list:60,
                 from Token.hpp:11,
                 from Token.cpp:5:
/usr/include/c++/11/bits/stl_algobase.h:611:5: note: ‘std::copy’ declared here
  611 |     copy(_II __first, _II __last, _OI __result)
      |     ^~~~
In file included from /usr/include/c++/11/vector:72,
                 from Component.hpp:10,
                 from Parser.hpp:10,
                 from Token.cpp:6:
/usr/include/c++/11/bits/vector.tcc: At global scope:
/usr/include/c++/11/bits/vector.tcc:968:38: error: ‘vector’ in namespace ‘std’ does not name a template type
  968 |     operator()(const _GLIBCXX_STD_C::vector<bool, _Alloc>& __b) const noexcept
      |                                      ^~~~~~
/usr/include/c++/11/bits/vector.tcc:1:1: note: ‘std::vector’ is defined in header ‘<vector>’; did you forget to ‘#include <vector>’?
  +++ |+#include <vector>
    1 | // Vector implementation (out of line) -*- C++ -*-
/usr/include/c++/11/bits/vector.tcc:968:44: error: expected ‘,’ or ‘...’ before ‘<’ token
  968 |     operator()(const _GLIBCXX_STD_C::vector<bool, _Alloc>& __b) const noexcept
      |                                            ^
/usr/include/c++/11/bits/vector.tcc:968:71: error: definition of ‘size_t std::hash<TokenType::std::vector<bool, _Alloc> >::operator()(int) const’ is not in namespace enclosing ‘std::hash<TokenType::std::vector<bool, _Alloc> >’ [-fpermissive]
  968 |     operator()(const _GLIBCXX_STD_C::vector<bool, _Alloc>& __b) const noexcept
      |                                                                       ^~~~~~~~
/usr/include/c++/11/bits/vector.tcc: In member function ‘size_t std::hash<TokenType::std::vector<bool, _Alloc> >::operator()(int) const’:
/usr/include/c++/11/bits/vector.tcc:971:29: error: ‘_S_word_bit’ has not been declared in ‘std’
  971 |       using _GLIBCXX_STD_C::_S_word_bit;
      |                             ^~~~~~~~~~~
/usr/include/c++/11/bits/vector.tcc:972:29: error: ‘_Bit_type’ has not been declared in ‘std’
  972 |       using _GLIBCXX_STD_C::_Bit_type;
      |                             ^~~~~~~~~
/usr/include/c++/11/bits/vector.tcc:974:30: error: ‘__b’ was not declared in this scope
  974 |       const size_t __words = __b.size() / _S_word_bit;
      |                              ^~~
/usr/include/c++/11/bits/vector.tcc:974:43: error: ‘_S_word_bit’ was not declared in this scope; did you mean ‘TokenType::std::_S_word_bit’?
  974 |       const size_t __words = __b.size() / _S_word_bit;
      |                                           ^~~~~~~~~~~
      |                                           TokenType::std::_S_word_bit
In file included from /usr/include/c++/11/vector:68,
                 from Component.hpp:10,
                 from Parser.hpp:10,
                 from Token.cpp:6:
/usr/include/c++/11/bits/stl_bvector.h:70:10: note: ‘TokenType::std::_S_word_bit’ declared here
   70 |   enum { _S_word_bit = int(__CHAR_BIT__ * sizeof(_Bit_type)) };
      |          ^~~~~~~~~~~
In file included from /usr/include/c++/11/vector:72,
                 from Component.hpp:10,
                 from Parser.hpp:10,
                 from Token.cpp:6:
/usr/include/c++/11/bits/vector.tcc:977:53: error: ‘_Bit_type’ was not declared in this scope; did you mean ‘TokenType::std::_Bit_type’?
  977 |           const size_t __clength = __words * sizeof(_Bit_type);
      |                                                     ^~~~~~~~~
      |                                                     TokenType::std::_Bit_type
In file included from /usr/include/c++/11/vector:68,
                 from Component.hpp:10,
                 from Parser.hpp:10,
                 from Token.cpp:6:
/usr/include/c++/11/bits/stl_bvector.h:69:25: note: ‘TokenType::std::_Bit_type’ declared here
   69 |   typedef unsigned long _Bit_type;
      |                         ^~~~~~~~~
In file included from /usr/include/c++/11/vector:72,
                 from Component.hpp:10,
                 from Parser.hpp:10,
                 from Token.cpp:6:
/usr/include/c++/11/bits/vector.tcc:984:11: error: ‘_Bit_type’ was not declared in this scope; did you mean ‘TokenType::std::_Bit_type’?
  984 |           _Bit_type __hiword = *__b._M_impl._M_finish._M_p;
      |           ^~~~~~~~~
      |           TokenType::std::_Bit_type
In file included from /usr/include/c++/11/vector:68,
                 from Component.hpp:10,
                 from Parser.hpp:10,
                 from Token.cpp:6:
/usr/include/c++/11/bits/stl_bvector.h:69:25: note: ‘TokenType::std::_Bit_type’ declared here
   69 |   typedef unsigned long _Bit_type;
      |                         ^~~~~~~~~
In file included from /usr/include/c++/11/vector:72,
                 from Component.hpp:10,
                 from Parser.hpp:10,
                 from Token.cpp:6:
/usr/include/c++/11/bits/vector.tcc:985:11: error: ‘__hiword’ was not declared in this scope
  985 |           __hiword &= ~((~static_cast<_Bit_type>(0)) << __extrabits);
      |           ^~~~~~~~
/usr/include/c++/11/bits/vector.tcc:985:39: error: ‘_Bit_type’ does not name a type
  985 |           __hiword &= ~((~static_cast<_Bit_type>(0)) << __extrabits);
      |                                       ^~~~~~~~~
In file included from Parser.hpp:11,
                 from Token.cpp:6:
/usr/include/c++/11/stdexcept: At global scope:
/usr/include/c++/11/stdexcept:56:29: error: ‘string’ in namespace ‘TokenType::std’ does not name a type
   56 |     __cow_string(const std::string&);
      |                             ^~~~~~
In file included from Token.cpp:6:
Parser.hpp:28:28: error: ‘TokenType::std::string’ has not been declared
   28 |         virtual void Throw(std::string msg, const shared_ptr<Token> troubleToken = nullptr)
      |                            ^~~
Parser.hpp: In member function ‘virtual void TokenType::ParserType::Parser::Throw(int, std::shared_ptr<TokenType::Token>)’:
Parser.hpp:32:94: error: no match for ‘operator+’ (operand types are ‘std::__cxx11::basic_string<char>’ and ‘int’)
   31 |                 msg = string("On line ") + to_string(troubleToken->GetLine()) +
      |                       ~~~~~~~~~~~~~~~~~~~~~~~~~~~~~~~~~~~~~~~~~~~~~~~~~~~~~~~~~               
   32 |                         string(", col ") + to_string(troubleToken->GetCol()) + string(":\n") +
      |                         ~~~~~~~~~~~~~~~~~~~~~~~~~~~~~~~~~~~~~~~~~~~~~~~~~~~~~~~~~~~~~~~~~~~~ ^
      |                                                                              |
      |                                                                              std::__cxx11::basic_string<char>
   33 |                         msg;
      |                         ~~~                                                                   
      |                         |
      |                         int
In file included from /usr/include/c++/11/bits/stl_algobase.h:67,
                 from /usr/include/c++/11/list:60,
                 from Token.hpp:11,
                 from Token.cpp:5:
/usr/include/c++/11/bits/stl_iterator.h:568:5: note: candidate: ‘template<class _Iterator> constexpr std::reverse_iterator<_Iterator> std::operator+(typename std::reverse_iterator<_Iterator>::difference_type, const std::reverse_iterator<_Iterator>&)’
  568 |     operator+(typename reverse_iterator<_Iterator>::difference_type __n,
      |     ^~~~~~~~
/usr/include/c++/11/bits/stl_iterator.h:568:5: note:   template argument deduction/substitution failed:
In file included from Token.cpp:6:
Parser.hpp:33:25: note:   mismatched types ‘const std::reverse_iterator<_Iterator>’ and ‘int’
   33 |                         msg;
      |                         ^~~
In file included from /usr/include/c++/11/bits/stl_algobase.h:67,
                 from /usr/include/c++/11/list:60,
                 from Token.hpp:11,
                 from Token.cpp:5:
/usr/include/c++/11/bits/stl_iterator.h:1646:5: note: candidate: ‘template<class _Iterator> constexpr std::move_iterator<_IteratorL> std::operator+(typename std::move_iterator<_IteratorL>::difference_type, const std::move_iterator<_IteratorL>&)’
 1646 |     operator+(typename move_iterator<_Iterator>::difference_type __n,
      |     ^~~~~~~~
/usr/include/c++/11/bits/stl_iterator.h:1646:5: note:   template argument deduction/substitution failed:
In file included from Token.cpp:6:
Parser.hpp:33:25: note:   mismatched types ‘const std::move_iterator<_IteratorL>’ and ‘int’
   33 |                         msg;
      |                         ^~~
In file included from /usr/include/c++/11/string:55,
                 from Token.hpp:13,
                 from Token.cpp:5:
/usr/include/c++/11/bits/basic_string.h:6093:5: note: candidate: ‘template<class _CharT, class _Traits, class _Alloc> std::__cxx11::basic_string<_CharT, _Traits, _Allocator> std::operator+(const std::__cxx11::basic_string<_CharT, _Traits, _Allocator>&, const std::__cxx11::basic_string<_CharT, _Traits, _Allocator>&)’
 6093 |     operator+(const basic_string<_CharT, _Traits, _Alloc>& __lhs,
      |     ^~~~~~~~
/usr/include/c++/11/bits/basic_string.h:6093:5: note:   template argument deduction/substitution failed:
In file included from Token.cpp:6:
Parser.hpp:33:25: note:   mismatched types ‘const std::__cxx11::basic_string<_CharT, _Traits, _Allocator>’ and ‘int’
   33 |                         msg;
      |                         ^~~
In file included from /usr/include/c++/11/string:56,
                 from Token.hpp:13,
                 from Token.cpp:5:
/usr/include/c++/11/bits/basic_string.tcc:1169:5: note: candidate: ‘template<class _CharT, class _Traits, class _Alloc> std::__cxx11::basic_string<_CharT, _Traits, _Allocator> std::operator+(const _CharT*, const std::__cxx11::basic_string<_CharT, _Traits, _Allocator>&)’
 1169 |     operator+(const _CharT* __lhs,
      |     ^~~~~~~~
/usr/include/c++/11/bits/basic_string.tcc:1169:5: note:   template argument deduction/substitution failed:
In file included from Token.cpp:6:
Parser.hpp:33:25: note:   mismatched types ‘const _CharT*’ and ‘std::__cxx11::basic_string<char>’
   33 |                         msg;
      |                         ^~~
In file included from /usr/include/c++/11/string:56,
                 from Token.hpp:13,
                 from Token.cpp:5:
/usr/include/c++/11/bits/basic_string.tcc:1189:5: note: candidate: ‘template<class _CharT, class _Traits, class _Alloc> std::__cxx11::basic_string<_CharT, _Traits, _Allocator> std::operator+(_CharT, const std::__cxx11::basic_string<_CharT, _Traits, _Allocator>&)’
 1189 |     operator+(_CharT __lhs, const basic_string<_CharT, _Traits, _Alloc>& __rhs)
      |     ^~~~~~~~
/usr/include/c++/11/bits/basic_string.tcc:1189:5: note:   template argument deduction/substitution failed:
In file included from Token.cpp:6:
Parser.hpp:33:25: note:   mismatched types ‘const std::__cxx11::basic_string<_CharT, _Traits, _Allocator>’ and ‘int’
   33 |                         msg;
      |                         ^~~
In file included from /usr/include/c++/11/string:55,
                 from Token.hpp:13,
                 from Token.cpp:5:
/usr/include/c++/11/bits/basic_string.h:6130:5: note: candidate: ‘template<class _CharT, class _Traits, class _Alloc> std::__cxx11::basic_string<_CharT, _Traits, _Allocator> std::operator+(const std::__cxx11::basic_string<_CharT, _Traits, _Allocator>&, const _CharT*)’
 6130 |     operator+(const basic_string<_CharT, _Traits, _Alloc>& __lhs,
      |     ^~~~~~~~
/usr/include/c++/11/bits/basic_string.h:6130:5: note:   template argument deduction/substitution failed:
In file included from Token.cpp:6:
Parser.hpp:33:25: note:   mismatched types ‘const _CharT*’ and ‘int’
   33 |                         msg;
      |                         ^~~
In file included from /usr/include/c++/11/string:55,
                 from Token.hpp:13,
                 from Token.cpp:5:
/usr/include/c++/11/bits/basic_string.h:6146:5: note: candidate: ‘template<class _CharT, class _Traits, class _Alloc> std::__cxx11::basic_string<_CharT, _Traits, _Allocator> std::operator+(const std::__cxx11::basic_string<_CharT, _Traits, _Allocator>&, _CharT)’
 6146 |     operator+(const basic_string<_CharT, _Traits, _Alloc>& __lhs, _CharT __rhs)
      |     ^~~~~~~~
/usr/include/c++/11/bits/basic_string.h:6146:5: note:   template argument deduction/substitution failed:
In file included from Token.cpp:6:
Parser.hpp:33:25: note:   deduced conflicting types for parameter ‘_CharT’ (‘char’ and ‘int’)
   33 |                         msg;
      |                         ^~~
In file included from /usr/include/c++/11/string:55,
                 from Token.hpp:13,
                 from Token.cpp:5:
/usr/include/c++/11/bits/basic_string.h:6158:5: note: candidate: ‘template<class _CharT, class _Traits, class _Alloc> std::__cxx11::basic_string<_CharT, _Traits, _Allocator> std::operator+(std::__cxx11::basic_string<_CharT, _Traits, _Allocator>&&, const std::__cxx11::basic_string<_CharT, _Traits, _Allocator>&)’
 6158 |     operator+(basic_string<_CharT, _Traits, _Alloc>&& __lhs,
      |     ^~~~~~~~
/usr/include/c++/11/bits/basic_string.h:6158:5: note:   template argument deduction/substitution failed:
In file included from Token.cpp:6:
Parser.hpp:33:25: note:   mismatched types ‘const std::__cxx11::basic_string<_CharT, _Traits, _Allocator>’ and ‘int’
   33 |                         msg;
      |                         ^~~
In file included from /usr/include/c++/11/string:55,
                 from Token.hpp:13,
                 from Token.cpp:5:
/usr/include/c++/11/bits/basic_string.h:6164:5: note: candidate: ‘template<class _CharT, class _Traits, class _Alloc> std::__cxx11::basic_string<_CharT, _Traits, _Allocator> std::operator+(const std::__cxx11::basic_string<_CharT, _Traits, _Allocator>&, std::__cxx11::basic_string<_CharT, _Traits, _Allocator>&&)’
 6164 |     operator+(const basic_string<_CharT, _Traits, _Alloc>& __lhs,
      |     ^~~~~~~~
/usr/include/c++/11/bits/basic_string.h:6164:5: note:   template argument deduction/substitution failed:
In file included from Token.cpp:6:
Parser.hpp:33:25: note:   mismatched types ‘std::__cxx11::basic_string<_CharT, _Traits, _Allocator>’ and ‘int’
   33 |                         msg;
      |                         ^~~
In file included from /usr/include/c++/11/string:55,
                 from Token.hpp:13,
                 from Token.cpp:5:
/usr/include/c++/11/bits/basic_string.h:6170:5: note: candidate: ‘template<class _CharT, class _Traits, class _Alloc> std::__cxx11::basic_string<_CharT, _Traits, _Allocator> std::operator+(std::__cxx11::basic_string<_CharT, _Traits, _Allocator>&&, std::__cxx11::basic_string<_CharT, _Traits, _Allocator>&&)’
 6170 |     operator+(basic_string<_CharT, _Traits, _Alloc>&& __lhs,
      |     ^~~~~~~~
/usr/include/c++/11/bits/basic_string.h:6170:5: note:   template argument deduction/substitution failed:
In file included from Token.cpp:6:
Parser.hpp:33:25: note:   mismatched types ‘std::__cxx11::basic_string<_CharT, _Traits, _Allocator>’ and ‘int’
   33 |                         msg;
      |                         ^~~
In file included from /usr/include/c++/11/string:55,
                 from Token.hpp:13,
                 from Token.cpp:5:
/usr/include/c++/11/bits/basic_string.h:6192:5: note: candidate: ‘template<class _CharT, class _Traits, class _Alloc> std::__cxx11::basic_string<_CharT, _Traits, _Allocator> std::operator+(const _CharT*, std::__cxx11::basic_string<_CharT, _Traits, _Allocator>&&)’
 6192 |     operator+(const _CharT* __lhs,
      |     ^~~~~~~~
/usr/include/c++/11/bits/basic_string.h:6192:5: note:   template argument deduction/substitution failed:
In file included from Token.cpp:6:
Parser.hpp:33:25: note:   mismatched types ‘const _CharT*’ and ‘std::__cxx11::basic_string<char>’
   33 |                         msg;
      |                         ^~~
In file included from /usr/include/c++/11/string:55,
                 from Token.hpp:13,
                 from Token.cpp:5:
/usr/include/c++/11/bits/basic_string.h:6198:5: note: candidate: ‘template<class _CharT, class _Traits, class _Alloc> std::__cxx11::basic_string<_CharT, _Traits, _Allocator> std::operator+(_CharT, std::__cxx11::basic_string<_CharT, _Traits, _Allocator>&&)’
 6198 |     operator+(_CharT __lhs,
      |     ^~~~~~~~
/usr/include/c++/11/bits/basic_string.h:6198:5: note:   template argument deduction/substitution failed:
In file included from Token.cpp:6:
Parser.hpp:33:25: note:   mismatched types ‘std::__cxx11::basic_string<_CharT, _Traits, _Allocator>’ and ‘int’
   33 |                         msg;
      |                         ^~~
In file included from /usr/include/c++/11/string:55,
                 from Token.hpp:13,
                 from Token.cpp:5:
/usr/include/c++/11/bits/basic_string.h:6204:5: note: candidate: ‘template<class _CharT, class _Traits, class _Alloc> std::__cxx11::basic_string<_CharT, _Traits, _Allocator> std::operator+(std::__cxx11::basic_string<_CharT, _Traits, _Allocator>&&, const _CharT*)’
 6204 |     operator+(basic_string<_CharT, _Traits, _Alloc>&& __lhs,
      |     ^~~~~~~~
/usr/include/c++/11/bits/basic_string.h:6204:5: note:   template argument deduction/substitution failed:
In file included from Token.cpp:6:
Parser.hpp:33:25: note:   mismatched types ‘const _CharT*’ and ‘int’
   33 |                         msg;
      |                         ^~~
In file included from /usr/include/c++/11/string:55,
                 from Token.hpp:13,
                 from Token.cpp:5:
/usr/include/c++/11/bits/basic_string.h:6210:5: note: candidate: ‘template<class _CharT, class _Traits, class _Alloc> std::__cxx11::basic_string<_CharT, _Traits, _Allocator> std::operator+(std::__cxx11::basic_string<_CharT, _Traits, _Allocator>&&, _CharT)’
 6210 |     operator+(basic_string<_CharT, _Traits, _Alloc>&& __lhs,
      |     ^~~~~~~~
/usr/include/c++/11/bits/basic_string.h:6210:5: note:   template argument deduction/substitution failed:
In file included from Token.cpp:6:
Parser.hpp:33:25: note:   deduced conflicting types for parameter ‘_CharT’ (‘char’ and ‘int’)
   33 |                         msg;
      |                         ^~~
In file included from /usr/include/c++/11/bits/stl_algobase.h:67,
                 from /usr/include/c++/11/list:60,
                 from Token.hpp:11,
                 from Token.cpp:5:
/usr/include/c++/11/bits/stl_iterator.h:1242:5: note: candidate: ‘template<class _Iterator, class _Container> __gnu_cxx::__normal_iterator<_Iterator, _Container> __gnu_cxx::operator+(typename __gnu_cxx::__normal_iterator<_Iterator, _Container>::difference_type, const __gnu_cxx::__normal_iterator<_Iterator, _Container>&)’
 1242 |     operator+(typename __normal_iterator<_Iterator, _Container>::difference_type
      |     ^~~~~~~~
/usr/include/c++/11/bits/stl_iterator.h:1242:5: note:   template argument deduction/substitution failed:
In file included from Token.cpp:6:
Parser.hpp:33:25: note:   mismatched types ‘const __gnu_cxx::__normal_iterator<_Iterator, _Container>’ and ‘int’
   33 |                         msg;
      |                         ^~~
Parser.hpp:35:41: error: invalid conversion from ‘int’ to ‘const char*’ [-fpermissive]
   35 |             throw std::invalid_argument(msg);
      |                                         ^~~
      |                                         |
      |                                         int
In file included from Parser.hpp:11,
                 from Token.cpp:6:
/usr/include/c++/11/stdexcept:173:31: note:   initializing argument 1 of ‘TokenType::std::invalid_argument::invalid_argument(const char*)’
  173 |     explicit invalid_argument(const char*) _GLIBCXX_TXN_SAFE;
      |                               ^~~~~~~~~~~
Token.cpp: At global scope:
Token.cpp:10:6: error: no declaration matches ‘void TokenType::Program::ParsedBy(TokenType::ParserType::BottomUp*) const’
   10 | void Program::ParsedBy(ParserType::BottomUp* parser) const
      |      ^~~~~~~
In file included from Token.cpp:5:
Token.hpp:70:20: note: candidate is: ‘virtual void TokenType::Program::ParsedBy(ParserType::BottomUp*) const’
   70 |       virtual void ParsedBy(ParserType::BottomUp* parser) const override;
      |                    ^~~~~~~~
Token.hpp:65:15: note: ‘class TokenType::Program’ defined here
   65 |         class Program: public Token
      |               ^~~~~~~
Token.cpp:17:6: error: no declaration matches ‘void TokenType::Const::ParsedBy(TokenType::ParserType::BottomUp*) const’
   17 | void Const::ParsedBy(ParserType::BottomUp* parser) const
      |      ^~~~~
In file included from Token.cpp:5:
Token.hpp:79:20: note: candidate is: ‘virtual void TokenType::Const::ParsedBy(ParserType::BottomUp*) const’
   79 |       virtual void ParsedBy(ParserType::BottomUp* parser) const override;
      |                    ^~~~~~~~
Token.hpp:74:15: note: ‘class TokenType::Const’ defined here
   74 |         class Const: public Token
      |               ^~~~~
Token.cpp:24:6: error: no declaration matches ‘void TokenType::Char::ParsedBy(TokenType::ParserType::BottomUp*) const’
   24 | void Char::ParsedBy(ParserType::BottomUp* parser) const
      |      ^~~~
In file included from Token.cpp:5:
Token.hpp:106:20: note: candidate is: ‘virtual void TokenType::Char::ParsedBy(ParserType::BottomUp*) const’
  106 |       virtual void ParsedBy(ParserType::BottomUp* parser) const override;
      |                    ^~~~~~~~
Token.hpp:101:15: note: ‘class TokenType::Char’ defined here
  101 |         class Char: public Token
      |               ^~~~
Token.cpp:31:6: error: no declaration matches ‘void TokenType::Type::ParsedBy(TokenType::ParserType::BottomUp*) const’
   31 | void Type::ParsedBy(ParserType::BottomUp* parser) const
      |      ^~~~
In file included from Token.cpp:5:
Token.hpp:88:20: note: candidate is: ‘virtual void TokenType::Type::ParsedBy(ParserType::BottomUp*) const’
   88 |       virtual void ParsedBy(ParserType::BottomUp* parser) const override;
      |                    ^~~~~~~~
Token.hpp:83:15: note: ‘class TokenType::Type’ defined here
   83 |         class Type: public Token
      |               ^~~~
Token.cpp:38:6: error: no declaration matches ‘void TokenType::Var::ParsedBy(TokenType::ParserType::BottomUp*) const’
   38 | void Var::ParsedBy(ParserType::BottomUp* parser) const
      |      ^~~
In file included from Token.cpp:5:
Token.hpp:97:20: note: candidate is: ‘virtual void TokenType::Var::ParsedBy(ParserType::BottomUp*) const’
   97 |       virtual void ParsedBy(ParserType::BottomUp* parser) const override;
      |                    ^~~~~~~~
Token.hpp:92:15: note: ‘class TokenType::Var’ defined here
   92 |         class Var: public Token
      |               ^~~
Token.cpp:45:6: error: no declaration matches ‘void TokenType::Integer::ParsedBy(TokenType::ParserType::BottomUp*) const’
   45 | void Integer::ParsedBy(ParserType::BottomUp* parser) const
      |      ^~~~~~~
In file included from Token.cpp:5:
Token.hpp:115:20: note: candidate is: ‘virtual void TokenType::Integer::ParsedBy(ParserType::BottomUp*) const’
  115 |       virtual void ParsedBy(ParserType::BottomUp* parser) const override;
      |                    ^~~~~~~~
Token.hpp:110:15: note: ‘class TokenType::Integer’ defined here
  110 |         class Integer: public Token
      |               ^~~~~~~
Token.cpp:52:6: error: no declaration matches ‘void TokenType::Array::ParsedBy(TokenType::ParserType::BottomUp*) const’
   52 | void Array::ParsedBy(ParserType::BottomUp* parser) const
      |      ^~~~~
In file included from Token.cpp:5:
Token.hpp:124:20: note: candidate is: ‘virtual void TokenType::Array::ParsedBy(ParserType::BottomUp*) const’
  124 |       virtual void ParsedBy(ParserType::BottomUp* parser) const override;
      |                    ^~~~~~~~
Token.hpp:119:15: note: ‘class TokenType::Array’ defined here
  119 |         class Array: public Token
      |               ^~~~~
Token.cpp:59:6: error: no declaration matches ‘void TokenType::Of::ParsedBy(TokenType::ParserType::BottomUp*) const’
   59 | void Of::ParsedBy(ParserType::BottomUp* parser) const
      |      ^~
In file included from Token.cpp:5:
Token.hpp:133:20: note: candidate is: ‘virtual void TokenType::Of::ParsedBy(ParserType::BottomUp*) const’
  133 |       virtual void ParsedBy(ParserType::BottomUp* parser) const override;
      |                    ^~~~~~~~
Token.hpp:128:15: note: ‘class TokenType::Of’ defined here
  128 |         class Of: public Token
      |               ^~
Token.cpp:66:6: error: no declaration matches ‘void TokenType::Function::ParsedBy(TokenType::ParserType::BottomUp*) const’
   66 | void Function::ParsedBy(ParserType::BottomUp* parser) const
      |      ^~~~~~~~
In file included from Token.cpp:5:
Token.hpp:142:20: note: candidate is: ‘virtual void TokenType::Function::ParsedBy(ParserType::BottomUp*) const’
  142 |       virtual void ParsedBy(ParserType::BottomUp* parser) const override;
      |                    ^~~~~~~~
Token.hpp:137:15: note: ‘class TokenType::Function’ defined here
  137 |         class Function: public Token
      |               ^~~~~~~~
Token.cpp:73:6: error: no declaration matches ‘void TokenType::Procedure::ParsedBy(TokenType::ParserType::BottomUp*) const’
   73 | void Procedure::ParsedBy(ParserType::BottomUp* parser) const
      |      ^~~~~~~~~
In file included from Token.cpp:5:
Token.hpp:151:20: note: candidate is: ‘virtual void TokenType::Procedure::ParsedBy(ParserType::BottomUp*) const’
  151 |       virtual void ParsedBy(ParserType::BottomUp* parser) const override;
      |                    ^~~~~~~~
Token.hpp:146:15: note: ‘class TokenType::Procedure’ defined here
  146 |         class Procedure: public Token
      |               ^~~~~~~~~
Token.cpp:80:6: error: no declaration matches ‘void TokenType::Begin::ParsedBy(TokenType::ParserType::BottomUp*) const’
   80 | void Begin::ParsedBy(ParserType::BottomUp* parser) const
      |      ^~~~~
In file included from Token.cpp:5:
Token.hpp:160:20: note: candidate is: ‘virtual void TokenType::Begin::ParsedBy(ParserType::BottomUp*) const’
  160 |       virtual void ParsedBy(ParserType::BottomUp* parser) const override;
      |                    ^~~~~~~~
Token.hpp:155:15: note: ‘class TokenType::Begin’ defined here
  155 |         class Begin: public Token
      |               ^~~~~
Token.cpp:87:6: error: no declaration matches ‘void TokenType::End::ParsedBy(TokenType::ParserType::BottomUp*) const’
   87 | void End::ParsedBy(ParserType::BottomUp* parser) const
      |      ^~~
In file included from Token.cpp:5:
Token.hpp:169:20: note: candidate is: ‘virtual void TokenType::End::ParsedBy(ParserType::BottomUp*) const’
  169 |       virtual void ParsedBy(ParserType::BottomUp* parser) const override;
      |                    ^~~~~~~~
Token.hpp:164:15: note: ‘class TokenType::End’ defined here
  164 |         class End: public Token
      |               ^~~
Token.cpp:94:6: error: no declaration matches ‘void TokenType::Call::ParsedBy(TokenType::ParserType::BottomUp*) const’
   94 | void Call::ParsedBy(ParserType::BottomUp* parser) const
      |      ^~~~
In file included from Token.cpp:5:
Token.hpp:178:20: note: candidate is: ‘virtual void TokenType::Call::ParsedBy(ParserType::BottomUp*) const’
  178 |       virtual void ParsedBy(ParserType::BottomUp* parser) const override;
      |                    ^~~~~~~~
Token.hpp:173:15: note: ‘class TokenType::Call’ defined here
  173 |         class Call: public Token
      |               ^~~~
Token.cpp:101:6: error: no declaration matches ‘void TokenType::If::ParsedBy(TokenType::ParserType::BottomUp*) const’
  101 | void If::ParsedBy(ParserType::BottomUp* parser) const
      |      ^~
In file included from Token.cpp:5:
Token.hpp:187:20: note: candidate is: ‘virtual void TokenType::If::ParsedBy(ParserType::BottomUp*) const’
  187 |       virtual void ParsedBy(ParserType::BottomUp* parser) const override;
      |                    ^~~~~~~~
Token.hpp:182:15: note: ‘class TokenType::If’ defined here
  182 |         class If: public Token
      |               ^~
Token.cpp:108:6: error: no declaration matches ‘void TokenType::Then::ParsedBy(TokenType::ParserType::BottomUp*) const’
  108 | void Then::ParsedBy(ParserType::BottomUp* parser) const
      |      ^~~~
In file included from Token.cpp:5:
Token.hpp:196:20: note: candidate is: ‘virtual void TokenType::Then::ParsedBy(ParserType::BottomUp*) const’
  196 |       virtual void ParsedBy(ParserType::BottomUp* parser) const override;
      |                    ^~~~~~~~
Token.hpp:191:15: note: ‘class TokenType::Then’ defined here
  191 |         class Then: public Token
      |               ^~~~
Token.cpp:115:6: error: no declaration matches ‘void TokenType::Else::ParsedBy(TokenType::ParserType::BottomUp*) const’
  115 | void Else::ParsedBy(ParserType::BottomUp* parser) const
      |      ^~~~
In file included from Token.cpp:5:
Token.hpp:205:20: note: candidate is: ‘virtual void TokenType::Else::ParsedBy(ParserType::BottomUp*) const’
  205 |       virtual void ParsedBy(ParserType::BottomUp* parser) const override;
      |                    ^~~~~~~~
Token.hpp:200:15: note: ‘class TokenType::Else’ defined here
  200 |         class Else: public Token
      |               ^~~~
Token.cpp:122:6: error: no declaration matches ‘void TokenType::While::ParsedBy(TokenType::ParserType::BottomUp*) const’
  122 | void While::ParsedBy(ParserType::BottomUp* parser) const
      |      ^~~~~
In file included from Token.cpp:5:
Token.hpp:214:20: note: candidate is: ‘virtual void TokenType::While::ParsedBy(ParserType::BottomUp*) const’
  214 |       virtual void ParsedBy(ParserType::BottomUp* parser) const override;
      |                    ^~~~~~~~
Token.hpp:209:15: note: ‘class TokenType::While’ defined here
  209 |         class While: public Token
      |               ^~~~~
Token.cpp:129:6: error: no declaration matches ‘void TokenType::Do::ParsedBy(TokenType::ParserType::BottomUp*) const’
  129 | void Do::ParsedBy(ParserType::BottomUp* parser) const
      |      ^~
In file included from Token.cpp:5:
Token.hpp:223:20: note: candidate is: ‘virtual void TokenType::Do::ParsedBy(ParserType::BottomUp*) const’
  223 |       virtual void ParsedBy(ParserType::BottomUp* parser) const override;
      |                    ^~~~~~~~
Token.hpp:218:15: note: ‘class TokenType::Do’ defined here
  218 |         class Do: public Token
      |               ^~
Token.cpp:136:6: error: no declaration matches ‘void TokenType::For::ParsedBy(TokenType::ParserType::BottomUp*) const’
  136 | void For::ParsedBy(ParserType::BottomUp* parser) const
      |      ^~~
In file included from Token.cpp:5:
Token.hpp:232:20: note: candidate is: ‘virtual void TokenType::For::ParsedBy(ParserType::BottomUp*) const’
  232 |       virtual void ParsedBy(ParserType::BottomUp* parser) const override;
      |                    ^~~~~~~~
Token.hpp:227:15: note: ‘class TokenType::For’ defined here
  227 |         class For: public Token
      |               ^~~
Token.cpp:143:6: error: no declaration matches ‘void TokenType::To::ParsedBy(TokenType::ParserType::BottomUp*) const’
  143 | void To::ParsedBy(ParserType::BottomUp* parser) const
      |      ^~
In file included from Token.cpp:5:
Token.hpp:241:20: note: candidate is: ‘virtual void TokenType::To::ParsedBy(ParserType::BottomUp*) const’
  241 |       virtual void ParsedBy(ParserType::BottomUp* parser) const override;
      |                    ^~~~~~~~
Token.hpp:236:15: note: ‘class TokenType::To’ defined here
  236 |         class To: public Token
      |               ^~
Token.cpp:150:6: error: no declaration matches ‘void TokenType::Space::ParsedBy(TokenType::ParserType::BottomUp*) const’
  150 | void Space::ParsedBy(ParserType::BottomUp* parser) const
      |      ^~~~~
In file included from Token.cpp:5:
Token.hpp:250:20: note: candidate is: ‘virtual void TokenType::Space::ParsedBy(ParserType::BottomUp*) const’
  250 |       virtual void ParsedBy(ParserType::BottomUp* parser) const override;
      |                    ^~~~~~~~
Token.hpp:245:15: note: ‘class TokenType::Space’ defined here
  245 |         class Space: public Token
      |               ^~~~~
Token.cpp:157:6: error: no declaration matches ‘void TokenType::Semicolon::ParsedBy(TokenType::ParserType::BottomUp*) const’
  157 | void Semicolon::ParsedBy(ParserType::BottomUp* parser) const
      |      ^~~~~~~~~
In file included from Token.cpp:5:
Token.hpp:259:20: note: candidate is: ‘virtual void TokenType::Semicolon::ParsedBy(ParserType::BottomUp*) const’
  259 |       virtual void ParsedBy(ParserType::BottomUp* parser) const override;
      |                    ^~~~~~~~
Token.hpp:254:15: note: ‘class TokenType::Semicolon’ defined here
  254 |         class Semicolon: public Token
      |               ^~~~~~~~~
Token.cpp:164:6: error: no declaration matches ‘void TokenType::Colon::ParsedBy(TokenType::ParserType::BottomUp*) const’
  164 | void Colon::ParsedBy(ParserType::BottomUp* parser) const
      |      ^~~~~
In file included from Token.cpp:5:
Token.hpp:268:20: note: candidate is: ‘virtual void TokenType::Colon::ParsedBy(ParserType::BottomUp*) const’
  268 |       virtual void ParsedBy(ParserType::BottomUp* parser) const override;
      |                    ^~~~~~~~
Token.hpp:263:15: note: ‘class TokenType::Colon’ defined here
  263 |         class Colon: public Token
      |               ^~~~~
Token.cpp:171:6: error: no declaration matches ‘void TokenType::Period::ParsedBy(TokenType::ParserType::BottomUp*) const’
  171 | void Period::ParsedBy(ParserType::BottomUp* parser) const
      |      ^~~~~~
In file included from Token.cpp:5:
Token.hpp:277:20: note: candidate is: ‘virtual void TokenType::Period::ParsedBy(ParserType::BottomUp*) const’
  277 |       virtual void ParsedBy(ParserType::BottomUp* parser) const override;
      |                    ^~~~~~~~
Token.hpp:272:15: note: ‘class TokenType::Period’ defined here
  272 |         class Period: public Token
      |               ^~~~~~
Token.cpp:178:6: error: no declaration matches ‘void TokenType::Comma::ParsedBy(TokenType::ParserType::BottomUp*) const’
  178 | void Comma::ParsedBy(ParserType::BottomUp* parser) const
      |      ^~~~~
In file included from Token.cpp:5:
Token.hpp:286:20: note: candidate is: ‘virtual void TokenType::Comma::ParsedBy(ParserType::BottomUp*) const’
  286 |       virtual void ParsedBy(ParserType::BottomUp* parser) const override;
      |                    ^~~~~~~~
Token.hpp:281:15: note: ‘class TokenType::Comma’ defined here
  281 |         class Comma: public Token
      |               ^~~~~
Token.cpp:185:6: error: no declaration matches ‘void TokenType::Assign::ParsedBy(TokenType::ParserType::BottomUp*) const’
  185 | void Assign::ParsedBy(ParserType::BottomUp* parser) const
      |      ^~~~~~
In file included from Token.cpp:5:
Token.hpp:295:20: note: candidate is: ‘virtual void TokenType::Assign::ParsedBy(ParserType::BottomUp*) const’
  295 |       virtual void ParsedBy(ParserType::BottomUp* parser) const override;
      |                    ^~~~~~~~
Token.hpp:290:15: note: ‘class TokenType::Assign’ defined here
  290 |         class Assign: public Token
      |               ^~~~~~
Token.cpp:192:6: error: no declaration matches ‘void TokenType::Equal::ParsedBy(TokenType::ParserType::BottomUp*) const’
  192 | void Equal::ParsedBy(ParserType::BottomUp* parser) const
      |      ^~~~~
In file included from Token.cpp:5:
Token.hpp:304:20: note: candidate is: ‘virtual void TokenType::Equal::ParsedBy(ParserType::BottomUp*) const’
  304 |       virtual void ParsedBy(ParserType::BottomUp* parser) const override;
      |                    ^~~~~~~~
Token.hpp:299:15: note: ‘class TokenType::Equal’ defined here
  299 |         class Equal: public Token
      |               ^~~~~
Token.cpp:199:6: error: no declaration matches ‘void TokenType::Unequal::ParsedBy(TokenType::ParserType::BottomUp*) const’
  199 | void Unequal::ParsedBy(ParserType::BottomUp* parser) const
      |      ^~~~~~~
In file included from Token.cpp:5:
Token.hpp:313:20: note: candidate is: ‘virtual void TokenType::Unequal::ParsedBy(ParserType::BottomUp*) const’
  313 |       virtual void ParsedBy(ParserType::BottomUp* parser) const override;
      |                    ^~~~~~~~
Token.hpp:308:15: note: ‘class TokenType::Unequal’ defined here
  308 |         class Unequal: public Token
      |               ^~~~~~~
Token.cpp:206:6: error: no declaration matches ‘void TokenType::Less::ParsedBy(TokenType::ParserType::BottomUp*) const’
  206 | void Less::ParsedBy(ParserType::BottomUp* parser) const
      |      ^~~~
In file included from Token.cpp:5:
Token.hpp:322:20: note: candidate is: ‘virtual void TokenType::Less::ParsedBy(ParserType::BottomUp*) const’
  322 |       virtual void ParsedBy(ParserType::BottomUp* parser) const override;
      |                    ^~~~~~~~
Token.hpp:317:15: note: ‘class TokenType::Less’ defined here
  317 |         class Less: public Token
      |               ^~~~
Token.cpp:213:6: error: no declaration matches ‘void TokenType::LessEqual::ParsedBy(TokenType::ParserType::BottomUp*) const’
  213 | void LessEqual::ParsedBy(ParserType::BottomUp* parser) const
      |      ^~~~~~~~~
In file included from Token.cpp:5:
Token.hpp:331:20: note: candidate is: ‘virtual void TokenType::LessEqual::ParsedBy(ParserType::BottomUp*) const’
  331 |       virtual void ParsedBy(ParserType::BottomUp* parser) const override;
      |                    ^~~~~~~~
Token.hpp:326:15: note: ‘class TokenType::LessEqual’ defined here
  326 |         class LessEqual: public Token
      |               ^~~~~~~~~
Token.cpp:220:6: error: no declaration matches ‘void TokenType::Greater::ParsedBy(TokenType::ParserType::BottomUp*) const’
  220 | void Greater::ParsedBy(ParserType::BottomUp* parser) const
      |      ^~~~~~~
In file included from Token.cpp:5:
Token.hpp:340:20: note: candidate is: ‘virtual void TokenType::Greater::ParsedBy(ParserType::BottomUp*) const’
  340 |       virtual void ParsedBy(ParserType::BottomUp* parser) const override;
      |                    ^~~~~~~~
Token.hpp:335:15: note: ‘class TokenType::Greater’ defined here
  335 |         class Greater: public Token
      |               ^~~~~~~
Token.cpp:227:6: error: no declaration matches ‘void TokenType::GreaterEqual::ParsedBy(TokenType::ParserType::BottomUp*) const’
  227 | void GreaterEqual::ParsedBy(ParserType::BottomUp* parser) const
      |      ^~~~~~~~~~~~
In file included from Token.cpp:5:
Token.hpp:349:20: note: candidate is: ‘virtual void TokenType::GreaterEqual::ParsedBy(ParserType::BottomUp*) const’
  349 |       virtual void ParsedBy(ParserType::BottomUp* parser) const override;
      |                    ^~~~~~~~
Token.hpp:344:15: note: ‘class TokenType::GreaterEqual’ defined here
  344 |         class GreaterEqual: public Token
      |               ^~~~~~~~~~~~
Token.cpp:234:6: error: no declaration matches ‘void TokenType::Plus::ParsedBy(TokenType::ParserType::BottomUp*) const’
  234 | void Plus::ParsedBy(ParserType::BottomUp* parser) const
      |      ^~~~
In file included from Token.cpp:5:
Token.hpp:358:20: note: candidate is: ‘virtual void TokenType::Plus::ParsedBy(ParserType::BottomUp*) const’
  358 |       virtual void ParsedBy(ParserType::BottomUp* parser) const override;
      |                    ^~~~~~~~
Token.hpp:353:15: note: ‘class TokenType::Plus’ defined here
  353 |         class Plus: public Token
      |               ^~~~
Token.cpp:241:6: error: no declaration matches ‘void TokenType::Minus::ParsedBy(TokenType::ParserType::BottomUp*) const’
  241 | void Minus::ParsedBy(ParserType::BottomUp* parser) const
      |      ^~~~~
In file included from Token.cpp:5:
Token.hpp:367:20: note: candidate is: ‘virtual void TokenType::Minus::ParsedBy(ParserType::BottomUp*) const’
  367 |       virtual void ParsedBy(ParserType::BottomUp* parser) const override;
      |                    ^~~~~~~~
Token.hpp:362:15: note: ‘class TokenType::Minus’ defined here
  362 |         class Minus: public Token
      |               ^~~~~
Token.cpp:248:6: error: no declaration matches ‘void TokenType::Times::ParsedBy(TokenType::ParserType::BottomUp*) const’
  248 | void Times::ParsedBy(ParserType::BottomUp* parser) const
      |      ^~~~~
In file included from Token.cpp:5:
Token.hpp:376:20: note: candidate is: ‘virtual void TokenType::Times::ParsedBy(ParserType::BottomUp*) const’
  376 |       virtual void ParsedBy(ParserType::BottomUp* parser) const override;
      |                    ^~~~~~~~
Token.hpp:371:15: note: ‘class TokenType::Times’ defined here
  371 |         class Times: public Token
      |               ^~~~~
Token.cpp:255:6: error: no declaration matches ‘void TokenType::Slash::ParsedBy(TokenType::ParserType::BottomUp*) const’
  255 | void Slash::ParsedBy(ParserType::BottomUp* parser) const
      |      ^~~~~
In file included from Token.cpp:5:
Token.hpp:385:20: note: candidate is: ‘virtual void TokenType::Slash::ParsedBy(ParserType::BottomUp*) const’
  385 |       virtual void ParsedBy(ParserType::BottomUp* parser) const override;
      |                    ^~~~~~~~
Token.hpp:380:15: note: ‘class TokenType::Slash’ defined here
  380 |         class Slash: public Token
      |               ^~~~~
Token.cpp:262:6: error: no declaration matches ‘void TokenType::ParenthesisOpen::ParsedBy(TokenType::ParserType::BottomUp*) const’
  262 | void ParenthesisOpen::ParsedBy(ParserType::BottomUp* parser) const
      |      ^~~~~~~~~~~~~~~
In file included from Token.cpp:5:
Token.hpp:394:20: note: candidate is: ‘virtual void TokenType::ParenthesisOpen::ParsedBy(ParserType::BottomUp*) const’
  394 |       virtual void ParsedBy(ParserType::BottomUp* parser) const override;
      |                    ^~~~~~~~
Token.hpp:389:15: note: ‘class TokenType::ParenthesisOpen’ defined here
  389 |         class ParenthesisOpen: public Token
      |               ^~~~~~~~~~~~~~~
Token.cpp:269:6: error: no declaration matches ‘void TokenType::ParenthesisClose::ParsedBy(TokenType::ParserType::BottomUp*) const’
  269 | void ParenthesisClose::ParsedBy(ParserType::BottomUp* parser) const
      |      ^~~~~~~~~~~~~~~~
In file included from Token.cpp:5:
Token.hpp:403:20: note: candidate is: ‘virtual void TokenType::ParenthesisClose::ParsedBy(ParserType::BottomUp*) const’
  403 |       virtual void ParsedBy(ParserType::BottomUp* parser) const override;
      |                    ^~~~~~~~
Token.hpp:398:15: note: ‘class TokenType::ParenthesisClose’ defined here
  398 |         class ParenthesisClose: public Token
      |               ^~~~~~~~~~~~~~~~
Token.cpp:276:6: error: no declaration matches ‘void TokenType::ArrayIndexOpen::ParsedBy(TokenType::ParserType::BottomUp*) const’
  276 | void ArrayIndexOpen::ParsedBy(ParserType::BottomUp* parser) const
      |      ^~~~~~~~~~~~~~
In file included from Token.cpp:5:
Token.hpp:412:20: note: candidate is: ‘virtual void TokenType::ArrayIndexOpen::ParsedBy(ParserType::BottomUp*) const’
  412 |       virtual void ParsedBy(ParserType::BottomUp* parser) const override;
      |                    ^~~~~~~~
Token.hpp:407:15: note: ‘class TokenType::ArrayIndexOpen’ defined here
  407 |         class ArrayIndexOpen: public Token
      |               ^~~~~~~~~~~~~~
Token.cpp:283:6: error: no declaration matches ‘void TokenType::ArrayIndexClose::ParsedBy(TokenType::ParserType::BottomUp*) const’
  283 | void ArrayIndexClose::ParsedBy(ParserType::BottomUp* parser) const
      |      ^~~~~~~~~~~~~~~
In file included from Token.cpp:5:
Token.hpp:421:20: note: candidate is: ‘virtual void TokenType::ArrayIndexClose::ParsedBy(ParserType::BottomUp*) const’
  421 |       virtual void ParsedBy(ParserType::BottomUp* parser) const override;
      |                    ^~~~~~~~
Token.hpp:416:15: note: ‘class TokenType::ArrayIndexClose’ defined here
  416 |         class ArrayIndexClose: public Token
      |               ^~~~~~~~~~~~~~~
Token.cpp:290:6: error: ‘Identifier’ has not been declared
  290 | void Identifier::ParsedBy(ParserType::BottomUp* parser) const
      |      ^~~~~~~~~~
Token.cpp:290:57: error: non-member function ‘void TokenType::ParsedBy(TokenType::ParserType::BottomUp*)’ cannot have cv-qualifier
  290 | void Identifier::ParsedBy(ParserType::BottomUp* parser) const
      |                                                         ^~~~~
Token.cpp:297:6: error: ‘Number’ has not been declared
  297 | void Number::ParsedBy(ParserType::BottomUp* parser) const
      |      ^~~~~~
Token.cpp:297:53: error: non-member function ‘void TokenType::ParsedBy(TokenType::ParserType::BottomUp*)’ cannot have cv-qualifier
  297 | void Number::ParsedBy(ParserType::BottomUp* parser) const
      |                                                     ^~~~~
Token.cpp:297:6: error: redefinition of ‘void TokenType::ParsedBy(TokenType::ParserType::BottomUp*)’
  297 | void Number::ParsedBy(ParserType::BottomUp* parser) const
      |      ^~~~~~
Token.cpp:290:6: note: ‘void TokenType::ParsedBy(TokenType::ParserType::BottomUp*)’ previously defined here
  290 | void Identifier::ParsedBy(ParserType::BottomUp* parser) const
      |      ^~~~~~~~~~
Token.cpp:304:6: error: ‘Letter’ has not been declared
  304 | void Letter::ParsedBy(ParserType::BottomUp* parser) const
      |      ^~~~~~
Token.cpp:304:53: error: non-member function ‘void TokenType::ParsedBy(TokenType::ParserType::BottomUp*)’ cannot have cv-qualifier
  304 | void Letter::ParsedBy(ParserType::BottomUp* parser) const
      |                                                     ^~~~~
Token.cpp:304:6: error: redefinition of ‘void TokenType::ParsedBy(TokenType::ParserType::BottomUp*)’
  304 | void Letter::ParsedBy(ParserType::BottomUp* parser) const
      |      ^~~~~~
Token.cpp:290:6: note: ‘void TokenType::ParsedBy(TokenType::ParserType::BottomUp*)’ previously defined here
  290 | void Identifier::ParsedBy(ParserType::BottomUp* parser) const
      |      ^~~~~~~~~~
Token.cpp:631:8: error: ‘Identifier’ has not been declared
  631 | string Identifier::ToString() const
      |        ^~~~~~~~~~
Token.cpp:631:31: error: non-member function ‘std::string TokenType::ToString()’ cannot have cv-qualifier
  631 | string Identifier::ToString() const
      |                               ^~~~~
Token.cpp: In function ‘std::string TokenType::ToString()’:
Token.cpp:633:12: error: ‘_id’ was not declared in this scope
  633 |     return _id;
      |            ^~~
Token.cpp: At global scope:
Token.cpp:636:19: error: ‘Identifier’ has not been declared
  636 | shared_ptr<Token> Identifier::Clone(int line, int col) const
      |                   ^~~~~~~~~~
Token.cpp:636:56: error: non-member function ‘std::shared_ptr<TokenType::Token> TokenType::Clone(int, int)’ cannot have cv-qualifier
  636 | shared_ptr<Token> Identifier::Clone(int line, int col) const
      |                                                        ^~~~~
Token.cpp: In function ‘std::shared_ptr<TokenType::Token> TokenType::Clone(int, int)’:
Token.cpp:638:24: error: ‘Identifier’ was not declared in this scope
  638 |     return make_shared<Identifier>(line, col, _id);
      |                        ^~~~~~~~~~
Token.cpp:638:47: error: ‘_id’ was not declared in this scope
  638 |     return make_shared<Identifier>(line, col, _id);
      |                                               ^~~
Token.cpp: At global scope:
Token.cpp:641:1: error: ‘Identifier’ does not name a type
  641 | Identifier::Identifier(int line, int col, string id): Token(line, col), _id(id)
      | ^~~~~~~~~~
Token.cpp:644:8: error: ‘Number’ has not been declared
  644 | string Number::ToString() const
      |        ^~~~~~
Token.cpp:644:27: error: non-member function ‘std::string TokenType::ToString()’ cannot have cv-qualifier
  644 | string Number::ToString() const
      |                           ^~~~~
Token.cpp:644:8: error: redefinition of ‘std::string TokenType::ToString()’
  644 | string Number::ToString() const
      |        ^~~~~~
Token.cpp:631:8: note: ‘std::string TokenType::ToString()’ previously defined here
  631 | string Identifier::ToString() const
      |        ^~~~~~~~~~
Token.cpp: In function ‘std::string TokenType::ToString()’:
Token.cpp:646:22: error: ‘_value’ was not declared in this scope
  646 |     return to_string(_value);
      |                      ^~~~~~
Token.cpp: At global scope:
Token.cpp:649:19: error: ‘Number’ has not been declared
  649 | shared_ptr<Token> Number::Clone(int line, int col) const
      |                   ^~~~~~
Token.cpp:649:52: error: non-member function ‘std::shared_ptr<TokenType::Token> TokenType::Clone(int, int)’ cannot have cv-qualifier
  649 | shared_ptr<Token> Number::Clone(int line, int col) const
      |                                                    ^~~~~
Token.cpp:649:19: error: redefinition of ‘std::shared_ptr<TokenType::Token> TokenType::Clone(int, int)’
  649 | shared_ptr<Token> Number::Clone(int line, int col) const
      |                   ^~~~~~
Token.cpp:636:19: note: ‘std::shared_ptr<TokenType::Token> TokenType::Clone(int, int)’ previously defined here
  636 | shared_ptr<Token> Identifier::Clone(int line, int col) const
      |                   ^~~~~~~~~~
Token.cpp: In function ‘std::shared_ptr<TokenType::Token> TokenType::Clone(int, int)’:
Token.cpp:651:24: error: ‘Number’ was not declared in this scope
  651 |     return make_shared<Number>(line, col, _value);
      |                        ^~~~~~
Token.cpp:651:43: error: ‘_value’ was not declared in this scope
  651 |     return make_shared<Number>(line, col, _value);
      |                                           ^~~~~~
Token.cpp: At global scope:
Token.cpp:654:1: error: ‘Number’ does not name a type
  654 | Number::Number(int line, int col, int value): Token(line, col), _value(value)
      | ^~~~~~
Token.cpp:657:8: error: ‘Letter’ has not been declared
  657 | string Letter::ToString() const
      |        ^~~~~~
Token.cpp:657:27: error: non-member function ‘std::string TokenType::ToString()’ cannot have cv-qualifier
  657 | string Letter::ToString() const
      |                           ^~~~~
Token.cpp:657:8: error: redefinition of ‘std::string TokenType::ToString()’
  657 | string Letter::ToString() const
      |        ^~~~~~
Token.cpp:631:8: note: ‘std::string TokenType::ToString()’ previously defined here
  631 | string Identifier::ToString() const
      |        ^~~~~~~~~~
Token.cpp: In function ‘std::string TokenType::ToString()’:
Token.cpp:660:15: error: ‘_value’ was not declared in this scope
  660 |     result[1]=_value;
      |               ^~~~~~
Token.cpp: At global scope:
Token.cpp:664:19: error: ‘Letter’ has not been declared
  664 | shared_ptr<Token> Letter::Clone(int line, int col) const
      |                   ^~~~~~
Token.cpp:664:52: error: non-member function ‘std::shared_ptr<TokenType::Token> TokenType::Clone(int, int)’ cannot have cv-qualifier
  664 | shared_ptr<Token> Letter::Clone(int line, int col) const
      |                                                    ^~~~~
Token.cpp:664:19: error: redefinition of ‘std::shared_ptr<TokenType::Token> TokenType::Clone(int, int)’
  664 | shared_ptr<Token> Letter::Clone(int line, int col) const
      |                   ^~~~~~
Token.cpp:636:19: note: ‘std::shared_ptr<TokenType::Token> TokenType::Clone(int, int)’ previously defined here
  636 | shared_ptr<Token> Identifier::Clone(int line, int col) const
      |                   ^~~~~~~~~~
Token.cpp: In function ‘std::shared_ptr<TokenType::Token> TokenType::Clone(int, int)’:
Token.cpp:666:24: error: ‘Letter’ was not declared in this scope
  666 |     return make_shared<Letter>(line, col, _value);
      |                        ^~~~~~
Token.cpp:666:43: error: ‘_value’ was not declared in this scope
  666 |     return make_shared<Letter>(line, col, _value);
      |                                           ^~~~~~
Token.cpp: At global scope:
Token.cpp:669:1: error: ‘Letter’ does not name a type
  669 | Letter::Letter(int line, int col, int charcode): Token(line, col), _charcode(charcode)
      | ^~~~~~
Token.cpp:670:3: error: expected ‘}’ at end of input
  670 | {}
      |   ^
In file included from Token.cpp:5:
Token.hpp:32:1: note: to match this ‘{’
   32 | {
      | ^
make: *** [Makefile:14: Token.o] Error 1
